Начало раунда 437
Игрок 191: Дон мафии
Игрок 552: Мирный житель
Игрок 611: Мирный житель
Игрок 643: Мирный житель
Игрок 709: Мирный житель
Игрок 738: Мирный житель
Игрок 817: Мирный житель
Игрок 999: Мирный житель
Мафия 191 выбрала игрока 643 для убийства.
Дон мафии 191 выбрал игрока 643 на основе голосов мафии.
Игрок 643 был убит мафией.
Игрок 191: Дон мафии
Игрок 552: Мирный житель
Игрок 611: Мирный житель
Игрок 709: Мирный житель
Игрок 738: Мирный житель
Игрок 817: Мирный житель
Игрок 999: Мирный житель
Мафия 191 выбрала игрока 191 на голосовании.
Мирный 552 выбрал игрока 709 на голосовании.
Мирный 611 выбрал игрока 552 на голосовании.
Мирный 738 выбрал игрока 191 на голосовании.
Мирный 709 выбрал игрока 817 на голосовании.
Мирный 817 выбрал игрока 552 на голосовании.
Мирный 999 выбрал игрока 552 на голосовании.
Игрок 552 был убит после голосования.
