Начало раунда 365
Игрок 30: Мафия
Игрок 56: Мафия
Игрок 58: Мафия
Игрок 80: Мафия
Игрок 81: Мафия
Игрок 83: Мафия
Игрок 95: Мафия
Игрок 96: Мафия
Игрок 99: Мафия
Игрок 112: Мафия
Игрок 116: Мафия
Игрок 117: Мафия
Игрок 122: Мафия
Игрок 123: Мафия
Игрок 130: Мафия
Игрок 137: Мафия
Игрок 142: Дон мафии
Игрок 150: Мафия
Игрок 153: Мафия
Игрок 163: Мафия
Игрок 164: Мафия
Игрок 170: Мафия
Игрок 172: Мафия
Игрок 174: Мафия
Игрок 180: Мафия
Игрок 182: Мафия
Игрок 186: Мафия
Игрок 187: Мафия
Игрок 191: Мафия
Игрок 194: Мафия
Игрок 198: Мафия
Игрок 200: Мафия
Игрок 232: Мирный житель
Игрок 233: Мирный житель
Игрок 249: Мирный житель
Игрок 252: Мирный житель
Игрок 257: Мирный житель
Игрок 264: Мирный житель
Игрок 266: Мирный житель
Игрок 278: Мирный житель
Игрок 283: Мирный житель
Игрок 287: Мирный житель
Игрок 300: Мирный житель
Игрок 311: Мирный житель
Игрок 314: Мирный житель
Игрок 324: Мирный житель
Игрок 327: Мирный житель
Игрок 328: Мирный житель
Игрок 329: Мирный житель
Игрок 336: Мирный житель
Игрок 343: Мирный житель
Игрок 358: Мирный житель
Игрок 361: Мирный житель
Игрок 377: Мирный житель
Игрок 385: Мирный житель
Игрок 400: Мирный житель
Игрок 403: Мирный житель
Игрок 413: Мирный житель
Игрок 415: Мирный житель
Игрок 436: Мирный житель
Игрок 446: Мирный житель
Игрок 461: Мирный житель
Игрок 466: Мирный житель
Игрок 469: Мирный житель
Игрок 474: Мирный житель
Игрок 488: Мирный житель
Игрок 500: Мирный житель
Игрок 503: Мирный житель
Игрок 504: Мирный житель
Игрок 505: Мирный житель
Игрок 526: Мирный житель
Игрок 529: Мирный житель
Игрок 547: Мирный житель
Игрок 549: Мирный житель
Игрок 552: Мирный житель
Игрок 557: Мирный житель
Игрок 563: Мирный житель
Игрок 564: Мирный житель
Игрок 567: Мирный житель
Игрок 571: Мирный житель
Игрок 576: Мирный житель
Игрок 601: Мирный житель
Игрок 611: Мирный житель
Игрок 619: Мирный житель
Игрок 629: Мирный житель
Игрок 633: Мирный житель
Игрок 637: Мирный житель
Игрок 638: Мирный житель
Игрок 643: Мирный житель
Игрок 645: Мирный житель
Игрок 654: Мирный житель
Игрок 659: Мирный житель
Игрок 662: Мирный житель
Игрок 663: Мирный житель
Игрок 665: Мирный житель
Игрок 675: Мирный житель
Игрок 680: Мирный житель
Игрок 684: Мирный житель
Игрок 685: Мирный житель
Игрок 709: Мирный житель
Игрок 711: Мирный житель
Игрок 718: Мирный житель
Игрок 738: Мирный житель
Игрок 744: Мирный житель
Игрок 754: Мирный житель
Игрок 759: Мирный житель
Игрок 770: Мирный житель
Игрок 771: Мирный житель
Игрок 789: Мирный житель
Игрок 794: Мирный житель
Игрок 798: Мирный житель
Игрок 808: Мирный житель
Игрок 816: Мирный житель
Игрок 817: Мирный житель
Игрок 835: Мирный житель
Игрок 839: Мирный житель
Игрок 846: Мирный житель
Игрок 847: Мирный житель
Игрок 848: Мирный житель
Игрок 854: Мирный житель
Игрок 857: Мирный житель
Игрок 859: Мирный житель
Игрок 864: Мирный житель
Игрок 871: Мирный житель
Игрок 875: Мирный житель
Игрок 880: Мирный житель
Игрок 883: Мирный житель
Игрок 889: Мирный житель
Игрок 908: Мирный житель
Игрок 916: Мирный житель
Игрок 924: Мирный житель
Игрок 928: Мирный житель
Игрок 929: Мирный житель
Игрок 933: Мирный житель
Игрок 939: Мирный житель
Игрок 943: Мирный житель
Игрок 946: Мирный житель
Игрок 948: Мирный житель
Игрок 957: Мирный житель
Игрок 966: Мирный житель
Игрок 967: Мирный житель
Игрок 972: Мирный житель
Игрок 975: Мирный житель
Игрок 976: Мирный житель
Игрок 977: Мирный житель
Игрок 978: Мирный житель
Игрок 982: Мирный житель
Игрок 988: Мирный житель
Игрок 990: Мирный житель
Игрок 991: Мирный житель
Игрок 998: Мирный житель
Игрок 999: Мирный житель
Мафия 30 выбрала игрока 552 для убийства.
Мафия 58 выбрала игрока 283 для убийства.
Мафия 80 выбрала игрока 835 для убийства.
Мафия 56 выбрала игрока 549 для убийства.
Мафия 83 выбрала игрока 358 для убийства.
Мафия 95 выбрала игрока 549 для убийства.
Мафия 81 выбрала игрока 474 для убийства.
Мафия 96 выбрала игрока 967 для убийства.
Мафия 112 выбрала игрока 413 для убийства.
Мафия 99 выбрала игрока 436 для убийства.
Мафия 116 выбрала игрока 415 для убийства.
Мафия 117 выбрала игрока 835 для убийства.
Мафия 122 выбрала игрока 982 для убийства.
Мафия 123 выбрала игрока 488 для убийства.
Мафия 137 выбрала игрока 928 для убийства.
Мафия 130 выбрала игрока 789 для убийства.
Мафия 142 выбрала игрока 967 для убийства.
Мафия 150 выбрала игрока 469 для убийства.
Мафия 153 выбрала игрока 358 для убийства.
Мафия 163 выбрала игрока 929 для убийства.
Мафия 170 выбрала игрока 358 для убийства.
Мафия 164 выбрала игрока 504 для убийства.
Мафия 172 выбрала игрока 943 для убийства.
Мафия 174 выбрала игрока 504 для убийства.
Мафия 180 выбрала игрока 929 для убийства.
Мафия 182 выбрала игрока 871 для убийства.
Мафия 186 выбрала игрока 659 для убийства.
Мафия 187 выбрала игрока 817 для убийства.
Мафия 191 выбрала игрока 659 для убийства.
Мафия 194 выбрала игрока 547 для убийства.
Мафия 200 выбрала игрока 287 для убийства.
Мафия 198 выбрала игрока 564 для убийства.
Дон мафии 142 выбрал игрока 358 на основе голосов мафии.
Игрок 358 был убит мафией.
Игрок 30: Мафия
Игрок 56: Мафия
Игрок 58: Мафия
Игрок 80: Мафия
Игрок 81: Мафия
Игрок 83: Мафия
Игрок 95: Мафия
Игрок 96: Мафия
Игрок 99: Мафия
Игрок 112: Мафия
Игрок 116: Мафия
Игрок 117: Мафия
Игрок 122: Мафия
Игрок 123: Мафия
Игрок 130: Мафия
Игрок 137: Мафия
Игрок 142: Дон мафии
Игрок 150: Мафия
Игрок 153: Мафия
Игрок 163: Мафия
Игрок 164: Мафия
Игрок 170: Мафия
Игрок 172: Мафия
Игрок 174: Мафия
Игрок 180: Мафия
Игрок 182: Мафия
Игрок 186: Мафия
Игрок 187: Мафия
Игрок 191: Мафия
Игрок 194: Мафия
Игрок 198: Мафия
Игрок 200: Мафия
Игрок 232: Мирный житель
Игрок 233: Мирный житель
Игрок 249: Мирный житель
Игрок 252: Мирный житель
Игрок 257: Мирный житель
Игрок 264: Мирный житель
Игрок 266: Мирный житель
Игрок 278: Мирный житель
Игрок 283: Мирный житель
Игрок 287: Мирный житель
Игрок 300: Мирный житель
Игрок 311: Мирный житель
Игрок 314: Мирный житель
Игрок 324: Мирный житель
Игрок 327: Мирный житель
Игрок 328: Мирный житель
Игрок 329: Мирный житель
Игрок 336: Мирный житель
Игрок 343: Мирный житель
Игрок 361: Мирный житель
Игрок 377: Мирный житель
Игрок 385: Мирный житель
Игрок 400: Мирный житель
Игрок 403: Мирный житель
Игрок 413: Мирный житель
Игрок 415: Мирный житель
Игрок 436: Мирный житель
Игрок 446: Мирный житель
Игрок 461: Мирный житель
Игрок 466: Мирный житель
Игрок 469: Мирный житель
Игрок 474: Мирный житель
Игрок 488: Мирный житель
Игрок 500: Мирный житель
Игрок 503: Мирный житель
Игрок 504: Мирный житель
Игрок 505: Мирный житель
Игрок 526: Мирный житель
Игрок 529: Мирный житель
Игрок 547: Мирный житель
Игрок 549: Мирный житель
Игрок 552: Мирный житель
Игрок 557: Мирный житель
Игрок 563: Мирный житель
Игрок 564: Мирный житель
Игрок 567: Мирный житель
Игрок 571: Мирный житель
Игрок 576: Мирный житель
Игрок 601: Мирный житель
Игрок 611: Мирный житель
Игрок 619: Мирный житель
Игрок 629: Мирный житель
Игрок 633: Мирный житель
Игрок 637: Мирный житель
Игрок 638: Мирный житель
Игрок 643: Мирный житель
Игрок 645: Мирный житель
Игрок 654: Мирный житель
Игрок 659: Мирный житель
Игрок 662: Мирный житель
Игрок 663: Мирный житель
Игрок 665: Мирный житель
Игрок 675: Мирный житель
Игрок 680: Мирный житель
Игрок 684: Мирный житель
Игрок 685: Мирный житель
Игрок 709: Мирный житель
Игрок 711: Мирный житель
Игрок 718: Мирный житель
Игрок 738: Мирный житель
Игрок 744: Мирный житель
Игрок 754: Мирный житель
Игрок 759: Мирный житель
Игрок 770: Мирный житель
Игрок 771: Мирный житель
Игрок 789: Мирный житель
Игрок 794: Мирный житель
Игрок 798: Мирный житель
Игрок 808: Мирный житель
Игрок 816: Мирный житель
Игрок 817: Мирный житель
Игрок 835: Мирный житель
Игрок 839: Мирный житель
Игрок 846: Мирный житель
Игрок 847: Мирный житель
Игрок 848: Мирный житель
Игрок 854: Мирный житель
Игрок 857: Мирный житель
Игрок 859: Мирный житель
Игрок 864: Мирный житель
Игрок 871: Мирный житель
Игрок 875: Мирный житель
Игрок 880: Мирный житель
Игрок 883: Мирный житель
Игрок 889: Мирный житель
Игрок 908: Мирный житель
Игрок 916: Мирный житель
Игрок 924: Мирный житель
Игрок 928: Мирный житель
Игрок 929: Мирный житель
Игрок 933: Мирный житель
Игрок 939: Мирный житель
Игрок 943: Мирный житель
Игрок 946: Мирный житель
Игрок 948: Мирный житель
Игрок 957: Мирный житель
Игрок 966: Мирный житель
Игрок 967: Мирный житель
Игрок 972: Мирный житель
Игрок 975: Мирный житель
Игрок 976: Мирный житель
Игрок 977: Мирный житель
Игрок 978: Мирный житель
Игрок 982: Мирный житель
Игрок 988: Мирный житель
Игрок 990: Мирный житель
Игрок 991: Мирный житель
Игрок 998: Мирный житель
Игрок 999: Мирный житель
Мафия 30 выбрала игрока 198 на голосовании.
Мафия 56 выбрала игрока 798 на голосовании.
Мафия 80 выбрала игрока 505 на голосовании.
Мафия 58 выбрала игрока 998 на голосовании.
Мафия 83 выбрала игрока 58 на голосовании.
Мафия 81 выбрала игрока 659 на голосовании.
Мафия 95 выбрала игрока 249 на голосовании.
Мафия 96 выбрала игрока 112 на голосовании.
Мафия 112 выбрала игрока 249 на голосовании.
Мафия 116 выбрала игрока 311 на голосовании.
Мафия 99 выбрала игрока 848 на голосовании.
Мафия 117 выбрала игрока 81 на голосовании.
Мафия 122 выбрала игрока 198 на голосовании.
Мафия 123 выбрала игрока 846 на голосовании.
Мафия 130 выбрала игрока 56 на голосовании.
Мафия 142 выбрала игрока 191 на голосовании.
Мафия 137 выбрала игрока 789 на голосовании.
Мафия 150 выбрала игрока 311 на голосовании.
Мафия 153 выбрала игрока 685 на голосовании.
Мафия 163 выбрала игрока 436 на голосовании.
Мафия 164 выбрала игрока 998 на голосовании.
Мафия 170 выбрала игрока 194 на голосовании.
Мафия 172 выбрала игрока 854 на голосовании.
Мафия 180 выбрала игрока 662 на голосовании.
Мафия 174 выбрала игрока 552 на голосовании.
Мафия 182 выбрала игрока 264 на голосовании.
Мафия 186 выбрала игрока 857 на голосовании.
Мафия 187 выбрала игрока 257 на голосовании.
Мафия 191 выбрала игрока 564 на голосовании.
Мафия 194 выбрала игрока 991 на голосовании.
Мафия 198 выбрала игрока 571 на голосовании.
Мафия 200 выбрала игрока 567 на голосовании.
Мирный 233 выбрал игрока 770 на голосовании.
Мирный 232 выбрал игрока 252 на голосовании.
Мирный 249 выбрал игрока 474 на голосовании.
Мирный 252 выбрал игрока 96 на голосовании.
Мирный 257 выбрал игрока 547 на голосовании.
Мирный 264 выбрал игрока 685 на голосовании.
Мирный 266 выбрал игрока 675 на голосовании.
Мирный 278 выбрал игрока 377 на голосовании.
Мирный 283 выбрал игрока 880 на голосовании.
Мирный 287 выбрал игрока 466 на голосовании.
Мирный 300 выбрал игрока 916 на голосовании.
Мирный 311 выбрал игрока 663 на голосовании.
Мирный 314 выбрал игрока 859 на голосовании.
Мирный 324 выбрал игрока 123 на голосовании.
Мирный 327 выбрал игрока 232 на голосовании.
Мирный 328 выбрал игрока 637 на голосовании.
Мирный 329 выбрал игрока 645 на голосовании.
Мирный 336 выбрал игрока 576 на голосовании.
Мирный 343 выбрал игрока 500 на голосовании.
Мирный 361 выбрал игрока 343 на голосовании.
Мирный 377 выбрал игрока 848 на голосовании.
Мирный 385 выбрал игрока 112 на голосовании.
Мирный 400 выбрал игрока 999 на голосовании.
Мирный 403 выбрал игрока 283 на голосовании.
Мирный 413 выбрал игрока 883 на голосовании.
Мирный 415 выбрал игрока 875 на голосовании.
Мирный 436 выбрал игрока 571 на голосовании.
Мирный 461 выбрал игрока 744 на голосовании.
Мирный 446 выбрал игрока 117 на голосовании.
Мирный 466 выбрал игрока 266 на голосовании.
Мирный 469 выбрал игрока 759 на голосовании.
Мирный 474 выбрал игрока 967 на голосовании.
Мирный 488 выбрал игрока 859 на голосовании.
Мирный 500 выбрал игрока 466 на голосовании.
Мирный 503 выбрал игрока 564 на голосовании.
Мирный 504 выбрал игрока 998 на голосовании.
Мирный 505 выбрал игрока 908 на голосовании.
Мирный 526 выбрал игрока 200 на голосовании.
Мирный 529 выбрал игрока 252 на голосовании.
Мирный 547 выбрал игрока 164 на голосовании.
Мирный 549 выбрал игрока 172 на голосовании.
Мирный 552 выбрал игрока 999 на голосовании.
Мирный 557 выбрал игрока 377 на голосовании.
Мирный 564 выбрал игрока 257 на голосовании.
Мирный 563 выбрал игрока 170 на голосовании.
Мирный 567 выбрал игрока 629 на голосовании.
Мирный 571 выбрал игрока 738 на голосовании.
Мирный 576 выбрал игрока 232 на голосовании.
Мирный 601 выбрал игрока 754 на голосовании.
Мирный 611 выбрал игрока 754 на голосовании.
Мирный 619 выбрал игрока 385 на голосовании.
Мирный 629 выбрал игрока 96 на голосовании.
Мирный 633 выбрал игрока 848 на голосовании.
Мирный 637 выбрал игрока 137 на голосовании.
Мирный 638 выбрал игрока 711 на голосовании.
Мирный 643 выбрал игрока 684 на голосовании.
Мирный 645 выбрал игрока 83 на голосовании.
Мирный 654 выбрал игрока 557 на голосовании.
Мирный 659 выбрал игрока 976 на голосовании.
Мирный 662 выбрал игрока 839 на голосовании.
Мирный 663 выбрал игрока 859 на голосовании.
Мирный 665 выбрал игрока 709 на голосовании.
Мирный 680 выбрал игрока 908 на голосовании.
Мирный 675 выбрал игрока 680 на голосовании.
Мирный 684 выбрал игрока 684 на голосовании.
Мирный 685 выбрал игрока 187 на голосовании.
Мирный 709 выбрал игрока 80 на голосовании.
Мирный 711 выбрал игрока 413 на голосовании.
Мирный 738 выбрал игрока 848 на голосовании.
Мирный 718 выбрал игрока 311 на голосовании.
Мирный 744 выбрал игрока 567 на голосовании.
Мирный 754 выбрал игрока 846 на голосовании.
Мирный 759 выбрал игрока 564 на голосовании.
Мирный 770 выбрал игрока 377 на голосовании.
Мирный 771 выбрал игрока 191 на голосовании.
Мирный 789 выбрал игрока 283 на голосовании.
Мирный 798 выбрал игрока 972 на голосовании.
Мирный 794 выбрал игрока 665 на голосовании.
Мирный 808 выбрал игрока 998 на голосовании.
Мирный 816 выбрал игрока 58 на голосовании.
Мирный 817 выбрал игрока 798 на голосовании.
Мирный 835 выбрал игрока 329 на голосовании.
Мирный 846 выбрал игрока 278 на голосовании.
Мирный 839 выбрал игрока 567 на голосовании.
Мирный 847 выбрал игрока 771 на голосовании.
Мирный 848 выбрал игрока 58 на голосовании.
Мирный 854 выбрал игрока 198 на голосовании.
Мирный 859 выбрал игрока 665 на голосовании.
Мирный 857 выбрал игрока 684 на голосовании.
Мирный 871 выбрал игрока 817 на голосовании.
Мирный 864 выбрал игрока 924 на голосовании.
Мирный 875 выбрал игрока 505 на голосовании.
Мирный 880 выбрал игрока 180 на голосовании.
Мирный 889 выбрал игрока 198 на голосовании.
Мирный 883 выбрал игрока 839 на голосовании.
Мирный 908 выбрал игрока 654 на голосовании.
Мирный 916 выбрал игрока 83 на голосовании.
Мирный 924 выбрал игрока 361 на голосовании.
Мирный 928 выбрал игрока 95 на голосовании.
Мирный 929 выбрал игрока 58 на голосовании.
Мирный 933 выбрал игрока 283 на голосовании.
Мирный 939 выбрал игрока 324 на голосовании.
Мирный 943 выбрал игрока 526 на голосовании.
Мирный 946 выбрал игрока 287 на голосовании.
Мирный 948 выбрал игрока 957 на голосовании.
Мирный 957 выбрал игрока 744 на голосовании.
Мирный 967 выбрал игрока 654 на голосовании.
Мирный 966 выбрал игрока 314 на голосовании.
Мирный 972 выбрал игрока 58 на голосовании.
Мирный 975 выбрал игрока 314 на голосовании.
Мирный 976 выбрал игрока 659 на голосовании.
Мирный 977 выбрал игрока 123 на голосовании.
Мирный 978 выбрал игрока 83 на голосовании.
Мирный 988 выбрал игрока 311 на голосовании.
Мирный 982 выбрал игрока 377 на голосовании.
Мирный 990 выбрал игрока 187 на голосовании.
Мирный 991 выбрал игрока 816 на голосовании.
Мирный 998 выбрал игрока 662 на голосовании.
Мирный 999 выбрал игрока 96 на голосовании.
Игрок 58 был убит после голосования.
