Начало раунда 417
Игрок 30: Мафия
Игрок 56: Мафия
Игрок 80: Дон мафии
Игрок 96: Мафия
Игрок 130: Мафия
Игрок 180: Мафия
Игрок 182: Мафия
Игрок 191: Мафия
Игрок 194: Мафия
Игрок 198: Мафия
Игрок 266: Мирный житель
Игрок 287: Мирный житель
Игрок 327: Мирный житель
Игрок 328: Мирный житель
Игрок 329: Мирный житель
Игрок 361: Мирный житель
Игрок 403: Мирный житель
Игрок 415: Мирный житель
Игрок 446: Мирный житель
Игрок 503: Мирный житель
Игрок 504: Мирный житель
Игрок 505: Мирный житель
Игрок 526: Мирный житель
Игрок 552: Мирный житель
Игрок 563: Мирный житель
Игрок 611: Мирный житель
Игрок 633: Мирный житель
Игрок 637: Мирный житель
Игрок 643: Мирный житель
Игрок 662: Мирный житель
Игрок 709: Мирный житель
Игрок 711: Мирный житель
Игрок 718: Мирный житель
Игрок 738: Мирный житель
Игрок 744: Мирный житель
Игрок 770: Мирный житель
Игрок 789: Мирный житель
Игрок 817: Мирный житель
Игрок 835: Мирный житель
Игрок 880: Мирный житель
Игрок 916: Мирный житель
Игрок 933: Мирный житель
Игрок 946: Мирный житель
Игрок 948: Мирный житель
Игрок 975: Мирный житель
Игрок 976: Мирный житель
Игрок 998: Мирный житель
Игрок 999: Мирный житель
Мафия 30 выбрала игрока 709 для убийства.
Мафия 56 выбрала игрока 505 для убийства.
Мафия 80 выбрала игрока 744 для убийства.
Мафия 96 выбрала игрока 744 для убийства.
Мафия 130 выбрала игрока 505 для убийства.
Мафия 180 выбрала игрока 637 для убийства.
Мафия 182 выбрала игрока 817 для убийства.
Мафия 191 выбрала игрока 637 для убийства.
Мафия 194 выбрала игрока 563 для убийства.
Мафия 198 выбрала игрока 835 для убийства.
Дон мафии 80 выбрал игрока 637 на основе голосов мафии.
Игрок 637 был убит мафией.
Игрок 30: Мафия
Игрок 56: Мафия
Игрок 80: Дон мафии
Игрок 96: Мафия
Игрок 130: Мафия
Игрок 180: Мафия
Игрок 182: Мафия
Игрок 191: Мафия
Игрок 194: Мафия
Игрок 198: Мафия
Игрок 266: Мирный житель
Игрок 287: Мирный житель
Игрок 327: Мирный житель
Игрок 328: Мирный житель
Игрок 329: Мирный житель
Игрок 361: Мирный житель
Игрок 403: Мирный житель
Игрок 415: Мирный житель
Игрок 446: Мирный житель
Игрок 503: Мирный житель
Игрок 504: Мирный житель
Игрок 505: Мирный житель
Игрок 526: Мирный житель
Игрок 552: Мирный житель
Игрок 563: Мирный житель
Игрок 611: Мирный житель
Игрок 633: Мирный житель
Игрок 643: Мирный житель
Игрок 662: Мирный житель
Игрок 709: Мирный житель
Игрок 711: Мирный житель
Игрок 718: Мирный житель
Игрок 738: Мирный житель
Игрок 744: Мирный житель
Игрок 770: Мирный житель
Игрок 789: Мирный житель
Игрок 817: Мирный житель
Игрок 835: Мирный житель
Игрок 880: Мирный житель
Игрок 916: Мирный житель
Игрок 933: Мирный житель
Игрок 946: Мирный житель
Игрок 948: Мирный житель
Игрок 975: Мирный житель
Игрок 976: Мирный житель
Игрок 998: Мирный житель
Игрок 999: Мирный житель
Мафия 30 выбрала игрока 191 на голосовании.
Мафия 56 выбрала игрока 789 на голосовании.
Мафия 80 выбрала игрока 504 на голосовании.
Мафия 96 выбрала игрока 56 на голосовании.
Мафия 130 выбрала игрока 415 на голосовании.
Мафия 182 выбрала игрока 361 на голосовании.
Мафия 180 выбрала игрока 327 на голосовании.
Мафия 191 выбрала игрока 718 на голосовании.
Мафия 194 выбрала игрока 503 на голосовании.
Мирный 266 выбрал игрока 56 на голосовании.
Мафия 198 выбрала игрока 96 на голосовании.
Мирный 287 выбрал игрока 744 на голосовании.
Мирный 327 выбрал игрока 328 на голосовании.
Мирный 328 выбрал игрока 999 на голосовании.
Мирный 329 выбрал игрока 998 на голосовании.
Мирный 403 выбрал игрока 933 на голосовании.
Мирный 361 выбрал игрока 789 на голосовании.
Мирный 415 выбрал игрока 266 на голосовании.
Мирный 446 выбрал игрока 361 на голосовании.
Мирный 503 выбрал игрока 552 на голосовании.
Мирный 504 выбрал игрока 327 на голосовании.
Мирный 505 выбрал игрока 56 на голосовании.
Мирный 526 выбрал игрока 526 на голосовании.
Мирный 552 выбрал игрока 633 на голосовании.
Мирный 563 выбрал игрока 880 на голосовании.
Мирный 611 выбрал игрока 446 на голосовании.
Мирный 633 выбрал игрока 998 на голосовании.
Мирный 643 выбрал игрока 80 на голосовании.
Мирный 662 выбрал игрока 817 на голосовании.
Мирный 709 выбрал игрока 975 на голосовании.
Мирный 711 выбрал игрока 505 на голосовании.
Мирный 718 выбрал игрока 504 на голосовании.
Мирный 738 выбрал игрока 998 на голосовании.
Мирный 744 выбрал игрока 446 на голосовании.
Мирный 770 выбрал игрока 633 на голосовании.
Мирный 789 выбрал игрока 80 на голосовании.
Мирный 817 выбрал игрока 744 на голосовании.
Мирный 835 выбрал игрока 999 на голосовании.
Мирный 916 выбрал игрока 880 на голосовании.
Мирный 880 выбрал игрока 505 на голосовании.
Мирный 933 выбрал игрока 180 на голосовании.
Мирный 948 выбрал игрока 946 на голосовании.
Мирный 946 выбрал игрока 916 на голосовании.
Мирный 975 выбрал игрока 266 на голосовании.
Мирный 976 выбрал игрока 96 на голосовании.
Мирный 998 выбрал игрока 738 на голосовании.
Мирный 999 выбрал игрока 526 на голосовании.
Игрок 56 был убит после голосования.
