Начало раунда 432
Игрок 191: Дон мафии
Игрок 266: Мирный житель
Игрок 327: Мирный житель
Игрок 415: Мирный житель
Игрок 505: Мирный житель
Игрок 552: Мирный житель
Игрок 611: Мирный житель
Игрок 633: Мирный житель
Игрок 643: Мирный житель
Игрок 709: Мирный житель
Игрок 738: Мирный житель
Игрок 744: Мирный житель
Игрок 789: Мирный житель
Игрок 817: Мирный житель
Игрок 880: Мирный житель
Игрок 946: Мирный житель
Игрок 948: Мирный житель
Игрок 999: Мирный житель
Мафия 191 выбрала игрока 633 для убийства.
Дон мафии 191 выбрал игрока 633 на основе голосов мафии.
Игрок 633 был убит мафией.
Игрок 191: Дон мафии
Игрок 266: Мирный житель
Игрок 327: Мирный житель
Игрок 415: Мирный житель
Игрок 505: Мирный житель
Игрок 552: Мирный житель
Игрок 611: Мирный житель
Игрок 643: Мирный житель
Игрок 709: Мирный житель
Игрок 738: Мирный житель
Игрок 744: Мирный житель
Игрок 789: Мирный житель
Игрок 817: Мирный житель
Игрок 880: Мирный житель
Игрок 946: Мирный житель
Игрок 948: Мирный житель
Игрок 999: Мирный житель
Мирный 266 выбрал игрока 643 на голосовании.
Мафия 191 выбрала игрока 191 на голосовании.
Мирный 327 выбрал игрока 643 на голосовании.
Мирный 415 выбрал игрока 266 на голосовании.
Мирный 552 выбрал игрока 948 на голосовании.
Мирный 505 выбрал игрока 880 на голосовании.
Мирный 611 выбрал игрока 946 на голосовании.
Мирный 643 выбрал игрока 789 на голосовании.
Мирный 709 выбрал игрока 415 на голосовании.
Мирный 738 выбрал игрока 415 на голосовании.
Мирный 789 выбрал игрока 789 на голосовании.
Мирный 744 выбрал игрока 744 на голосовании.
Мирный 817 выбрал игрока 817 на голосовании.
Мирный 880 выбрал игрока 552 на голосовании.
Мирный 946 выбрал игрока 880 на голосовании.
Мирный 948 выбрал игрока 709 на голосовании.
Мирный 999 выбрал игрока 552 на голосовании.
Игрок 415 был убит после голосования.
