Начало раунда 435
Игрок 191: Дон мафии
Игрок 266: Мирный житель
Игрок 327: Мирный житель
Игрок 505: Мирный житель
Игрок 552: Мирный житель
Игрок 611: Мирный житель
Игрок 643: Мирный житель
Игрок 709: Мирный житель
Игрок 738: Мирный житель
Игрок 817: Мирный житель
Игрок 946: Мирный житель
Игрок 999: Мирный житель
Мафия 191 выбрала игрока 327 для убийства.
Дон мафии 191 выбрал игрока 327 на основе голосов мафии.
Игрок 327 был убит мафией.
Игрок 191: Дон мафии
Игрок 266: Мирный житель
Игрок 505: Мирный житель
Игрок 552: Мирный житель
Игрок 611: Мирный житель
Игрок 643: Мирный житель
Игрок 709: Мирный житель
Игрок 738: Мирный житель
Игрок 817: Мирный житель
Игрок 946: Мирный житель
Игрок 999: Мирный житель
Мафия 191 выбрала игрока 191 на голосовании.
Мирный 266 выбрал игрока 738 на голосовании.
Мирный 505 выбрал игрока 738 на голосовании.
Мирный 552 выбрал игрока 999 на голосовании.
Мирный 643 выбрал игрока 505 на голосовании.
Мирный 611 выбрал игрока 709 на голосовании.
Мирный 709 выбрал игрока 643 на голосовании.
Мирный 738 выбрал игрока 266 на голосовании.
Мирный 817 выбрал игрока 611 на голосовании.
Мирный 946 выбрал игрока 552 на голосовании.
Мирный 999 выбрал игрока 505 на голосовании.
Игрок 505 был убит после голосования.
