Начало раунда 2
Мафия 1 выбрала игрока 24 для убийства.
Мафия 2 выбрала игрока 19 для убийства.
Мафия 3 выбрала игрока 15 для убийства.
Мафия 4 выбрала игрока 24 для убийства.
Мафия 5 выбрала игрока 7 для убийства.
Мафия 6 выбрала игрока 16 для убийства.
Маньяк 7 выбрала игрока 1 для убийства.
Комиссар проверил игрока 16, он не мафия.
Комиссар знает, что игрок 6 мафия.
Комиссар проверил игрока 20, он не мафия.
Игрок 24 был убит мафией.
Игрок 1 был убит маньяком.
Мафия 2 выбрала игрока 16 на голосовании.
Мафия 3 выбрала игрока 19 на голосовании.
Мафия 4 выбрала игрока 15 на голосовании.
Мафия 5 выбрала игрока 10 на голосовании.
Мафия 6 выбрала игрока 23 на голосовании.
Маньяк 7 выбрал игрока 28 на голосовании.
Комиссар 8 голосует за случайного игрока 28.
Комиссар 9 голосует за случайного игрока 5.
Комиссар 10 голосует за случайного игрока 19.
Мирный 11 выбрал игрока 20 на голосовании.
Мирный 12 выбрал игрока 14 на голосовании.
Мирный 13 выбрал игрока 6 на голосовании.
Мирный 14 выбрал игрока 13 на голосовании.
Мирный 15 выбрал игрока 30 на голосовании.
Мирный 16 выбрал игрока 11 на голосовании.
Мирный 17 выбрал игрока 27 на голосовании.
Мирный 18 выбрал игрока 28 на голосовании.
Мирный 19 выбрал игрока 30 на голосовании.
Мирный 20 выбрал игрока 17 на голосовании.
Мирный 22 выбрал игрока 19 на голосовании.
Мирный 23 выбрал игрока 3 на голосовании.
Мирный 26 выбрал игрока 8 на голосовании.
Мирный 27 выбрал игрока 28 на голосовании.
Мирный 28 выбрал игрока 8 на голосовании.
Мирный 30 выбрал игрока 27 на голосовании.
Игрок 19 был убит после голосования.
