Начало раунда 1
Игрок 1: Дон мафии
Игрок 2: Мафия
Игрок 3: Комиссар
Игрок 4: Маньяк
Игрок 5: Мирный житель
Игрок 6: Мирный житель
Игрок 7: Мирный житель
Игрок 8: Мирный житель
Игрок 9: Мирный житель
Игрок 10: Мирный житель
Мафия 1 выбрала игрока 5 для убийства.
Мафия 2 выбрала игрока 8 для убийства.
Комиссар проверил игрока 4, он не мафия.
Маньяк 4 выбрала игрока 2 для убийства.
Дон мафии 1 выбрал игрока 5 на основе голосов мафии.
Игрок 5 был убит мафией.
Игрок 2 был убит маньяком.
Игрок 1: Дон мафии
Игрок 3: Комиссар
Игрок 4: Маньяк
Игрок 6: Мирный житель
Игрок 7: Мирный житель
Игрок 8: Мирный житель
Игрок 9: Мирный житель
Игрок 10: Мирный житель
Мафия 1 выбрала игрока 10 на голосовании.
Комиссар 3 воздержался от голоса.
Маньяк 4 выбрал игрока 10 на голосовании.
Мирный 6 выбрал игрока 6 на голосовании.
Мирный 7 выбрал игрока 6 на голосовании.
Мирный 8 выбрал игрока 3 на голосовании.
Мирный 9 выбрал игрока 9 на голосовании.
Мирный 10 выбрал игрока 3 на голосовании.
Игрок 3 был убит после голосования.
