Начало раунда 302
Игрок 3: Мафия
Игрок 11: Мафия
Игрок 15: Мафия
Игрок 24: Мафия
Игрок 29: Мафия
Игрок 30: Мафия
Игрок 33: Мафия
Игрок 39: Мафия
Игрок 43: Мафия
Игрок 48: Мафия
Игрок 54: Мафия
Игрок 56: Мафия
Игрок 58: Мафия
Игрок 66: Мафия
Игрок 80: Мафия
Игрок 81: Мафия
Игрок 83: Мафия
Игрок 95: Мафия
Игрок 96: Мафия
Игрок 99: Мафия
Игрок 100: Мафия
Игрок 109: Мафия
Игрок 112: Мафия
Игрок 116: Мафия
Игрок 117: Мафия
Игрок 122: Мафия
Игрок 123: Мафия
Игрок 130: Мафия
Игрок 137: Мафия
Игрок 140: Мафия
Игрок 142: Дон мафии
Игрок 150: Мафия
Игрок 152: Мафия
Игрок 153: Мафия
Игрок 159: Мафия
Игрок 163: Мафия
Игрок 164: Мафия
Игрок 170: Мафия
Игрок 172: Мафия
Игрок 174: Мафия
Игрок 180: Мафия
Игрок 181: Мафия
Игрок 182: Мафия
Игрок 186: Мафия
Игрок 187: Мафия
Игрок 190: Мафия
Игрок 191: Мафия
Игрок 194: Мафия
Игрок 198: Мафия
Игрок 199: Мафия
Игрок 200: Мафия
Игрок 205: Мирный житель
Игрок 208: Мирный житель
Игрок 210: Мирный житель
Игрок 211: Мирный житель
Игрок 213: Мирный житель
Игрок 217: Мирный житель
Игрок 232: Мирный житель
Игрок 233: Мирный житель
Игрок 242: Мирный житель
Игрок 249: Мирный житель
Игрок 251: Мирный житель
Игрок 252: Мирный житель
Игрок 257: Мирный житель
Игрок 261: Мирный житель
Игрок 264: Мирный житель
Игрок 266: Мирный житель
Игрок 267: Мирный житель
Игрок 270: Мирный житель
Игрок 278: Мирный житель
Игрок 280: Мирный житель
Игрок 283: Мирный житель
Игрок 287: Мирный житель
Игрок 300: Мирный житель
Игрок 311: Мирный житель
Игрок 314: Мирный житель
Игрок 324: Мирный житель
Игрок 327: Мирный житель
Игрок 328: Мирный житель
Игрок 329: Мирный житель
Игрок 336: Мирный житель
Игрок 337: Мирный житель
Игрок 341: Мирный житель
Игрок 343: Мирный житель
Игрок 351: Мирный житель
Игрок 354: Мирный житель
Игрок 357: Мирный житель
Игрок 358: Мирный житель
Игрок 360: Мирный житель
Игрок 361: Мирный житель
Игрок 373: Мирный житель
Игрок 376: Мирный житель
Игрок 377: Мирный житель
Игрок 378: Мирный житель
Игрок 385: Мирный житель
Игрок 400: Мирный житель
Игрок 402: Мирный житель
Игрок 403: Мирный житель
Игрок 413: Мирный житель
Игрок 415: Мирный житель
Игрок 425: Мирный житель
Игрок 429: Мирный житель
Игрок 436: Мирный житель
Игрок 440: Мирный житель
Игрок 442: Мирный житель
Игрок 446: Мирный житель
Игрок 458: Мирный житель
Игрок 459: Мирный житель
Игрок 461: Мирный житель
Игрок 463: Мирный житель
Игрок 465: Мирный житель
Игрок 466: Мирный житель
Игрок 469: Мирный житель
Игрок 470: Мирный житель
Игрок 474: Мирный житель
Игрок 483: Мирный житель
Игрок 485: Мирный житель
Игрок 488: Мирный житель
Игрок 497: Мирный житель
Игрок 500: Мирный житель
Игрок 503: Мирный житель
Игрок 504: Мирный житель
Игрок 505: Мирный житель
Игрок 508: Мирный житель
Игрок 510: Мирный житель
Игрок 517: Мирный житель
Игрок 518: Мирный житель
Игрок 526: Мирный житель
Игрок 529: Мирный житель
Игрок 547: Мирный житель
Игрок 548: Мирный житель
Игрок 549: Мирный житель
Игрок 552: Мирный житель
Игрок 557: Мирный житель
Игрок 563: Мирный житель
Игрок 564: Мирный житель
Игрок 566: Мирный житель
Игрок 567: Мирный житель
Игрок 569: Мирный житель
Игрок 571: Мирный житель
Игрок 576: Мирный житель
Игрок 599: Мирный житель
Игрок 601: Мирный житель
Игрок 611: Мирный житель
Игрок 616: Мирный житель
Игрок 618: Мирный житель
Игрок 619: Мирный житель
Игрок 625: Мирный житель
Игрок 629: Мирный житель
Игрок 633: Мирный житель
Игрок 637: Мирный житель
Игрок 638: Мирный житель
Игрок 640: Мирный житель
Игрок 641: Мирный житель
Игрок 643: Мирный житель
Игрок 645: Мирный житель
Игрок 654: Мирный житель
Игрок 656: Мирный житель
Игрок 657: Мирный житель
Игрок 659: Мирный житель
Игрок 662: Мирный житель
Игрок 663: Мирный житель
Игрок 665: Мирный житель
Игрок 673: Мирный житель
Игрок 675: Мирный житель
Игрок 679: Мирный житель
Игрок 680: Мирный житель
Игрок 684: Мирный житель
Игрок 685: Мирный житель
Игрок 700: Мирный житель
Игрок 709: Мирный житель
Игрок 710: Мирный житель
Игрок 711: Мирный житель
Игрок 713: Мирный житель
Игрок 715: Мирный житель
Игрок 718: Мирный житель
Игрок 724: Мирный житель
Игрок 732: Мирный житель
Игрок 735: Мирный житель
Игрок 738: Мирный житель
Игрок 740: Мирный житель
Игрок 744: Мирный житель
Игрок 748: Мирный житель
Игрок 754: Мирный житель
Игрок 759: Мирный житель
Игрок 762: Мирный житель
Игрок 763: Мирный житель
Игрок 770: Мирный житель
Игрок 771: Мирный житель
Игрок 783: Мирный житель
Игрок 784: Мирный житель
Игрок 789: Мирный житель
Игрок 794: Мирный житель
Игрок 795: Мирный житель
Игрок 796: Мирный житель
Игрок 798: Мирный житель
Игрок 801: Мирный житель
Игрок 804: Мирный житель
Игрок 807: Мирный житель
Игрок 808: Мирный житель
Игрок 810: Мирный житель
Игрок 813: Мирный житель
Игрок 814: Мирный житель
Игрок 816: Мирный житель
Игрок 817: Мирный житель
Игрок 820: Мирный житель
Игрок 827: Мирный житель
Игрок 829: Мирный житель
Игрок 830: Мирный житель
Игрок 831: Мирный житель
Игрок 835: Мирный житель
Игрок 837: Мирный житель
Игрок 838: Мирный житель
Игрок 839: Мирный житель
Игрок 843: Мирный житель
Игрок 846: Мирный житель
Игрок 847: Мирный житель
Игрок 848: Мирный житель
Игрок 854: Мирный житель
Игрок 857: Мирный житель
Игрок 859: Мирный житель
Игрок 860: Мирный житель
Игрок 861: Мирный житель
Игрок 864: Мирный житель
Игрок 869: Мирный житель
Игрок 871: Мирный житель
Игрок 875: Мирный житель
Игрок 880: Мирный житель
Игрок 883: Мирный житель
Игрок 884: Мирный житель
Игрок 885: Мирный житель
Игрок 886: Мирный житель
Игрок 889: Мирный житель
Игрок 891: Мирный житель
Игрок 892: Мирный житель
Игрок 894: Мирный житель
Игрок 903: Мирный житель
Игрок 908: Мирный житель
Игрок 912: Мирный житель
Игрок 915: Мирный житель
Игрок 916: Мирный житель
Игрок 924: Мирный житель
Игрок 928: Мирный житель
Игрок 929: Мирный житель
Игрок 933: Мирный житель
Игрок 936: Мирный житель
Игрок 937: Мирный житель
Игрок 939: Мирный житель
Игрок 941: Мирный житель
Игрок 943: Мирный житель
Игрок 946: Мирный житель
Игрок 948: Мирный житель
Игрок 951: Мирный житель
Игрок 953: Мирный житель
Игрок 957: Мирный житель
Игрок 958: Мирный житель
Игрок 959: Мирный житель
Игрок 961: Мирный житель
Игрок 963: Мирный житель
Игрок 966: Мирный житель
Игрок 967: Мирный житель
Игрок 972: Мирный житель
Игрок 974: Мирный житель
Игрок 975: Мирный житель
Игрок 976: Мирный житель
Игрок 977: Мирный житель
Игрок 978: Мирный житель
Игрок 980: Мирный житель
Игрок 982: Мирный житель
Игрок 983: Мирный житель
Игрок 984: Мирный житель
Игрок 985: Мирный житель
Игрок 988: Мирный житель
Игрок 990: Мирный житель
Игрок 991: Мирный житель
Игрок 995: Мирный житель
Игрок 998: Мирный житель
Игрок 999: Мирный житель
Мафия 3 выбрала игрока 912 для убийства.
Мафия 11 выбрала игрока 999 для убийства.
Мафия 15 выбрала игрока 807 для убийства.
Мафия 29 выбрала игрока 311 для убийства.
Мафия 30 выбрала игрока 601 для убийства.
Мафия 24 выбрала игрока 270 для убийства.
Мафия 39 выбрала игрока 563 для убийства.
Мафия 43 выбрала игрока 485 для убийства.
Мафия 48 выбрала игрока 762 для убийства.
Мафия 33 выбрала игрока 820 для убийства.
Мафия 54 выбрала игрока 619 для убийства.
Мафия 58 выбрала игрока 485 для убийства.
Мафия 56 выбрала игрока 673 для убийства.
Мафия 66 выбрала игрока 413 для убийства.
Мафия 80 выбрала игрока 983 для убийства.
Мафия 81 выбрала игрока 718 для убийства.
Мафия 83 выбрала игрока 933 для убийства.
Мафия 95 выбрала игрока 985 для убийства.
Мафия 96 выбрала игрока 983 для убийства.
Мафия 99 выбрала игрока 645 для убийства.
Мафия 100 выбрала игрока 894 для убийства.
Мафия 109 выбрала игрока 569 для убийства.
Мафия 112 выбрала игрока 508 для убийства.
Мафия 116 выбрала игрока 951 для убийства.
Мафия 117 выбрала игрока 983 для убийства.
Мафия 122 выбрала игрока 300 для убийства.
Мафия 123 выбрала игрока 871 для убийства.
Мафия 130 выбрала игрока 838 для убийства.
Мафия 137 выбрала игрока 440 для убийства.
Мафия 142 выбрала игрока 967 для убийства.
Мафия 150 выбрала игрока 963 для убийства.
Мафия 140 выбрала игрока 252 для убийства.
Мафия 152 выбрала игрока 328 для убийства.
Мафия 153 выбрала игрока 518 для убийства.
Мафия 159 выбрала игрока 576 для убийства.
Мафия 163 выбрала игрока 376 для убийства.
Мафия 170 выбрала игрока 640 для убийства.
Мафия 172 выбрала игрока 835 для убийства.
Мафия 164 выбрала игрока 503 для убийства.
Мафия 174 выбрала игрока 892 для убийства.
Мафия 180 выбрала игрока 505 для убийства.
Мафия 181 выбрала игрока 300 для убийства.
Мафия 182 выбрала игрока 663 для убийства.
Мафия 187 выбрала игрока 748 для убийства.
Мафия 190 выбрала игрока 795 для убийства.
Мафия 191 выбрала игрока 875 для убийства.
Мафия 186 выбрала игрока 963 для убийства.
Мафия 194 выбрала игрока 508 для убийства.
Мафия 198 выбрала игрока 360 для убийства.
Мафия 199 выбрала игрока 711 для убийства.
Мафия 200 выбрала игрока 625 для убийства.
Дон мафии 142 выбрал игрока 983 на основе голосов мафии.
Игрок 983 был убит мафией.
Игрок 3: Мафия
Игрок 11: Мафия
Игрок 15: Мафия
Игрок 24: Мафия
Игрок 29: Мафия
Игрок 30: Мафия
Игрок 33: Мафия
Игрок 39: Мафия
Игрок 43: Мафия
Игрок 48: Мафия
Игрок 54: Мафия
Игрок 56: Мафия
Игрок 58: Мафия
Игрок 66: Мафия
Игрок 80: Мафия
Игрок 81: Мафия
Игрок 83: Мафия
Игрок 95: Мафия
Игрок 96: Мафия
Игрок 99: Мафия
Игрок 100: Мафия
Игрок 109: Мафия
Игрок 112: Мафия
Игрок 116: Мафия
Игрок 117: Мафия
Игрок 122: Мафия
Игрок 123: Мафия
Игрок 130: Мафия
Игрок 137: Мафия
Игрок 140: Мафия
Игрок 142: Дон мафии
Игрок 150: Мафия
Игрок 152: Мафия
Игрок 153: Мафия
Игрок 159: Мафия
Игрок 163: Мафия
Игрок 164: Мафия
Игрок 170: Мафия
Игрок 172: Мафия
Игрок 174: Мафия
Игрок 180: Мафия
Игрок 181: Мафия
Игрок 182: Мафия
Игрок 186: Мафия
Игрок 187: Мафия
Игрок 190: Мафия
Игрок 191: Мафия
Игрок 194: Мафия
Игрок 198: Мафия
Игрок 199: Мафия
Игрок 200: Мафия
Игрок 205: Мирный житель
Игрок 208: Мирный житель
Игрок 210: Мирный житель
Игрок 211: Мирный житель
Игрок 213: Мирный житель
Игрок 217: Мирный житель
Игрок 232: Мирный житель
Игрок 233: Мирный житель
Игрок 242: Мирный житель
Игрок 249: Мирный житель
Игрок 251: Мирный житель
Игрок 252: Мирный житель
Игрок 257: Мирный житель
Игрок 261: Мирный житель
Игрок 264: Мирный житель
Игрок 266: Мирный житель
Игрок 267: Мирный житель
Игрок 270: Мирный житель
Игрок 278: Мирный житель
Игрок 280: Мирный житель
Игрок 283: Мирный житель
Игрок 287: Мирный житель
Игрок 300: Мирный житель
Игрок 311: Мирный житель
Игрок 314: Мирный житель
Игрок 324: Мирный житель
Игрок 327: Мирный житель
Игрок 328: Мирный житель
Игрок 329: Мирный житель
Игрок 336: Мирный житель
Игрок 337: Мирный житель
Игрок 341: Мирный житель
Игрок 343: Мирный житель
Игрок 351: Мирный житель
Игрок 354: Мирный житель
Игрок 357: Мирный житель
Игрок 358: Мирный житель
Игрок 360: Мирный житель
Игрок 361: Мирный житель
Игрок 373: Мирный житель
Игрок 376: Мирный житель
Игрок 377: Мирный житель
Игрок 378: Мирный житель
Игрок 385: Мирный житель
Игрок 400: Мирный житель
Игрок 402: Мирный житель
Игрок 403: Мирный житель
Игрок 413: Мирный житель
Игрок 415: Мирный житель
Игрок 425: Мирный житель
Игрок 429: Мирный житель
Игрок 436: Мирный житель
Игрок 440: Мирный житель
Игрок 442: Мирный житель
Игрок 446: Мирный житель
Игрок 458: Мирный житель
Игрок 459: Мирный житель
Игрок 461: Мирный житель
Игрок 463: Мирный житель
Игрок 465: Мирный житель
Игрок 466: Мирный житель
Игрок 469: Мирный житель
Игрок 470: Мирный житель
Игрок 474: Мирный житель
Игрок 483: Мирный житель
Игрок 485: Мирный житель
Игрок 488: Мирный житель
Игрок 497: Мирный житель
Игрок 500: Мирный житель
Игрок 503: Мирный житель
Игрок 504: Мирный житель
Игрок 505: Мирный житель
Игрок 508: Мирный житель
Игрок 510: Мирный житель
Игрок 517: Мирный житель
Игрок 518: Мирный житель
Игрок 526: Мирный житель
Игрок 529: Мирный житель
Игрок 547: Мирный житель
Игрок 548: Мирный житель
Игрок 549: Мирный житель
Игрок 552: Мирный житель
Игрок 557: Мирный житель
Игрок 563: Мирный житель
Игрок 564: Мирный житель
Игрок 566: Мирный житель
Игрок 567: Мирный житель
Игрок 569: Мирный житель
Игрок 571: Мирный житель
Игрок 576: Мирный житель
Игрок 599: Мирный житель
Игрок 601: Мирный житель
Игрок 611: Мирный житель
Игрок 616: Мирный житель
Игрок 618: Мирный житель
Игрок 619: Мирный житель
Игрок 625: Мирный житель
Игрок 629: Мирный житель
Игрок 633: Мирный житель
Игрок 637: Мирный житель
Игрок 638: Мирный житель
Игрок 640: Мирный житель
Игрок 641: Мирный житель
Игрок 643: Мирный житель
Игрок 645: Мирный житель
Игрок 654: Мирный житель
Игрок 656: Мирный житель
Игрок 657: Мирный житель
Игрок 659: Мирный житель
Игрок 662: Мирный житель
Игрок 663: Мирный житель
Игрок 665: Мирный житель
Игрок 673: Мирный житель
Игрок 675: Мирный житель
Игрок 679: Мирный житель
Игрок 680: Мирный житель
Игрок 684: Мирный житель
Игрок 685: Мирный житель
Игрок 700: Мирный житель
Игрок 709: Мирный житель
Игрок 710: Мирный житель
Игрок 711: Мирный житель
Игрок 713: Мирный житель
Игрок 715: Мирный житель
Игрок 718: Мирный житель
Игрок 724: Мирный житель
Игрок 732: Мирный житель
Игрок 735: Мирный житель
Игрок 738: Мирный житель
Игрок 740: Мирный житель
Игрок 744: Мирный житель
Игрок 748: Мирный житель
Игрок 754: Мирный житель
Игрок 759: Мирный житель
Игрок 762: Мирный житель
Игрок 763: Мирный житель
Игрок 770: Мирный житель
Игрок 771: Мирный житель
Игрок 783: Мирный житель
Игрок 784: Мирный житель
Игрок 789: Мирный житель
Игрок 794: Мирный житель
Игрок 795: Мирный житель
Игрок 796: Мирный житель
Игрок 798: Мирный житель
Игрок 801: Мирный житель
Игрок 804: Мирный житель
Игрок 807: Мирный житель
Игрок 808: Мирный житель
Игрок 810: Мирный житель
Игрок 813: Мирный житель
Игрок 814: Мирный житель
Игрок 816: Мирный житель
Игрок 817: Мирный житель
Игрок 820: Мирный житель
Игрок 827: Мирный житель
Игрок 829: Мирный житель
Игрок 830: Мирный житель
Игрок 831: Мирный житель
Игрок 835: Мирный житель
Игрок 837: Мирный житель
Игрок 838: Мирный житель
Игрок 839: Мирный житель
Игрок 843: Мирный житель
Игрок 846: Мирный житель
Игрок 847: Мирный житель
Игрок 848: Мирный житель
Игрок 854: Мирный житель
Игрок 857: Мирный житель
Игрок 859: Мирный житель
Игрок 860: Мирный житель
Игрок 861: Мирный житель
Игрок 864: Мирный житель
Игрок 869: Мирный житель
Игрок 871: Мирный житель
Игрок 875: Мирный житель
Игрок 880: Мирный житель
Игрок 883: Мирный житель
Игрок 884: Мирный житель
Игрок 885: Мирный житель
Игрок 886: Мирный житель
Игрок 889: Мирный житель
Игрок 891: Мирный житель
Игрок 892: Мирный житель
Игрок 894: Мирный житель
Игрок 903: Мирный житель
Игрок 908: Мирный житель
Игрок 912: Мирный житель
Игрок 915: Мирный житель
Игрок 916: Мирный житель
Игрок 924: Мирный житель
Игрок 928: Мирный житель
Игрок 929: Мирный житель
Игрок 933: Мирный житель
Игрок 936: Мирный житель
Игрок 937: Мирный житель
Игрок 939: Мирный житель
Игрок 941: Мирный житель
Игрок 943: Мирный житель
Игрок 946: Мирный житель
Игрок 948: Мирный житель
Игрок 951: Мирный житель
Игрок 953: Мирный житель
Игрок 957: Мирный житель
Игрок 958: Мирный житель
Игрок 959: Мирный житель
Игрок 961: Мирный житель
Игрок 963: Мирный житель
Игрок 966: Мирный житель
Игрок 967: Мирный житель
Игрок 972: Мирный житель
Игрок 974: Мирный житель
Игрок 975: Мирный житель
Игрок 976: Мирный житель
Игрок 977: Мирный житель
Игрок 978: Мирный житель
Игрок 980: Мирный житель
Игрок 982: Мирный житель
Игрок 984: Мирный житель
Игрок 985: Мирный житель
Игрок 988: Мирный житель
Игрок 990: Мирный житель
Игрок 991: Мирный житель
Игрок 995: Мирный житель
Игрок 998: Мирный житель
Игрок 999: Мирный житель
Мафия 3 выбрала игрока 116 на голосовании.
Мафия 11 выбрала игрока 810 на голосовании.
Мафия 15 выбрала игрока 808 на голосовании.
Мафия 24 выбрала игрока 724 на голосовании.
Мафия 29 выбрала игрока 625 на голосовании.
Мафия 30 выбрала игрока 140 на голосовании.
Мафия 33 выбрала игрока 249 на голосовании.
Мафия 39 выбрала игрока 461 на голосовании.
Мафия 43 выбрала игрока 830 на голосовании.
Мафия 48 выбрала игрока 548 на голосовании.
Мафия 54 выбрала игрока 436 на голосовании.
Мафия 56 выбрала игрока 754 на голосовании.
Мафия 58 выбрала игрока 943 на голосовании.
Мафия 80 выбрала игрока 341 на голосовании.
Мафия 66 выбрала игрока 442 на голосовании.
Мафия 81 выбрала игрока 249 на голосовании.
Мафия 83 выбрала игрока 54 на голосовании.
Мафия 95 выбрала игрока 783 на голосовании.
Мафия 96 выбрала игрока 633 на голосовании.
Мафия 99 выбрала игрока 891 на голосовании.
Мафия 100 выбрала игрока 569 на голосовании.
Мафия 109 выбрала игрока 341 на голосовании.
Мафия 112 выбрала игрока 217 на голосовании.
Мафия 116 выбрала игрока 517 на голосовании.
Мафия 117 выбрала игрока 485 на голосовании.
Мафия 122 выбрала игрока 656 на голосовании.
Мафия 123 выбрала игрока 400 на голосовании.
Мафия 130 выбрала игрока 571 на голосовании.
Мафия 137 выбрала игрока 640 на голосовании.
Мафия 140 выбрала игрока 415 на голосовании.
Мафия 142 выбрала игрока 957 на голосовании.
Мафия 150 выбрала игрока 732 на голосовании.
Мафия 152 выбрала игрока 440 на голосовании.
Мафия 153 выбрала игрока 618 на голосовании.
Мафия 159 выбрала игрока 208 на голосовании.
Мафия 163 выбрала игрока 796 на голосовании.
Мафия 164 выбрала игрока 629 на голосовании.
Мафия 170 выбрала игрока 700 на голосовании.
Мафия 172 выбрала игрока 847 на голосовании.
Мафия 174 выбрала игрока 807 на голосовании.
Мафия 180 выбрала игрока 153 на голосовании.
Мафия 181 выбрала игрока 933 на голосовании.
Мафия 182 выбрала игрока 461 на голосовании.
Мафия 186 выбрала игрока 337 на голосовании.
Мафия 187 выбрала игрока 150 на голосовании.
Мафия 190 выбрала игрока 569 на голосовании.
Мафия 191 выбрала игрока 957 на голосовании.
Мафия 194 выбрала игрока 80 на голосовании.
Мафия 198 выбрала игрока 943 на голосовании.
Мафия 199 выбрала игрока 164 на голосовании.
Мафия 200 выбрала игрока 153 на голосовании.
Мирный 205 выбрал игрока 283 на голосовании.
Мирный 208 выбрал игрока 924 на голосовании.
Мирный 211 выбрал игрока 300 на голосовании.
Мирный 210 выбрал игрока 15 на голосовании.
Мирный 213 выбрал игрока 972 на голосовании.
Мирный 217 выбрал игрока 885 на голосовании.
Мирный 232 выбрал игрока 839 на голосовании.
Мирный 233 выбрал игрока 871 на голосовании.
Мирный 242 выбрал игрока 784 на голосовании.
Мирный 249 выбрал игрока 123 на голосовании.
Мирный 251 выбрал игрока 857 на голосовании.
Мирный 252 выбрал игрока 56 на голосовании.
Мирный 257 выбрал игрока 54 на голосовании.
Мирный 261 выбрал игрока 95 на голосовании.
Мирный 264 выбрал игрока 526 на голосовании.
Мирный 266 выбрал игрока 972 на голосовании.
Мирный 267 выбрал игрока 116 на голосовании.
Мирный 278 выбрал игрока 892 на голосовании.
Мирный 270 выбрал игрока 830 на голосовании.
Мирный 280 выбрал игрока 3 на голосовании.
Мирный 283 выбрал игрока 998 на голосовании.
Мирный 287 выбрал игрока 278 на голосовании.
Мирный 300 выбрал игрока 213 на голосовании.
Мирный 311 выбрал игрока 894 на голосовании.
Мирный 324 выбрал игрока 249 на голосовании.
Мирный 327 выбрал игрока 924 на голосовании.
Мирный 314 выбрал игрока 884 на голосовании.
Мирный 328 выбрал игрока 526 на голосовании.
Мирный 336 выбрал игрока 485 на голосовании.
Мирный 329 выбрал игрока 11 на голосовании.
Мирный 337 выбрал игрока 619 на голосовании.
Мирный 341 выбрал игрока 995 на голосовании.
Мирный 343 выбрал игрока 336 на голосовании.
Мирный 351 выбрал игрока 988 на голосовании.
Мирный 357 выбрал игрока 657 на голосовании.
Мирный 354 выбрал игрока 470 на голосовании.
Мирный 358 выбрал игрока 446 на голосовании.
Мирный 361 выбрал игрока 789 на голосовании.
Мирный 360 выбрал игрока 958 на голосовании.
Мирный 373 выбрал игрока 740 на голосовании.
Мирный 376 выбрал игрока 96 на голосовании.
Мирный 377 выбрал игрока 357 на голосовании.
Мирный 378 выбрал игрока 625 на голосовании.
Мирный 400 выбрал игрока 977 на голосовании.
Мирный 385 выбрал игрока 336 на голосовании.
Мирный 402 выбрал игрока 429 на голосовании.
Мирный 403 выбрал игрока 808 на голосовании.
Мирный 413 выбрал игрока 995 на голосовании.
Мирный 415 выбрал игрока 933 на голосовании.
Мирный 425 выбрал игрока 998 на голосовании.
Мирный 429 выбрал игрока 425 на голосовании.
Мирный 436 выбрал игрока 718 на голосовании.
Мирный 440 выбрал игрока 11 на голосовании.
Мирный 442 выбрал игрока 563 на голосовании.
Мирный 458 выбрал игрока 232 на голосовании.
Мирный 446 выбрал игрока 500 на голосовании.
Мирный 459 выбрал игрока 208 на голосовании.
Мирный 461 выбрал игрока 685 на голосовании.
Мирный 463 выбрал игрока 446 на голосовании.
Мирный 465 выбрал игрока 912 на голосовании.
Мирный 466 выбрал игрока 633 на голосовании.
Мирный 469 выбрал игрока 402 на голосовании.
Мирный 470 выбрал игрока 839 на голосовании.
Мирный 474 выбрал игрока 400 на голосовании.
Мирный 485 выбрал игрока 740 на голосовании.
Мирный 483 выбрал игрока 43 на голосовании.
Мирный 488 выбрал игрока 440 на голосовании.
Мирный 497 выбрал игрока 200 на голосовании.
Мирный 500 выбрал игрока 599 на голосовании.
Мирный 503 выбрал игрока 548 на голосовании.
Мирный 504 выбрал игрока 211 на голосовании.
Мирный 505 выбрал игрока 485 на голосовании.
Мирный 508 выбрал игрока 429 на голосовании.
Мирный 510 выбрал игрока 377 на голосовании.
Мирный 517 выбрал игрока 470 на голосовании.
Мирный 518 выбрал игрока 446 на голосовании.
Мирный 526 выбрал игрока 376 на голосовании.
Мирный 529 выбрал игрока 629 на голосовании.
Мирный 547 выбрал игрока 951 на голосовании.
Мирный 548 выбрал игрока 839 на голосовании.
Мирный 549 выбрал игрока 470 на голосовании.
Мирный 552 выбрал игрока 500 на голосовании.
Мирный 557 выбрал игрока 977 на голосовании.
Мирный 563 выбрал игрока 883 на голосовании.
Мирный 564 выбрал игрока 181 на голосовании.
Мирный 566 выбрал игрока 518 на голосовании.
Мирный 569 выбрал игрока 159 на голосовании.
Мирный 567 выбрал игрока 843 на голосовании.
Мирный 571 выбрал игрока 266 на голосовании.
Мирный 576 выбрал игрока 109 на голосовании.
Мирный 599 выбрал игрока 838 на голосовании.
Мирный 601 выбрал игрока 504 на голосовании.
Мирный 611 выбрал игрока 341 на голосовании.
Мирный 616 выбрал игрока 830 на голосовании.
Мирный 618 выбрал игрока 891 на голосовании.
Мирный 619 выбрал игрока 645 на голосовании.
Мирный 625 выбрал игрока 998 на голосовании.
Мирный 629 выбрал игрока 762 на голосовании.
Мирный 633 выбрал игрока 264 на голосовании.
Мирный 637 выбрал игрока 710 на голосовании.
Мирный 638 выбрал игрока 808 на голосовании.
Мирный 640 выбрал игрока 152 на голосовании.
Мирный 641 выбрал игрока 738 на голосовании.
Мирный 643 выбрал игрока 211 на голосовании.
Мирный 645 выбрал игрока 461 на голосовании.
Мирный 654 выбрал игрока 469 на голосовании.
Мирный 656 выбрал игрока 679 на голосовании.
Мирный 657 выбрал игрока 425 на голосовании.
Мирный 659 выбрал игрока 831 на голосовании.
Мирный 662 выбрал игрока 257 на голосовании.
Мирный 663 выбрал игрока 95 на голосовании.
Мирный 665 выбрал игрока 611 на голосовании.
Мирный 673 выбрал игрока 884 на голосовании.
Мирный 675 выбрал игрока 159 на голосовании.
Мирный 679 выбрал игрока 700 на голосовании.
Мирный 680 выбрал игрока 181 на голосовании.
Мирный 684 выбрал игрока 984 на голосовании.
Мирный 685 выбрал игрока 270 на голосовании.
Мирный 700 выбрал игрока 400 на голосовании.
Мирный 709 выбрал игрока 889 на голосовании.
Мирный 710 выбрал игрока 735 на голосовании.
Мирный 711 выбрал игрока 123 на голосовании.
Мирный 713 выбрал игрока 461 на голосовании.
Мирный 715 выбрал игрока 314 на голосовании.
Мирный 718 выбрал игрока 625 на голосовании.
Мирный 724 выбрал игрока 327 на голосовании.
Мирный 732 выбрал игрока 566 на голосовании.
Мирный 735 выбрал игрока 377 на голосовании.
Мирный 738 выбрал игрока 29 на голосовании.
Мирный 740 выбрал игрока 257 на голосовании.
Мирный 744 выбрал игрока 327 на голосовании.
Мирный 748 выбрал игрока 526 на голосовании.
Мирный 759 выбрал игрока 469 на голосовании.
Мирный 754 выбрал игрока 789 на голосовании.
Мирный 762 выбрал игрока 796 на голосовании.
Мирный 763 выбрал игрока 191 на голосовании.
Мирный 770 выбрал игрока 846 на голосовании.
Мирный 771 выбрал игрока 39 на голосовании.
Мирный 783 выбрал игрока 95 на голосовании.
Мирный 784 выбрал игрока 860 на голосовании.
Мирный 789 выбрал игрока 488 на голосовании.
Мирный 794 выбрал игрока 936 на голосовании.
Мирный 796 выбрал игрока 205 на голосовании.
Мирный 795 выбрал игрока 912 на голосовании.
Мирный 798 выбрал игрока 684 на голосовании.
Мирный 801 выбрал игрока 816 на голосовании.
Мирный 804 выбрал игрока 813 на голосовании.
Мирный 807 выбрал игрока 174 на голосовании.
Мирный 808 выбрал игрока 549 на голосовании.
Мирный 810 выбрал игрока 58 на голосовании.
Мирный 813 выбрал игрока 249 на голосовании.
Мирный 814 выбрал игрока 837 на голосовании.
Мирный 816 выбрал игрока 611 на голосовании.
Мирный 817 выбрал игрока 58 на голосовании.
Мирный 820 выбрал игрока 526 на голосовании.
Мирный 827 выбрал игрока 625 на голосовании.
Мирный 829 выбрал игрока 710 на голосовании.
Мирный 830 выбрал игрока 485 на голосовании.
Мирный 831 выбрал игрока 376 на голосовании.
Мирный 835 выбрал игрока 311 на голосовании.
Мирный 837 выбрал игрока 665 на голосовании.
Мирный 838 выбрал игрока 328 на голосовании.
Мирный 839 выбрал игрока 903 на голосовании.
Мирный 843 выбрал игрока 266 на голосовании.
Мирный 846 выбрал игрока 130 на голосовании.
Мирный 847 выбрал игрока 829 на голосовании.
Мирный 848 выбрал игрока 116 на голосовании.
Мирный 854 выбрал игрока 843 на голосовании.
Мирный 857 выбрал игрока 810 на голосовании.
Мирный 859 выбрал игрока 343 на голосовании.
Мирный 860 выбрал игрока 152 на голосовании.
Мирный 861 выбрал игрока 830 на голосовании.
Мирный 864 выбрал игрока 770 на голосовании.
Мирный 869 выбрал игрока 848 на голосовании.
Мирный 871 выбрал игрока 181 на голосовании.
Мирный 875 выбрал игрока 529 на голосовании.
Мирный 880 выбрал игрока 377 на голосовании.
Мирный 883 выбрал игрока 846 на голосовании.
Мирный 884 выбрал игрока 951 на голосовании.
Мирный 885 выбрал игрока 552 на голосовании.
Мирный 886 выбрал игрока 351 на голосовании.
Мирный 889 выбрал игрока 217 на голосовании.
Мирный 891 выбрал игрока 463 на голосовании.
Мирный 892 выбрал игрока 980 на голосовании.
Мирный 894 выбрал игрока 83 на голосовании.
Мирный 903 выбрал игрока 663 на голосовании.
Мирный 908 выбрал игрока 415 на голосовании.
Мирный 912 выбрал игрока 839 на голосовании.
Мирный 915 выбрал игрока 958 на голосовании.
Мирный 916 выбрал игрока 948 на голосовании.
Мирный 924 выбрал игрока 336 на голосовании.
Мирный 928 выбрал игрока 458 на голосовании.
Мирный 929 выбрал игрока 980 на голосовании.
Мирный 933 выбрал игрока 526 на голосовании.
Мирный 936 выбрал игрока 975 на голосовании.
Мирный 937 выбрал игрока 998 на голосовании.
Мирный 939 выбрал игрока 549 на голосовании.
Мирный 941 выбрал игрока 463 на голосовании.
Мирный 943 выбрал игрока 354 на голосовании.
Мирный 946 выбрал игрока 465 на голосовании.
Мирный 948 выбрал игрока 336 на голосовании.
Мирный 951 выбрал игрока 984 на голосовании.
Мирный 953 выбрал игрока 656 на голосовании.
Мирный 957 выбрал игрока 770 на голосовании.
Мирный 958 выбрал игрока 654 на голосовании.
Мирный 959 выбрал игрока 264 на голосовании.
Мирный 961 выбрал игрока 327 на голосовании.
Мирный 963 выбрал игрока 985 на голосовании.
Мирный 966 выбрал игрока 56 на голосовании.
Мирный 967 выбрал игрока 673 на голосовании.
Мирный 972 выбрал игрока 659 на голосовании.
Мирный 974 выбрал игрока 174 на голосовании.
Мирный 975 выбрал игрока 847 на голосовании.
Мирный 976 выбрал игрока 813 на голосовании.
Мирный 977 выбрал игрока 718 на голосовании.
Мирный 978 выбрал игрока 415 на голосовании.
Мирный 980 выбрал игрока 976 на голосовании.
Мирный 982 выбрал игрока 619 на голосовании.
Мирный 984 выбрал игрока 883 на голосовании.
Мирный 985 выбрал игрока 373 на голосовании.
Мирный 988 выбрал игрока 675 на голосовании.
Мирный 990 выбрал игрока 485 на голосовании.
Мирный 991 выбрал игрока 936 на голосовании.
Мирный 995 выбрал игрока 458 на голосовании.
Мирный 998 выбрал игрока 835 на голосовании.
Мирный 999 выбрал игрока 640 на голосовании.
Игрок 485 был убит после голосования.
