Начало раунда 5
Игрок 3: Мафия
Игрок 4: Комиссар
Игрок 11: Мирный житель
Игрок 14: Мирный житель
Игрок 15: Мирный житель
Игрок 3 назначен новым Доном мафии.
Мафия 3 выбрала игрока 11 для убийства.
Комиссар проверил игрока 3 и обнаружил, что он мафия.
Дон мафии 3 выбрал игрока 11 на основе голосов мафии.
Бот 11 был убит мафией.
Игрок 3: Дон мафии
Игрок 4: Комиссар
Игрок 14: Мирный житель
Игрок 15: Мирный житель
Комиссар 4 голосует за игрока 3 (обнаруженный мафия).
Мафия 3 выбрала игрока 4 на голосовании.
Мирный 14 выбрал игрока 3 на голосовании.
Мирный 15 выбрал игрока 3 на голосовании.
Бот 3 был убит после дневного голосования.
