Начало раунда 6
Мафия 2 выбрала игрока 8 для убийства.
Мафия 3 выбрала игрока 18 для убийства.
Мафия 4 выбрала игрока 18 для убийства.
Мафия 6 выбрала игрока 30 для убийства.
Комиссар проверил игрока 26, он не мафия.
Комиссар проверил игрока 2 и обнаружил, что он мафия.
Игрок 18 был убит мафией.
Мафия 2 выбрала игрока 20 на голосовании.
Мафия 3 выбрала игрока 8 на голосовании.
Мафия 4 выбрала игрока 3 на голосовании.
Мафия 6 выбрала игрока 20 на голосовании.
Комиссар 8 голосует за случайного игрока 30.
Комиссар 10 голосует за игрока 2 (обнаруженный мафия).
Мирный 14 выбрал игрока 27 на голосовании.
Мирный 16 выбрал игрока 8 на голосовании.
Мирный 17 выбрал игрока 27 на голосовании.
Мирный 20 выбрал игрока 30 на голосовании.
Мирный 23 выбрал игрока 6 на голосовании.
Мирный 26 выбрал игрока 27 на голосовании.
Мирный 27 выбрал игрока 8 на голосовании.
Мирный 30 выбрал игрока 23 на голосовании.
Игрок 20 был убит после голосования.
