Начало раунда 387
Игрок 30: Мафия
Игрок 56: Мафия
Игрок 80: Мафия
Игрок 81: Мафия
Игрок 83: Мафия
Игрок 95: Мафия
Игрок 96: Мафия
Игрок 117: Мафия
Игрок 122: Мафия
Игрок 123: Мафия
Игрок 130: Мафия
Игрок 137: Мафия
Игрок 142: Дон мафии
Игрок 150: Мафия
Игрок 153: Мафия
Игрок 163: Мафия
Игрок 164: Мафия
Игрок 170: Мафия
Игрок 174: Мафия
Игрок 180: Мафия
Игрок 182: Мафия
Игрок 187: Мафия
Игрок 191: Мафия
Игрок 194: Мафия
Игрок 198: Мафия
Игрок 200: Мафия
Игрок 232: Мирный житель
Игрок 249: Мирный житель
Игрок 252: Мирный житель
Игрок 257: Мирный житель
Игрок 266: Мирный житель
Игрок 278: Мирный житель
Игрок 287: Мирный житель
Игрок 300: Мирный житель
Игрок 311: Мирный житель
Игрок 314: Мирный житель
Игрок 324: Мирный житель
Игрок 327: Мирный житель
Игрок 328: Мирный житель
Игрок 329: Мирный житель
Игрок 343: Мирный житель
Игрок 361: Мирный житель
Игрок 385: Мирный житель
Игрок 400: Мирный житель
Игрок 403: Мирный житель
Игрок 415: Мирный житель
Игрок 446: Мирный житель
Игрок 466: Мирный житель
Игрок 474: Мирный житель
Игрок 488: Мирный житель
Игрок 503: Мирный житель
Игрок 504: Мирный житель
Игрок 505: Мирный житель
Игрок 526: Мирный житель
Игрок 529: Мирный житель
Игрок 552: Мирный житель
Игрок 557: Мирный житель
Игрок 563: Мирный житель
Игрок 564: Мирный житель
Игрок 567: Мирный житель
Игрок 571: Мирный житель
Игрок 611: Мирный житель
Игрок 633: Мирный житель
Игрок 637: Мирный житель
Игрок 638: Мирный житель
Игрок 643: Мирный житель
Игрок 662: Мирный житель
Игрок 665: Мирный житель
Игрок 680: Мирный житель
Игрок 684: Мирный житель
Игрок 709: Мирный житель
Игрок 711: Мирный житель
Игрок 718: Мирный житель
Игрок 738: Мирный житель
Игрок 744: Мирный житель
Игрок 754: Мирный житель
Игрок 770: Мирный житель
Игрок 771: Мирный житель
Игрок 789: Мирный житель
Игрок 794: Мирный житель
Игрок 816: Мирный житель
Игрок 817: Мирный житель
Игрок 835: Мирный житель
Игрок 846: Мирный житель
Игрок 847: Мирный житель
Игрок 857: Мирный житель
Игрок 871: Мирный житель
Игрок 875: Мирный житель
Игрок 880: Мирный житель
Игрок 883: Мирный житель
Игрок 916: Мирный житель
Игрок 928: Мирный житель
Игрок 929: Мирный житель
Игрок 933: Мирный житель
Игрок 943: Мирный житель
Игрок 946: Мирный житель
Игрок 948: Мирный житель
Игрок 966: Мирный житель
Игрок 967: Мирный житель
Игрок 972: Мирный житель
Игрок 975: Мирный житель
Игрок 976: Мирный житель
Игрок 977: Мирный житель
Игрок 988: Мирный житель
Игрок 990: Мирный житель
Игрок 991: Мирный житель
Игрок 998: Мирный житель
Игрок 999: Мирный житель
Мафия 56 выбрала игрока 633 для убийства.
Мафия 80 выбрала игрока 684 для убийства.
Мафия 30 выбрала игрока 564 для убийства.
Мафия 81 выбрала игрока 999 для убийства.
Мафия 83 выбрала игрока 278 для убийства.
Мафия 95 выбрала игрока 789 для убийства.
Мафия 96 выбрала игрока 835 для убийства.
Мафия 117 выбрала игрока 324 для убийства.
Мафия 122 выбрала игрока 403 для убийства.
Мафия 123 выбрала игрока 988 для убийства.
Мафия 130 выбрала игрока 770 для убийства.
Мафия 142 выбрала игрока 754 для убийства.
Мафия 137 выбрала игрока 557 для убийства.
Мафия 150 выбрала игрока 943 для убийства.
Мафия 153 выбрала игрока 771 для убийства.
Мафия 163 выбрала игрока 329 для убийства.
Мафия 164 выбрала игрока 638 для убийства.
Мафия 170 выбрала игрока 314 для убийства.
Мафия 180 выбрала игрока 871 для убийства.
Мафия 182 выбрала игрока 794 для убийства.
Мафия 174 выбрала игрока 943 для убийства.
Мафия 187 выбрала игрока 883 для убийства.
Мафия 191 выбрала игрока 611 для убийства.
Мафия 194 выбрала игрока 327 для убийства.
Мафия 198 выбрала игрока 249 для убийства.
Мафия 200 выбрала игрока 505 для убийства.
Дон мафии 142 выбрал игрока 943 на основе голосов мафии.
Игрок 943 был убит мафией.
Игрок 30: Мафия
Игрок 56: Мафия
Игрок 80: Мафия
Игрок 81: Мафия
Игрок 83: Мафия
Игрок 95: Мафия
Игрок 96: Мафия
Игрок 117: Мафия
Игрок 122: Мафия
Игрок 123: Мафия
Игрок 130: Мафия
Игрок 137: Мафия
Игрок 142: Дон мафии
Игрок 150: Мафия
Игрок 153: Мафия
Игрок 163: Мафия
Игрок 164: Мафия
Игрок 170: Мафия
Игрок 174: Мафия
Игрок 180: Мафия
Игрок 182: Мафия
Игрок 187: Мафия
Игрок 191: Мафия
Игрок 194: Мафия
Игрок 198: Мафия
Игрок 200: Мафия
Игрок 232: Мирный житель
Игрок 249: Мирный житель
Игрок 252: Мирный житель
Игрок 257: Мирный житель
Игрок 266: Мирный житель
Игрок 278: Мирный житель
Игрок 287: Мирный житель
Игрок 300: Мирный житель
Игрок 311: Мирный житель
Игрок 314: Мирный житель
Игрок 324: Мирный житель
Игрок 327: Мирный житель
Игрок 328: Мирный житель
Игрок 329: Мирный житель
Игрок 343: Мирный житель
Игрок 361: Мирный житель
Игрок 385: Мирный житель
Игрок 400: Мирный житель
Игрок 403: Мирный житель
Игрок 415: Мирный житель
Игрок 446: Мирный житель
Игрок 466: Мирный житель
Игрок 474: Мирный житель
Игрок 488: Мирный житель
Игрок 503: Мирный житель
Игрок 504: Мирный житель
Игрок 505: Мирный житель
Игрок 526: Мирный житель
Игрок 529: Мирный житель
Игрок 552: Мирный житель
Игрок 557: Мирный житель
Игрок 563: Мирный житель
Игрок 564: Мирный житель
Игрок 567: Мирный житель
Игрок 571: Мирный житель
Игрок 611: Мирный житель
Игрок 633: Мирный житель
Игрок 637: Мирный житель
Игрок 638: Мирный житель
Игрок 643: Мирный житель
Игрок 662: Мирный житель
Игрок 665: Мирный житель
Игрок 680: Мирный житель
Игрок 684: Мирный житель
Игрок 709: Мирный житель
Игрок 711: Мирный житель
Игрок 718: Мирный житель
Игрок 738: Мирный житель
Игрок 744: Мирный житель
Игрок 754: Мирный житель
Игрок 770: Мирный житель
Игрок 771: Мирный житель
Игрок 789: Мирный житель
Игрок 794: Мирный житель
Игрок 816: Мирный житель
Игрок 817: Мирный житель
Игрок 835: Мирный житель
Игрок 846: Мирный житель
Игрок 847: Мирный житель
Игрок 857: Мирный житель
Игрок 871: Мирный житель
Игрок 875: Мирный житель
Игрок 880: Мирный житель
Игрок 883: Мирный житель
Игрок 916: Мирный житель
Игрок 928: Мирный житель
Игрок 929: Мирный житель
Игрок 933: Мирный житель
Игрок 946: Мирный житель
Игрок 948: Мирный житель
Игрок 966: Мирный житель
Игрок 967: Мирный житель
Игрок 972: Мирный житель
Игрок 975: Мирный житель
Игрок 976: Мирный житель
Игрок 977: Мирный житель
Игрок 988: Мирный житель
Игрок 990: Мирный житель
Игрок 991: Мирный житель
Игрок 998: Мирный житель
Игрок 999: Мирный житель
Мафия 30 выбрала игрока 875 на голосовании.
Мафия 80 выбрала игрока 975 на голосовании.
Мафия 56 выбрала игрока 400 на голосовании.
Мафия 81 выбрала игрока 770 на голосовании.
Мафия 83 выбрала игрока 611 на голосовании.
Мафия 95 выбрала игрока 81 на голосовании.
Мафия 96 выбрала игрока 977 на голосовании.
Мафия 117 выбрала игрока 946 на голосовании.
Мафия 122 выбрала игрока 466 на голосовании.
Мафия 130 выбрала игрока 948 на голосовании.
Мафия 123 выбрала игрока 130 на голосовании.
Мафия 137 выбрала игрока 966 на голосовании.
Мафия 142 выбрала игрока 718 на голосовании.
Мафия 150 выбрала игрока 170 на голосовании.
Мафия 153 выбрала игрока 718 на голосовании.
Мафия 163 выбрала игрока 637 на голосовании.
Мафия 164 выбрала игрока 328 на голосовании.
Мафия 174 выбрала игрока 875 на голосовании.
Мафия 170 выбрала игрока 504 на голосовании.
Мафия 180 выбрала игрока 633 на голосовании.
Мафия 182 выбрала игрока 817 на голосовании.
Мафия 187 выбрала игрока 30 на голосовании.
Мафия 191 выбрала игрока 123 на голосовании.
Мафия 194 выбрала игрока 846 на голосовании.
Мафия 198 выбрала игрока 81 на голосовании.
Мафия 200 выбрала игрока 249 на голосовании.
Мирный 249 выбрал игрока 557 на голосовании.
Мирный 232 выбрал игрока 324 на голосовании.
Мирный 252 выбрал игрока 300 на голосовании.
Мирный 257 выбрал игрока 324 на голосовании.
Мирный 266 выбрал игрока 314 на голосовании.
Мирный 278 выбрал игрока 314 на голосовании.
Мирный 287 выбрал игрока 164 на голосовании.
Мирный 300 выбрал игрока 200 на голосовании.
Мирный 311 выбрал игрока 329 на голосовании.
Мирный 314 выбрал игрока 385 на голосовании.
Мирный 324 выбрал игрока 846 на голосовании.
Мирный 327 выбрал игрока 117 на голосовании.
Мирный 328 выбрал игрока 998 на голосовании.
Мирный 329 выбрал игрока 835 на голосовании.
Мирный 343 выбрал игрока 488 на голосовании.
Мирный 385 выбрал игрока 999 на голосовании.
Мирный 361 выбрал игрока 684 на голосовании.
Мирный 400 выбрал игрока 329 на голосовании.
Мирный 403 выбрал игрока 998 на голосовании.
Мирный 415 выбрал игрока 488 на голосовании.
Мирный 466 выбрал игрока 754 на голосовании.
Мирный 446 выбрал игрока 563 на голосовании.
Мирный 474 выбрал игрока 252 на голосовании.
Мирный 488 выбрал игрока 257 на голосовании.
Мирный 503 выбрал игрока 571 на голосовании.
Мирный 504 выбрал игрока 817 на голосовании.
Мирный 505 выбрал игрока 488 на голосовании.
Мирный 529 выбрал игрока 835 на голосовании.
Мирный 526 выбрал игрока 552 на голосовании.
Мирный 552 выбрал игрока 400 на голосовании.
Мирный 557 выбрал игрока 343 на голосовании.
Мирный 563 выбрал игрока 249 на голосовании.
Мирный 564 выбрал игрока 988 на голосовании.
Мирный 567 выбрал игрока 718 на голосовании.
Мирный 571 выбрал игрока 80 на голосовании.
Мирный 611 выбрал игрока 194 на голосовании.
Мирный 633 выбрал игрока 662 на голосовании.
Мирный 637 выбрал игрока 117 на голосовании.
Мирный 638 выбрал игрока 966 на голосовании.
Мирный 643 выбрал игрока 266 на голосовании.
Мирный 662 выбрал игрока 257 на голосовании.
Мирный 665 выбрал игрока 187 на голосовании.
Мирный 680 выбрал игрока 933 на голосовании.
Мирный 684 выбрал игрока 117 на голосовании.
Мирный 709 выбрал игрока 990 на голосовании.
Мирный 711 выбрал игрока 611 на голосовании.
Мирный 718 выбрал игрока 754 на голосовании.
Мирный 738 выбрал игрока 95 на голосовании.
Мирный 744 выбрал игрока 163 на голосовании.
Мирный 754 выбрал игрока 257 на голосовании.
Мирный 770 выбрал игрока 311 на голосовании.
Мирный 771 выбрал игрока 130 на голосовании.
Мирный 789 выбрал игрока 789 на голосовании.
Мирный 794 выбрал игрока 552 на голосовании.
Мирный 816 выбрал игрока 163 на голосовании.
Мирный 817 выбрал игрока 83 на голосовании.
Мирный 846 выбрал игрока 999 на голосовании.
Мирный 835 выбрал игрока 314 на голосовании.
Мирный 847 выбрал игрока 327 на голосовании.
Мирный 857 выбрал игрока 163 на голосовании.
Мирный 871 выбрал игрока 505 на голосовании.
Мирный 875 выбрал игрока 754 на голосовании.
Мирный 880 выбрал игрока 529 на голосовании.
Мирный 883 выбрал игрока 991 на голосовании.
Мирный 916 выбрал игрока 505 на голосовании.
Мирный 928 выбрал игрока 287 на голосовании.
Мирный 929 выбрал игрока 83 на голосовании.
Мирный 933 выбрал игрока 880 на голосовании.
Мирный 948 выбрал игрока 474 на голосовании.
Мирный 946 выбрал игрока 504 на голосовании.
Мирный 966 выбрал игрока 564 на голосовании.
Мирный 967 выбрал игрока 314 на голосовании.
Мирный 972 выбрал игрока 122 на голосовании.
Мирный 975 выбрал игрока 816 на голосовании.
Мирный 977 выбрал игрока 403 на голосовании.
Мирный 988 выбрал игрока 324 на голосовании.
Мирный 976 выбрал игрока 929 на голосовании.
Мирный 990 выбрал игрока 846 на голосовании.
Мирный 991 выбрал игрока 744 на голосовании.
Мирный 998 выбрал игрока 300 на голосовании.
Мирный 999 выбрал игрока 738 на голосовании.
Игрок 314 был убит после голосования.
