Начало раунда 425
Игрок 130: Мафия
Игрок 191: Дон мафии
Игрок 194: Мафия
Игрок 266: Мирный житель
Игрок 327: Мирный житель
Игрок 329: Мирный житель
Игрок 361: Мирный житель
Игрок 415: Мирный житель
Игрок 503: Мирный житель
Игрок 504: Мирный житель
Игрок 505: Мирный житель
Игрок 526: Мирный житель
Игрок 552: Мирный житель
Игрок 563: Мирный житель
Игрок 611: Мирный житель
Игрок 633: Мирный житель
Игрок 643: Мирный житель
Игрок 662: Мирный житель
Игрок 709: Мирный житель
Игрок 711: Мирный житель
Игрок 718: Мирный житель
Игрок 738: Мирный житель
Игрок 744: Мирный житель
Игрок 770: Мирный житель
Игрок 789: Мирный житель
Игрок 817: Мирный житель
Игрок 835: Мирный житель
Игрок 880: Мирный житель
Игрок 916: Мирный житель
Игрок 946: Мирный житель
Игрок 948: Мирный житель
Игрок 999: Мирный житель
Мафия 194 выбрала игрока 770 для убийства.
Мафия 191 выбрала игрока 415 для убийства.
Мафия 130 выбрала игрока 552 для убийства.
Дон мафии 191 выбрал игрока 770 на основе голосов мафии.
Игрок 770 был убит мафией.
Игрок 130: Мафия
Игрок 191: Дон мафии
Игрок 194: Мафия
Игрок 266: Мирный житель
Игрок 327: Мирный житель
Игрок 329: Мирный житель
Игрок 361: Мирный житель
Игрок 415: Мирный житель
Игрок 503: Мирный житель
Игрок 504: Мирный житель
Игрок 505: Мирный житель
Игрок 526: Мирный житель
Игрок 552: Мирный житель
Игрок 563: Мирный житель
Игрок 611: Мирный житель
Игрок 633: Мирный житель
Игрок 643: Мирный житель
Игрок 662: Мирный житель
Игрок 709: Мирный житель
Игрок 711: Мирный житель
Игрок 718: Мирный житель
Игрок 738: Мирный житель
Игрок 744: Мирный житель
Игрок 789: Мирный житель
Игрок 817: Мирный житель
Игрок 835: Мирный житель
Игрок 880: Мирный житель
Игрок 916: Мирный житель
Игрок 946: Мирный житель
Игрок 948: Мирный житель
Игрок 999: Мирный житель
Мафия 130 выбрала игрока 916 на голосовании.
Мафия 194 выбрала игрока 194 на голосовании.
Мафия 191 выбрала игрока 738 на голосовании.
Мирный 266 выбрал игрока 718 на голосовании.
Мирный 327 выбрал игрока 194 на голосовании.
Мирный 329 выбрал игрока 191 на голосовании.
Мирный 361 выбрал игрока 999 на голосовании.
Мирный 415 выбрал игрока 711 на голосовании.
Мирный 503 выбрал игрока 504 на голосовании.
Мирный 504 выбрал игрока 880 на голосовании.
Мирный 505 выбрал игрока 835 на голосовании.
Мирный 526 выбрал игрока 662 на голосовании.
Мирный 552 выбрал игрока 194 на голосовании.
Мирный 563 выбрал игрока 503 на голосовании.
Мирный 611 выбрал игрока 999 на голосовании.
Мирный 633 выбрал игрока 744 на голосовании.
Мирный 643 выбрал игрока 711 на голосовании.
Мирный 662 выбрал игрока 718 на голосовании.
Мирный 709 выбрал игрока 948 на голосовании.
Мирный 711 выбрал игрока 711 на голосовании.
Мирный 718 выбрал игрока 916 на голосовании.
Мирный 738 выбрал игрока 835 на голосовании.
Мирный 744 выбрал игрока 329 на голосовании.
Мирный 789 выбрал игрока 327 на голосовании.
Мирный 817 выбрал игрока 718 на голосовании.
Мирный 835 выбрал игрока 880 на голосовании.
Мирный 916 выбрал игрока 130 на голосовании.
Мирный 880 выбрал игрока 194 на голосовании.
Мирный 946 выбрал игрока 327 на голосовании.
Мирный 948 выбрал игрока 709 на голосовании.
Мирный 999 выбрал игрока 999 на голосовании.
Игрок 194 был убит после голосования.
