Начало раунда 411
Игрок 30: Мафия
Игрок 56: Мафия
Игрок 80: Дон мафии
Игрок 96: Мафия
Игрок 130: Мафия
Игрок 150: Мафия
Игрок 153: Мафия
Игрок 163: Мафия
Игрок 174: Мафия
Игрок 180: Мафия
Игрок 182: Мафия
Игрок 187: Мафия
Игрок 191: Мафия
Игрок 194: Мафия
Игрок 198: Мафия
Игрок 200: Мафия
Игрок 266: Мирный житель
Игрок 287: Мирный житель
Игрок 327: Мирный житель
Игрок 328: Мирный житель
Игрок 329: Мирный житель
Игрок 361: Мирный житель
Игрок 403: Мирный житель
Игрок 415: Мирный житель
Игрок 446: Мирный житель
Игрок 488: Мирный житель
Игрок 503: Мирный житель
Игрок 504: Мирный житель
Игрок 505: Мирный житель
Игрок 526: Мирный житель
Игрок 552: Мирный житель
Игрок 557: Мирный житель
Игрок 563: Мирный житель
Игрок 611: Мирный житель
Игрок 633: Мирный житель
Игрок 637: Мирный житель
Игрок 638: Мирный житель
Игрок 643: Мирный житель
Игрок 662: Мирный житель
Игрок 709: Мирный житель
Игрок 711: Мирный житель
Игрок 718: Мирный житель
Игрок 738: Мирный житель
Игрок 744: Мирный житель
Игрок 770: Мирный житель
Игрок 789: Мирный житель
Игрок 816: Мирный житель
Игрок 817: Мирный житель
Игрок 835: Мирный житель
Игрок 875: Мирный житель
Игрок 880: Мирный житель
Игрок 916: Мирный житель
Игрок 933: Мирный житель
Игрок 946: Мирный житель
Игрок 948: Мирный житель
Игрок 972: Мирный житель
Игрок 975: Мирный житель
Игрок 976: Мирный житель
Игрок 998: Мирный житель
Игрок 999: Мирный житель
Мафия 30 выбрала игрока 611 для убийства.
Мафия 56 выбрала игрока 972 для убийства.
Мафия 80 выбрала игрока 446 для убийства.
Мафия 96 выбрала игрока 328 для убийства.
Мафия 130 выбрала игрока 266 для убийства.
Мафия 150 выбрала игрока 709 для убийства.
Мафия 153 выбрала игрока 329 для убийства.
Мафия 163 выбрала игрока 557 для убийства.
Мафия 174 выбрала игрока 789 для убийства.
Мафия 180 выбрала игрока 361 для убийства.
Мафия 182 выбрала игрока 643 для убийства.
Мафия 187 выбрала игрока 816 для убийства.
Мафия 191 выбрала игрока 817 для убийства.
Мафия 194 выбрала игрока 738 для убийства.
Мафия 198 выбрала игрока 327 для убийства.
Мафия 200 выбрала игрока 552 для убийства.
Дон мафии 80 выбрал игрока 557 на основе голосов мафии.
Игрок 557 был убит мафией.
Игрок 30: Мафия
Игрок 56: Мафия
Игрок 80: Дон мафии
Игрок 96: Мафия
Игрок 130: Мафия
Игрок 150: Мафия
Игрок 153: Мафия
Игрок 163: Мафия
Игрок 174: Мафия
Игрок 180: Мафия
Игрок 182: Мафия
Игрок 187: Мафия
Игрок 191: Мафия
Игрок 194: Мафия
Игрок 198: Мафия
Игрок 200: Мафия
Игрок 266: Мирный житель
Игрок 287: Мирный житель
Игрок 327: Мирный житель
Игрок 328: Мирный житель
Игрок 329: Мирный житель
Игрок 361: Мирный житель
Игрок 403: Мирный житель
Игрок 415: Мирный житель
Игрок 446: Мирный житель
Игрок 488: Мирный житель
Игрок 503: Мирный житель
Игрок 504: Мирный житель
Игрок 505: Мирный житель
Игрок 526: Мирный житель
Игрок 552: Мирный житель
Игрок 563: Мирный житель
Игрок 611: Мирный житель
Игрок 633: Мирный житель
Игрок 637: Мирный житель
Игрок 638: Мирный житель
Игрок 643: Мирный житель
Игрок 662: Мирный житель
Игрок 709: Мирный житель
Игрок 711: Мирный житель
Игрок 718: Мирный житель
Игрок 738: Мирный житель
Игрок 744: Мирный житель
Игрок 770: Мирный житель
Игрок 789: Мирный житель
Игрок 816: Мирный житель
Игрок 817: Мирный житель
Игрок 835: Мирный житель
Игрок 875: Мирный житель
Игрок 880: Мирный житель
Игрок 916: Мирный житель
Игрок 933: Мирный житель
Игрок 946: Мирный житель
Игрок 948: Мирный житель
Игрок 972: Мирный житель
Игрок 975: Мирный житель
Игрок 976: Мирный житель
Игрок 998: Мирный житель
Игрок 999: Мирный житель
Мафия 56 выбрала игрока 718 на голосовании.
Мафия 30 выбрала игрока 817 на голосовании.
Мафия 80 выбрала игрока 948 на голосовании.
Мафия 96 выбрала игрока 200 на голосовании.
Мафия 150 выбрала игрока 191 на голосовании.
Мафия 130 выбрала игрока 30 на голосовании.
Мафия 153 выбрала игрока 744 на голосовании.
Мафия 163 выбрала игрока 975 на голосовании.
Мафия 180 выбрала игрока 328 на голосовании.
Мафия 174 выбрала игрока 187 на голосовании.
Мафия 182 выбрала игрока 948 на голосовании.
Мафия 187 выбрала игрока 711 на голосовании.
Мафия 191 выбрала игрока 182 на голосовании.
Мафия 198 выбрала игрока 933 на голосовании.
Мафия 194 выбрала игрока 446 на голосовании.
Мафия 200 выбрала игрока 174 на голосовании.
Мирный 266 выбрал игрока 709 на голосовании.
Мирный 287 выбрал игрока 446 на голосовании.
Мирный 327 выбрал игрока 875 на голосовании.
Мирный 329 выбрал игрока 817 на голосовании.
Мирный 328 выбрал игрока 709 на голосовании.
Мирный 361 выбрал игрока 503 на голосовании.
Мирный 403 выбрал игрока 999 на голосовании.
Мирный 415 выбрал игрока 789 на голосовании.
Мирный 446 выбрал игрока 711 на голосовании.
Мирный 503 выбрал игрока 611 на голосовании.
Мирный 488 выбрал игрока 361 на голосовании.
Мирный 504 выбрал игрока 998 на голосовании.
Мирный 505 выбрал игрока 975 на голосовании.
Мирный 526 выбрал игрока 163 на голосовании.
Мирный 552 выбрал игрока 738 на голосовании.
Мирный 563 выбрал игрока 638 на голосовании.
Мирный 611 выбрал игрока 200 на голосовании.
Мирный 633 выбрал игрока 563 на голосовании.
Мирный 637 выбрал игрока 999 на голосовании.
Мирный 638 выбрал игрока 946 на голосовании.
Мирный 643 выбрал игрока 287 на голосовании.
Мирный 662 выбрал игрока 711 на голосовании.
Мирный 711 выбрал игрока 643 на голосовании.
Мирный 709 выбрал игрока 526 на голосовании.
Мирный 718 выбрал игрока 200 на голосовании.
Мирный 738 выбрал игрока 816 на голосовании.
Мирный 744 выбрал игрока 488 на голосовании.
Мирный 770 выбрал игрока 718 на голосовании.
Мирный 789 выбрал игрока 526 на голосовании.
Мирный 816 выбрал игрока 328 на голосовании.
Мирный 835 выбрал игрока 150 на голосовании.
Мирный 817 выбрал игрока 638 на голосовании.
Мирный 875 выбрал игрока 328 на голосовании.
Мирный 880 выбрал игрока 611 на голосовании.
Мирный 916 выбрал игрока 709 на голосовании.
Мирный 933 выбрал игрока 880 на голосовании.
Мирный 948 выбрал игрока 198 на голосовании.
Мирный 946 выбрал игрока 180 на голосовании.
Мирный 972 выбрал игрока 975 на голосовании.
Мирный 975 выбрал игрока 999 на голосовании.
Мирный 976 выбрал игрока 633 на голосовании.
Мирный 998 выбрал игрока 738 на голосовании.
Мирный 999 выбрал игрока 662 на голосовании.
Игрок 200 был убит после голосования.
