Начало раунда 430
Игрок 191: Дон мафии
Игрок 266: Мирный житель
Игрок 327: Мирный житель
Игрок 329: Мирный житель
Игрок 415: Мирный житель
Игрок 505: Мирный житель
Игрок 552: Мирный житель
Игрок 611: Мирный житель
Игрок 633: Мирный житель
Игрок 643: Мирный житель
Игрок 662: Мирный житель
Игрок 709: Мирный житель
Игрок 718: Мирный житель
Игрок 738: Мирный житель
Игрок 744: Мирный житель
Игрок 789: Мирный житель
Игрок 817: Мирный житель
Игрок 880: Мирный житель
Игрок 916: Мирный житель
Игрок 946: Мирный житель
Игрок 948: Мирный житель
Игрок 999: Мирный житель
Мафия 191 выбрала игрока 662 для убийства.
Дон мафии 191 выбрал игрока 662 на основе голосов мафии.
Игрок 662 был убит мафией.
Игрок 191: Дон мафии
Игрок 266: Мирный житель
Игрок 327: Мирный житель
Игрок 329: Мирный житель
Игрок 415: Мирный житель
Игрок 505: Мирный житель
Игрок 552: Мирный житель
Игрок 611: Мирный житель
Игрок 633: Мирный житель
Игрок 643: Мирный житель
Игрок 709: Мирный житель
Игрок 718: Мирный житель
Игрок 738: Мирный житель
Игрок 744: Мирный житель
Игрок 789: Мирный житель
Игрок 817: Мирный житель
Игрок 880: Мирный житель
Игрок 916: Мирный житель
Игрок 946: Мирный житель
Игрок 948: Мирный житель
Игрок 999: Мирный житель
Мафия 191 выбрала игрока 946 на голосовании.
Мирный 266 выбрал игрока 718 на голосовании.
Мирный 329 выбрал игрока 744 на голосовании.
Мирный 327 выбрал игрока 948 на голосовании.
Мирный 415 выбрал игрока 718 на голосовании.
Мирный 505 выбрал игрока 611 на голосовании.
Мирный 552 выбрал игрока 738 на голосовании.
Мирный 633 выбрал игрока 552 на голосовании.
Мирный 611 выбрал игрока 505 на голосовании.
Мирный 643 выбрал игрока 718 на голосовании.
Мирный 709 выбрал игрока 552 на голосовании.
Мирный 718 выбрал игрока 880 на голосовании.
Мирный 738 выбрал игрока 191 на голосовании.
Мирный 744 выбрал игрока 916 на голосовании.
Мирный 789 выбрал игрока 880 на голосовании.
Мирный 817 выбрал игрока 817 на голосовании.
Мирный 880 выбрал игрока 633 на голосовании.
Мирный 916 выбрал игрока 718 на голосовании.
Мирный 946 выбрал игрока 329 на голосовании.
Мирный 948 выбрал игрока 946 на голосовании.
Мирный 999 выбрал игрока 999 на голосовании.
Игрок 718 был убит после голосования.
