Начало раунда 177
Игрок 3: Мафия
Игрок 8: Мафия
Игрок 10: Мафия
Игрок 11: Мафия
Игрок 15: Мафия
Игрок 16: Мафия
Игрок 19: Мафия
Игрок 20: Мафия
Игрок 22: Мафия
Игрок 24: Мафия
Игрок 25: Мафия
Игрок 27: Мафия
Игрок 28: Мафия
Игрок 29: Мафия
Игрок 30: Мафия
Игрок 33: Мафия
Игрок 34: Мафия
Игрок 36: Мафия
Игрок 37: Мафия
Игрок 38: Мафия
Игрок 39: Мафия
Игрок 43: Мафия
Игрок 47: Мафия
Игрок 48: Мафия
Игрок 49: Мафия
Игрок 51: Мафия
Игрок 54: Мафия
Игрок 55: Мафия
Игрок 56: Мафия
Игрок 58: Мафия
Игрок 59: Мафия
Игрок 60: Мафия
Игрок 66: Мафия
Игрок 69: Мафия
Игрок 70: Мафия
Игрок 77: Мафия
Игрок 78: Мафия
Игрок 80: Мафия
Игрок 81: Мафия
Игрок 83: Мафия
Игрок 84: Мафия
Игрок 88: Мафия
Игрок 92: Мафия
Игрок 93: Мафия
Игрок 95: Мафия
Игрок 96: Мафия
Игрок 98: Мафия
Игрок 99: Мафия
Игрок 100: Мафия
Игрок 105: Мафия
Игрок 106: Мафия
Игрок 108: Мафия
Игрок 109: Мафия
Игрок 111: Мафия
Игрок 112: Мафия
Игрок 114: Мафия
Игрок 116: Мафия
Игрок 117: Мафия
Игрок 119: Мафия
Игрок 122: Мафия
Игрок 123: Мафия
Игрок 130: Мафия
Игрок 135: Мафия
Игрок 137: Мафия
Игрок 140: Мафия
Игрок 141: Мафия
Игрок 142: Дон мафии
Игрок 146: Мафия
Игрок 150: Мафия
Игрок 151: Мафия
Игрок 152: Мафия
Игрок 153: Мафия
Игрок 154: Мафия
Игрок 159: Мафия
Игрок 162: Мафия
Игрок 163: Мафия
Игрок 164: Мафия
Игрок 166: Мафия
Игрок 169: Мафия
Игрок 170: Мафия
Игрок 172: Мафия
Игрок 174: Мафия
Игрок 179: Мафия
Игрок 180: Мафия
Игрок 181: Мафия
Игрок 182: Мафия
Игрок 186: Мафия
Игрок 187: Мафия
Игрок 190: Мафия
Игрок 191: Мафия
Игрок 192: Мафия
Игрок 193: Мафия
Игрок 194: Мафия
Игрок 195: Мафия
Игрок 198: Мафия
Игрок 199: Мафия
Игрок 200: Мафия
Игрок 205: Мирный житель
Игрок 206: Мирный житель
Игрок 207: Мирный житель
Игрок 208: Мирный житель
Игрок 210: Мирный житель
Игрок 211: Мирный житель
Игрок 212: Мирный житель
Игрок 213: Мирный житель
Игрок 214: Мирный житель
Игрок 216: Мирный житель
Игрок 217: Мирный житель
Игрок 218: Мирный житель
Игрок 219: Мирный житель
Игрок 220: Мирный житель
Игрок 224: Мирный житель
Игрок 227: Мирный житель
Игрок 229: Мирный житель
Игрок 230: Мирный житель
Игрок 232: Мирный житель
Игрок 233: Мирный житель
Игрок 235: Мирный житель
Игрок 240: Мирный житель
Игрок 242: Мирный житель
Игрок 245: Мирный житель
Игрок 249: Мирный житель
Игрок 251: Мирный житель
Игрок 252: Мирный житель
Игрок 253: Мирный житель
Игрок 256: Мирный житель
Игрок 257: Мирный житель
Игрок 261: Мирный житель
Игрок 262: Мирный житель
Игрок 263: Мирный житель
Игрок 264: Мирный житель
Игрок 265: Мирный житель
Игрок 266: Мирный житель
Игрок 267: Мирный житель
Игрок 268: Мирный житель
Игрок 270: Мирный житель
Игрок 271: Мирный житель
Игрок 273: Мирный житель
Игрок 274: Мирный житель
Игрок 276: Мирный житель
Игрок 278: Мирный житель
Игрок 280: Мирный житель
Игрок 282: Мирный житель
Игрок 283: Мирный житель
Игрок 287: Мирный житель
Игрок 289: Мирный житель
Игрок 291: Мирный житель
Игрок 297: Мирный житель
Игрок 298: Мирный житель
Игрок 300: Мирный житель
Игрок 302: Мирный житель
Игрок 303: Мирный житель
Игрок 307: Мирный житель
Игрок 311: Мирный житель
Игрок 312: Мирный житель
Игрок 314: Мирный житель
Игрок 318: Мирный житель
Игрок 319: Мирный житель
Игрок 324: Мирный житель
Игрок 325: Мирный житель
Игрок 326: Мирный житель
Игрок 327: Мирный житель
Игрок 328: Мирный житель
Игрок 329: Мирный житель
Игрок 333: Мирный житель
Игрок 335: Мирный житель
Игрок 336: Мирный житель
Игрок 337: Мирный житель
Игрок 338: Мирный житель
Игрок 339: Мирный житель
Игрок 341: Мирный житель
Игрок 342: Мирный житель
Игрок 343: Мирный житель
Игрок 345: Мирный житель
Игрок 346: Мирный житель
Игрок 351: Мирный житель
Игрок 354: Мирный житель
Игрок 355: Мирный житель
Игрок 356: Мирный житель
Игрок 357: Мирный житель
Игрок 358: Мирный житель
Игрок 360: Мирный житель
Игрок 361: Мирный житель
Игрок 364: Мирный житель
Игрок 370: Мирный житель
Игрок 371: Мирный житель
Игрок 372: Мирный житель
Игрок 373: Мирный житель
Игрок 374: Мирный житель
Игрок 375: Мирный житель
Игрок 376: Мирный житель
Игрок 377: Мирный житель
Игрок 378: Мирный житель
Игрок 385: Мирный житель
Игрок 387: Мирный житель
Игрок 390: Мирный житель
Игрок 393: Мирный житель
Игрок 396: Мирный житель
Игрок 399: Мирный житель
Игрок 400: Мирный житель
Игрок 402: Мирный житель
Игрок 403: Мирный житель
Игрок 408: Мирный житель
Игрок 409: Мирный житель
Игрок 410: Мирный житель
Игрок 413: Мирный житель
Игрок 414: Мирный житель
Игрок 415: Мирный житель
Игрок 425: Мирный житель
Игрок 426: Мирный житель
Игрок 429: Мирный житель
Игрок 431: Мирный житель
Игрок 432: Мирный житель
Игрок 435: Мирный житель
Игрок 436: Мирный житель
Игрок 437: Мирный житель
Игрок 438: Мирный житель
Игрок 439: Мирный житель
Игрок 440: Мирный житель
Игрок 442: Мирный житель
Игрок 444: Мирный житель
Игрок 446: Мирный житель
Игрок 447: Мирный житель
Игрок 450: Мирный житель
Игрок 457: Мирный житель
Игрок 458: Мирный житель
Игрок 459: Мирный житель
Игрок 461: Мирный житель
Игрок 462: Мирный житель
Игрок 463: Мирный житель
Игрок 465: Мирный житель
Игрок 466: Мирный житель
Игрок 469: Мирный житель
Игрок 470: Мирный житель
Игрок 471: Мирный житель
Игрок 472: Мирный житель
Игрок 474: Мирный житель
Игрок 483: Мирный житель
Игрок 485: Мирный житель
Игрок 486: Мирный житель
Игрок 488: Мирный житель
Игрок 489: Мирный житель
Игрок 490: Мирный житель
Игрок 492: Мирный житель
Игрок 496: Мирный житель
Игрок 497: Мирный житель
Игрок 500: Мирный житель
Игрок 501: Мирный житель
Игрок 502: Мирный житель
Игрок 503: Мирный житель
Игрок 504: Мирный житель
Игрок 505: Мирный житель
Игрок 508: Мирный житель
Игрок 510: Мирный житель
Игрок 513: Мирный житель
Игрок 514: Мирный житель
Игрок 515: Мирный житель
Игрок 516: Мирный житель
Игрок 517: Мирный житель
Игрок 518: Мирный житель
Игрок 519: Мирный житель
Игрок 520: Мирный житель
Игрок 526: Мирный житель
Игрок 527: Мирный житель
Игрок 528: Мирный житель
Игрок 529: Мирный житель
Игрок 533: Мирный житель
Игрок 535: Мирный житель
Игрок 537: Мирный житель
Игрок 544: Мирный житель
Игрок 547: Мирный житель
Игрок 548: Мирный житель
Игрок 549: Мирный житель
Игрок 551: Мирный житель
Игрок 552: Мирный житель
Игрок 555: Мирный житель
Игрок 557: Мирный житель
Игрок 558: Мирный житель
Игрок 560: Мирный житель
Игрок 563: Мирный житель
Игрок 564: Мирный житель
Игрок 566: Мирный житель
Игрок 567: Мирный житель
Игрок 568: Мирный житель
Игрок 569: Мирный житель
Игрок 570: Мирный житель
Игрок 571: Мирный житель
Игрок 572: Мирный житель
Игрок 573: Мирный житель
Игрок 576: Мирный житель
Игрок 579: Мирный житель
Игрок 580: Мирный житель
Игрок 582: Мирный житель
Игрок 584: Мирный житель
Игрок 586: Мирный житель
Игрок 589: Мирный житель
Игрок 594: Мирный житель
Игрок 595: Мирный житель
Игрок 597: Мирный житель
Игрок 599: Мирный житель
Игрок 600: Мирный житель
Игрок 601: Мирный житель
Игрок 602: Мирный житель
Игрок 605: Мирный житель
Игрок 606: Мирный житель
Игрок 611: Мирный житель
Игрок 613: Мирный житель
Игрок 614: Мирный житель
Игрок 616: Мирный житель
Игрок 618: Мирный житель
Игрок 619: Мирный житель
Игрок 623: Мирный житель
Игрок 625: Мирный житель
Игрок 627: Мирный житель
Игрок 629: Мирный житель
Игрок 630: Мирный житель
Игрок 633: Мирный житель
Игрок 636: Мирный житель
Игрок 637: Мирный житель
Игрок 638: Мирный житель
Игрок 640: Мирный житель
Игрок 641: Мирный житель
Игрок 642: Мирный житель
Игрок 643: Мирный житель
Игрок 645: Мирный житель
Игрок 647: Мирный житель
Игрок 652: Мирный житель
Игрок 654: Мирный житель
Игрок 656: Мирный житель
Игрок 657: Мирный житель
Игрок 659: Мирный житель
Игрок 660: Мирный житель
Игрок 662: Мирный житель
Игрок 663: Мирный житель
Игрок 665: Мирный житель
Игрок 668: Мирный житель
Игрок 669: Мирный житель
Игрок 673: Мирный житель
Игрок 675: Мирный житель
Игрок 677: Мирный житель
Игрок 678: Мирный житель
Игрок 679: Мирный житель
Игрок 680: Мирный житель
Игрок 684: Мирный житель
Игрок 685: Мирный житель
Игрок 687: Мирный житель
Игрок 688: Мирный житель
Игрок 690: Мирный житель
Игрок 692: Мирный житель
Игрок 694: Мирный житель
Игрок 695: Мирный житель
Игрок 700: Мирный житель
Игрок 701: Мирный житель
Игрок 703: Мирный житель
Игрок 704: Мирный житель
Игрок 705: Мирный житель
Игрок 707: Мирный житель
Игрок 709: Мирный житель
Игрок 710: Мирный житель
Игрок 711: Мирный житель
Игрок 713: Мирный житель
Игрок 715: Мирный житель
Игрок 718: Мирный житель
Игрок 720: Мирный житель
Игрок 724: Мирный житель
Игрок 725: Мирный житель
Игрок 726: Мирный житель
Игрок 731: Мирный житель
Игрок 732: Мирный житель
Игрок 733: Мирный житель
Игрок 735: Мирный житель
Игрок 738: Мирный житель
Игрок 739: Мирный житель
Игрок 740: Мирный житель
Игрок 741: Мирный житель
Игрок 743: Мирный житель
Игрок 744: Мирный житель
Игрок 747: Мирный житель
Игрок 748: Мирный житель
Игрок 749: Мирный житель
Игрок 750: Мирный житель
Игрок 754: Мирный житель
Игрок 755: Мирный житель
Игрок 757: Мирный житель
Игрок 759: Мирный житель
Игрок 761: Мирный житель
Игрок 762: Мирный житель
Игрок 763: Мирный житель
Игрок 765: Мирный житель
Игрок 768: Мирный житель
Игрок 770: Мирный житель
Игрок 771: Мирный житель
Игрок 773: Мирный житель
Игрок 777: Мирный житель
Игрок 779: Мирный житель
Игрок 781: Мирный житель
Игрок 783: Мирный житель
Игрок 784: Мирный житель
Игрок 787: Мирный житель
Игрок 789: Мирный житель
Игрок 791: Мирный житель
Игрок 793: Мирный житель
Игрок 794: Мирный житель
Игрок 795: Мирный житель
Игрок 796: Мирный житель
Игрок 797: Мирный житель
Игрок 798: Мирный житель
Игрок 801: Мирный житель
Игрок 804: Мирный житель
Игрок 807: Мирный житель
Игрок 808: Мирный житель
Игрок 810: Мирный житель
Игрок 811: Мирный житель
Игрок 813: Мирный житель
Игрок 814: Мирный житель
Игрок 816: Мирный житель
Игрок 817: Мирный житель
Игрок 819: Мирный житель
Игрок 820: Мирный житель
Игрок 821: Мирный житель
Игрок 824: Мирный житель
Игрок 825: Мирный житель
Игрок 827: Мирный житель
Игрок 828: Мирный житель
Игрок 829: Мирный житель
Игрок 830: Мирный житель
Игрок 831: Мирный житель
Игрок 833: Мирный житель
Игрок 835: Мирный житель
Игрок 836: Мирный житель
Игрок 837: Мирный житель
Игрок 838: Мирный житель
Игрок 839: Мирный житель
Игрок 840: Мирный житель
Игрок 841: Мирный житель
Игрок 843: Мирный житель
Игрок 846: Мирный житель
Игрок 847: Мирный житель
Игрок 848: Мирный житель
Игрок 850: Мирный житель
Игрок 854: Мирный житель
Игрок 857: Мирный житель
Игрок 859: Мирный житель
Игрок 860: Мирный житель
Игрок 861: Мирный житель
Игрок 863: Мирный житель
Игрок 864: Мирный житель
Игрок 868: Мирный житель
Игрок 869: Мирный житель
Игрок 871: Мирный житель
Игрок 872: Мирный житель
Игрок 875: Мирный житель
Игрок 878: Мирный житель
Игрок 880: Мирный житель
Игрок 882: Мирный житель
Игрок 883: Мирный житель
Игрок 884: Мирный житель
Игрок 885: Мирный житель
Игрок 886: Мирный житель
Игрок 889: Мирный житель
Игрок 890: Мирный житель
Игрок 891: Мирный житель
Игрок 892: Мирный житель
Игрок 893: Мирный житель
Игрок 894: Мирный житель
Игрок 897: Мирный житель
Игрок 903: Мирный житель
Игрок 904: Мирный житель
Игрок 905: Мирный житель
Игрок 906: Мирный житель
Игрок 908: Мирный житель
Игрок 909: Мирный житель
Игрок 912: Мирный житель
Игрок 914: Мирный житель
Игрок 915: Мирный житель
Игрок 916: Мирный житель
Игрок 923: Мирный житель
Игрок 924: Мирный житель
Игрок 928: Мирный житель
Игрок 929: Мирный житель
Игрок 930: Мирный житель
Игрок 931: Мирный житель
Игрок 932: Мирный житель
Игрок 933: Мирный житель
Игрок 934: Мирный житель
Игрок 936: Мирный житель
Игрок 937: Мирный житель
Игрок 939: Мирный житель
Игрок 941: Мирный житель
Игрок 942: Мирный житель
Игрок 943: Мирный житель
Игрок 946: Мирный житель
Игрок 948: Мирный житель
Игрок 950: Мирный житель
Игрок 951: Мирный житель
Игрок 953: Мирный житель
Игрок 954: Мирный житель
Игрок 956: Мирный житель
Игрок 957: Мирный житель
Игрок 958: Мирный житель
Игрок 959: Мирный житель
Игрок 961: Мирный житель
Игрок 963: Мирный житель
Игрок 964: Мирный житель
Игрок 966: Мирный житель
Игрок 967: Мирный житель
Игрок 969: Мирный житель
Игрок 972: Мирный житель
Игрок 974: Мирный житель
Игрок 975: Мирный житель
Игрок 976: Мирный житель
Игрок 977: Мирный житель
Игрок 978: Мирный житель
Игрок 980: Мирный житель
Игрок 981: Мирный житель
Игрок 982: Мирный житель
Игрок 983: Мирный житель
Игрок 984: Мирный житель
Игрок 985: Мирный житель
Игрок 986: Мирный житель
Игрок 988: Мирный житель
Игрок 989: Мирный житель
Игрок 990: Мирный житель
Игрок 991: Мирный житель
Игрок 994: Мирный житель
Игрок 995: Мирный житель
Игрок 998: Мирный житель
Игрок 999: Мирный житель
Мафия 8 выбрала игрока 892 для убийства.
Мафия 10 выбрала игрока 602 для убийства.
Мафия 11 выбрала игрока 492 для убийства.
Мафия 15 выбрала игрока 988 для убийства.
Мафия 16 выбрала игрока 897 для убийства.
Мафия 19 выбрала игрока 680 для убийства.
Мафия 3 выбрала игрока 472 для убийства.
Мафия 20 выбрала игрока 975 для убийства.
Мафия 22 выбрала игрока 838 для убийства.
Мафия 24 выбрала игрока 343 для убийства.
Мафия 25 выбрала игрока 503 для убийства.
Мафия 27 выбрала игрока 619 для убийства.
Мафия 29 выбрала игрока 571 для убийства.
Мафия 30 выбрала игрока 986 для убийства.
Мафия 28 выбрала игрока 684 для убийства.
Мафия 33 выбрала игрока 701 для убийства.
Мафия 36 выбрала игрока 990 для убийства.
Мафия 37 выбрала игрока 551 для убийства.
Мафия 34 выбрала игрока 705 для убийства.
Мафия 39 выбрала игрока 838 для убийства.
Мафия 43 выбрала игрока 436 для убийства.
Мафия 48 выбрала игрока 861 для убийства.
Мафия 47 выбрала игрока 597 для убийства.
Мафия 38 выбрала игрока 854 для убийства.
Мафия 49 выбрала игрока 312 для убийства.
Мафия 51 выбрала игрока 329 для убийства.
Мафия 54 выбрала игрока 690 для убийства.
Мафия 55 выбрала игрока 859 для убийства.
Мафия 58 выбрала игрока 797 для убийства.
Мафия 59 выбрала игрока 302 для убийства.
Мафия 56 выбрала игрока 618 для убийства.
Мафия 60 выбрала игрока 267 для убийства.
Мафия 66 выбрала игрока 576 для убийства.
Мафия 69 выбрала игрока 948 для убийства.
Мафия 70 выбрала игрока 314 для убийства.
Мафия 77 выбрала игрока 931 для убийства.
Мафия 80 выбрала игрока 840 для убийства.
Мафия 81 выбрала игрока 848 для убийства.
Мафия 83 выбрала игрока 619 для убийства.
Мафия 84 выбрала игрока 579 для убийства.
Мафия 78 выбрала игрока 425 для убийства.
Мафия 88 выбрала игрока 354 для убийства.
Мафия 92 выбрала игрока 257 для убийства.
Мафия 93 выбрала игрока 297 для убийства.
Мафия 95 выбрала игрока 262 для убийства.
Мафия 96 выбрала игрока 779 для убийства.
Мафия 98 выбрала игрока 314 для убийства.
Мафия 100 выбрала игрока 930 для убийства.
Мафия 105 выбрала игрока 903 для убийства.
Мафия 99 выбрала игрока 814 для убийства.
Мафия 106 выбрала игрока 220 для убийства.
Мафия 108 выбрала игрока 966 для убийства.
Мафия 109 выбрала игрока 930 для убийства.
Мафия 111 выбрала игрока 789 для убийства.
Мафия 112 выбрала игрока 273 для убийства.
Мафия 114 выбрала игрока 413 для убийства.
Мафия 117 выбрала игрока 906 для убийства.
Мафия 119 выбрала игрока 848 для убийства.
Мафия 122 выбрала игрока 991 для убийства.
Мафия 123 выбрала игрока 797 для убийства.
Мафия 130 выбрала игрока 375 для убийства.
Мафия 116 выбрала игрока 837 для убийства.
Мафия 135 выбрала игрока 567 для убийства.
Мафия 140 выбрала игрока 586 для убийства.
Мафия 142 выбрала игрока 403 для убийства.
Мафия 141 выбрала игрока 400 для убийства.
Мафия 137 выбрала игрока 472 для убийства.
Мафия 146 выбрала игрока 636 для убийства.
Мафия 151 выбрала игрока 984 для убийства.
Мафия 152 выбрала игрока 501 для убийства.
Мафия 153 выбрала игрока 219 для убийства.
Мафия 154 выбрала игрока 731 для убийства.
Мафия 150 выбрала игрока 513 для убийства.
Мафия 159 выбрала игрока 709 для убийства.
Мафия 162 выбрала игрока 976 для убийства.
Мафия 163 выбрала игрока 252 для убийства.
Мафия 164 выбрала игрока 923 для убийства.
Мафия 166 выбрала игрока 942 для убийства.
Мафия 169 выбрала игрока 781 для убийства.
Мафия 170 выбрала игрока 654 для убийства.
Мафия 174 выбрала игрока 941 для убийства.
Мафия 179 выбрала игрока 442 для убийства.
Мафия 172 выбрала игрока 833 для убийства.
Мафия 180 выбрала игрока 444 для убийства.
Мафия 181 выбрала игрока 614 для убийства.
Мафия 186 выбрала игрока 438 для убийства.
Мафия 182 выбрала игрока 618 для убийства.
Мафия 187 выбрала игрока 516 для убийства.
Мафия 191 выбрала игрока 660 для убийства.
Мафия 192 выбрала игрока 659 для убийства.
Мафия 193 выбрала игрока 796 для убийства.
Мафия 194 выбрала игрока 757 для убийства.
Мафия 190 выбрала игрока 704 для убийства.
Мафия 195 выбрала игрока 623 для убийства.
Мафия 198 выбрала игрока 278 для убийства.
Мафия 199 выбрала игрока 999 для убийства.
Мафия 200 выбрала игрока 937 для убийства.
Дон мафии 142 выбрал игрока 930 на основе голосов мафии.
Игрок 930 был убит мафией.
Игрок 3: Мафия
Игрок 8: Мафия
Игрок 10: Мафия
Игрок 11: Мафия
Игрок 15: Мафия
Игрок 16: Мафия
Игрок 19: Мафия
Игрок 20: Мафия
Игрок 22: Мафия
Игрок 24: Мафия
Игрок 25: Мафия
Игрок 27: Мафия
Игрок 28: Мафия
Игрок 29: Мафия
Игрок 30: Мафия
Игрок 33: Мафия
Игрок 34: Мафия
Игрок 36: Мафия
Игрок 37: Мафия
Игрок 38: Мафия
Игрок 39: Мафия
Игрок 43: Мафия
Игрок 47: Мафия
Игрок 48: Мафия
Игрок 49: Мафия
Игрок 51: Мафия
Игрок 54: Мафия
Игрок 55: Мафия
Игрок 56: Мафия
Игрок 58: Мафия
Игрок 59: Мафия
Игрок 60: Мафия
Игрок 66: Мафия
Игрок 69: Мафия
Игрок 70: Мафия
Игрок 77: Мафия
Игрок 78: Мафия
Игрок 80: Мафия
Игрок 81: Мафия
Игрок 83: Мафия
Игрок 84: Мафия
Игрок 88: Мафия
Игрок 92: Мафия
Игрок 93: Мафия
Игрок 95: Мафия
Игрок 96: Мафия
Игрок 98: Мафия
Игрок 99: Мафия
Игрок 100: Мафия
Игрок 105: Мафия
Игрок 106: Мафия
Игрок 108: Мафия
Игрок 109: Мафия
Игрок 111: Мафия
Игрок 112: Мафия
Игрок 114: Мафия
Игрок 116: Мафия
Игрок 117: Мафия
Игрок 119: Мафия
Игрок 122: Мафия
Игрок 123: Мафия
Игрок 130: Мафия
Игрок 135: Мафия
Игрок 137: Мафия
Игрок 140: Мафия
Игрок 141: Мафия
Игрок 142: Дон мафии
Игрок 146: Мафия
Игрок 150: Мафия
Игрок 151: Мафия
Игрок 152: Мафия
Игрок 153: Мафия
Игрок 154: Мафия
Игрок 159: Мафия
Игрок 162: Мафия
Игрок 163: Мафия
Игрок 164: Мафия
Игрок 166: Мафия
Игрок 169: Мафия
Игрок 170: Мафия
Игрок 172: Мафия
Игрок 174: Мафия
Игрок 179: Мафия
Игрок 180: Мафия
Игрок 181: Мафия
Игрок 182: Мафия
Игрок 186: Мафия
Игрок 187: Мафия
Игрок 190: Мафия
Игрок 191: Мафия
Игрок 192: Мафия
Игрок 193: Мафия
Игрок 194: Мафия
Игрок 195: Мафия
Игрок 198: Мафия
Игрок 199: Мафия
Игрок 200: Мафия
Игрок 205: Мирный житель
Игрок 206: Мирный житель
Игрок 207: Мирный житель
Игрок 208: Мирный житель
Игрок 210: Мирный житель
Игрок 211: Мирный житель
Игрок 212: Мирный житель
Игрок 213: Мирный житель
Игрок 214: Мирный житель
Игрок 216: Мирный житель
Игрок 217: Мирный житель
Игрок 218: Мирный житель
Игрок 219: Мирный житель
Игрок 220: Мирный житель
Игрок 224: Мирный житель
Игрок 227: Мирный житель
Игрок 229: Мирный житель
Игрок 230: Мирный житель
Игрок 232: Мирный житель
Игрок 233: Мирный житель
Игрок 235: Мирный житель
Игрок 240: Мирный житель
Игрок 242: Мирный житель
Игрок 245: Мирный житель
Игрок 249: Мирный житель
Игрок 251: Мирный житель
Игрок 252: Мирный житель
Игрок 253: Мирный житель
Игрок 256: Мирный житель
Игрок 257: Мирный житель
Игрок 261: Мирный житель
Игрок 262: Мирный житель
Игрок 263: Мирный житель
Игрок 264: Мирный житель
Игрок 265: Мирный житель
Игрок 266: Мирный житель
Игрок 267: Мирный житель
Игрок 268: Мирный житель
Игрок 270: Мирный житель
Игрок 271: Мирный житель
Игрок 273: Мирный житель
Игрок 274: Мирный житель
Игрок 276: Мирный житель
Игрок 278: Мирный житель
Игрок 280: Мирный житель
Игрок 282: Мирный житель
Игрок 283: Мирный житель
Игрок 287: Мирный житель
Игрок 289: Мирный житель
Игрок 291: Мирный житель
Игрок 297: Мирный житель
Игрок 298: Мирный житель
Игрок 300: Мирный житель
Игрок 302: Мирный житель
Игрок 303: Мирный житель
Игрок 307: Мирный житель
Игрок 311: Мирный житель
Игрок 312: Мирный житель
Игрок 314: Мирный житель
Игрок 318: Мирный житель
Игрок 319: Мирный житель
Игрок 324: Мирный житель
Игрок 325: Мирный житель
Игрок 326: Мирный житель
Игрок 327: Мирный житель
Игрок 328: Мирный житель
Игрок 329: Мирный житель
Игрок 333: Мирный житель
Игрок 335: Мирный житель
Игрок 336: Мирный житель
Игрок 337: Мирный житель
Игрок 338: Мирный житель
Игрок 339: Мирный житель
Игрок 341: Мирный житель
Игрок 342: Мирный житель
Игрок 343: Мирный житель
Игрок 345: Мирный житель
Игрок 346: Мирный житель
Игрок 351: Мирный житель
Игрок 354: Мирный житель
Игрок 355: Мирный житель
Игрок 356: Мирный житель
Игрок 357: Мирный житель
Игрок 358: Мирный житель
Игрок 360: Мирный житель
Игрок 361: Мирный житель
Игрок 364: Мирный житель
Игрок 370: Мирный житель
Игрок 371: Мирный житель
Игрок 372: Мирный житель
Игрок 373: Мирный житель
Игрок 374: Мирный житель
Игрок 375: Мирный житель
Игрок 376: Мирный житель
Игрок 377: Мирный житель
Игрок 378: Мирный житель
Игрок 385: Мирный житель
Игрок 387: Мирный житель
Игрок 390: Мирный житель
Игрок 393: Мирный житель
Игрок 396: Мирный житель
Игрок 399: Мирный житель
Игрок 400: Мирный житель
Игрок 402: Мирный житель
Игрок 403: Мирный житель
Игрок 408: Мирный житель
Игрок 409: Мирный житель
Игрок 410: Мирный житель
Игрок 413: Мирный житель
Игрок 414: Мирный житель
Игрок 415: Мирный житель
Игрок 425: Мирный житель
Игрок 426: Мирный житель
Игрок 429: Мирный житель
Игрок 431: Мирный житель
Игрок 432: Мирный житель
Игрок 435: Мирный житель
Игрок 436: Мирный житель
Игрок 437: Мирный житель
Игрок 438: Мирный житель
Игрок 439: Мирный житель
Игрок 440: Мирный житель
Игрок 442: Мирный житель
Игрок 444: Мирный житель
Игрок 446: Мирный житель
Игрок 447: Мирный житель
Игрок 450: Мирный житель
Игрок 457: Мирный житель
Игрок 458: Мирный житель
Игрок 459: Мирный житель
Игрок 461: Мирный житель
Игрок 462: Мирный житель
Игрок 463: Мирный житель
Игрок 465: Мирный житель
Игрок 466: Мирный житель
Игрок 469: Мирный житель
Игрок 470: Мирный житель
Игрок 471: Мирный житель
Игрок 472: Мирный житель
Игрок 474: Мирный житель
Игрок 483: Мирный житель
Игрок 485: Мирный житель
Игрок 486: Мирный житель
Игрок 488: Мирный житель
Игрок 489: Мирный житель
Игрок 490: Мирный житель
Игрок 492: Мирный житель
Игрок 496: Мирный житель
Игрок 497: Мирный житель
Игрок 500: Мирный житель
Игрок 501: Мирный житель
Игрок 502: Мирный житель
Игрок 503: Мирный житель
Игрок 504: Мирный житель
Игрок 505: Мирный житель
Игрок 508: Мирный житель
Игрок 510: Мирный житель
Игрок 513: Мирный житель
Игрок 514: Мирный житель
Игрок 515: Мирный житель
Игрок 516: Мирный житель
Игрок 517: Мирный житель
Игрок 518: Мирный житель
Игрок 519: Мирный житель
Игрок 520: Мирный житель
Игрок 526: Мирный житель
Игрок 527: Мирный житель
Игрок 528: Мирный житель
Игрок 529: Мирный житель
Игрок 533: Мирный житель
Игрок 535: Мирный житель
Игрок 537: Мирный житель
Игрок 544: Мирный житель
Игрок 547: Мирный житель
Игрок 548: Мирный житель
Игрок 549: Мирный житель
Игрок 551: Мирный житель
Игрок 552: Мирный житель
Игрок 555: Мирный житель
Игрок 557: Мирный житель
Игрок 558: Мирный житель
Игрок 560: Мирный житель
Игрок 563: Мирный житель
Игрок 564: Мирный житель
Игрок 566: Мирный житель
Игрок 567: Мирный житель
Игрок 568: Мирный житель
Игрок 569: Мирный житель
Игрок 570: Мирный житель
Игрок 571: Мирный житель
Игрок 572: Мирный житель
Игрок 573: Мирный житель
Игрок 576: Мирный житель
Игрок 579: Мирный житель
Игрок 580: Мирный житель
Игрок 582: Мирный житель
Игрок 584: Мирный житель
Игрок 586: Мирный житель
Игрок 589: Мирный житель
Игрок 594: Мирный житель
Игрок 595: Мирный житель
Игрок 597: Мирный житель
Игрок 599: Мирный житель
Игрок 600: Мирный житель
Игрок 601: Мирный житель
Игрок 602: Мирный житель
Игрок 605: Мирный житель
Игрок 606: Мирный житель
Игрок 611: Мирный житель
Игрок 613: Мирный житель
Игрок 614: Мирный житель
Игрок 616: Мирный житель
Игрок 618: Мирный житель
Игрок 619: Мирный житель
Игрок 623: Мирный житель
Игрок 625: Мирный житель
Игрок 627: Мирный житель
Игрок 629: Мирный житель
Игрок 630: Мирный житель
Игрок 633: Мирный житель
Игрок 636: Мирный житель
Игрок 637: Мирный житель
Игрок 638: Мирный житель
Игрок 640: Мирный житель
Игрок 641: Мирный житель
Игрок 642: Мирный житель
Игрок 643: Мирный житель
Игрок 645: Мирный житель
Игрок 647: Мирный житель
Игрок 652: Мирный житель
Игрок 654: Мирный житель
Игрок 656: Мирный житель
Игрок 657: Мирный житель
Игрок 659: Мирный житель
Игрок 660: Мирный житель
Игрок 662: Мирный житель
Игрок 663: Мирный житель
Игрок 665: Мирный житель
Игрок 668: Мирный житель
Игрок 669: Мирный житель
Игрок 673: Мирный житель
Игрок 675: Мирный житель
Игрок 677: Мирный житель
Игрок 678: Мирный житель
Игрок 679: Мирный житель
Игрок 680: Мирный житель
Игрок 684: Мирный житель
Игрок 685: Мирный житель
Игрок 687: Мирный житель
Игрок 688: Мирный житель
Игрок 690: Мирный житель
Игрок 692: Мирный житель
Игрок 694: Мирный житель
Игрок 695: Мирный житель
Игрок 700: Мирный житель
Игрок 701: Мирный житель
Игрок 703: Мирный житель
Игрок 704: Мирный житель
Игрок 705: Мирный житель
Игрок 707: Мирный житель
Игрок 709: Мирный житель
Игрок 710: Мирный житель
Игрок 711: Мирный житель
Игрок 713: Мирный житель
Игрок 715: Мирный житель
Игрок 718: Мирный житель
Игрок 720: Мирный житель
Игрок 724: Мирный житель
Игрок 725: Мирный житель
Игрок 726: Мирный житель
Игрок 731: Мирный житель
Игрок 732: Мирный житель
Игрок 733: Мирный житель
Игрок 735: Мирный житель
Игрок 738: Мирный житель
Игрок 739: Мирный житель
Игрок 740: Мирный житель
Игрок 741: Мирный житель
Игрок 743: Мирный житель
Игрок 744: Мирный житель
Игрок 747: Мирный житель
Игрок 748: Мирный житель
Игрок 749: Мирный житель
Игрок 750: Мирный житель
Игрок 754: Мирный житель
Игрок 755: Мирный житель
Игрок 757: Мирный житель
Игрок 759: Мирный житель
Игрок 761: Мирный житель
Игрок 762: Мирный житель
Игрок 763: Мирный житель
Игрок 765: Мирный житель
Игрок 768: Мирный житель
Игрок 770: Мирный житель
Игрок 771: Мирный житель
Игрок 773: Мирный житель
Игрок 777: Мирный житель
Игрок 779: Мирный житель
Игрок 781: Мирный житель
Игрок 783: Мирный житель
Игрок 784: Мирный житель
Игрок 787: Мирный житель
Игрок 789: Мирный житель
Игрок 791: Мирный житель
Игрок 793: Мирный житель
Игрок 794: Мирный житель
Игрок 795: Мирный житель
Игрок 796: Мирный житель
Игрок 797: Мирный житель
Игрок 798: Мирный житель
Игрок 801: Мирный житель
Игрок 804: Мирный житель
Игрок 807: Мирный житель
Игрок 808: Мирный житель
Игрок 810: Мирный житель
Игрок 811: Мирный житель
Игрок 813: Мирный житель
Игрок 814: Мирный житель
Игрок 816: Мирный житель
Игрок 817: Мирный житель
Игрок 819: Мирный житель
Игрок 820: Мирный житель
Игрок 821: Мирный житель
Игрок 824: Мирный житель
Игрок 825: Мирный житель
Игрок 827: Мирный житель
Игрок 828: Мирный житель
Игрок 829: Мирный житель
Игрок 830: Мирный житель
Игрок 831: Мирный житель
Игрок 833: Мирный житель
Игрок 835: Мирный житель
Игрок 836: Мирный житель
Игрок 837: Мирный житель
Игрок 838: Мирный житель
Игрок 839: Мирный житель
Игрок 840: Мирный житель
Игрок 841: Мирный житель
Игрок 843: Мирный житель
Игрок 846: Мирный житель
Игрок 847: Мирный житель
Игрок 848: Мирный житель
Игрок 850: Мирный житель
Игрок 854: Мирный житель
Игрок 857: Мирный житель
Игрок 859: Мирный житель
Игрок 860: Мирный житель
Игрок 861: Мирный житель
Игрок 863: Мирный житель
Игрок 864: Мирный житель
Игрок 868: Мирный житель
Игрок 869: Мирный житель
Игрок 871: Мирный житель
Игрок 872: Мирный житель
Игрок 875: Мирный житель
Игрок 878: Мирный житель
Игрок 880: Мирный житель
Игрок 882: Мирный житель
Игрок 883: Мирный житель
Игрок 884: Мирный житель
Игрок 885: Мирный житель
Игрок 886: Мирный житель
Игрок 889: Мирный житель
Игрок 890: Мирный житель
Игрок 891: Мирный житель
Игрок 892: Мирный житель
Игрок 893: Мирный житель
Игрок 894: Мирный житель
Игрок 897: Мирный житель
Игрок 903: Мирный житель
Игрок 904: Мирный житель
Игрок 905: Мирный житель
Игрок 906: Мирный житель
Игрок 908: Мирный житель
Игрок 909: Мирный житель
Игрок 912: Мирный житель
Игрок 914: Мирный житель
Игрок 915: Мирный житель
Игрок 916: Мирный житель
Игрок 923: Мирный житель
Игрок 924: Мирный житель
Игрок 928: Мирный житель
Игрок 929: Мирный житель
Игрок 931: Мирный житель
Игрок 932: Мирный житель
Игрок 933: Мирный житель
Игрок 934: Мирный житель
Игрок 936: Мирный житель
Игрок 937: Мирный житель
Игрок 939: Мирный житель
Игрок 941: Мирный житель
Игрок 942: Мирный житель
Игрок 943: Мирный житель
Игрок 946: Мирный житель
Игрок 948: Мирный житель
Игрок 950: Мирный житель
Игрок 951: Мирный житель
Игрок 953: Мирный житель
Игрок 954: Мирный житель
Игрок 956: Мирный житель
Игрок 957: Мирный житель
Игрок 958: Мирный житель
Игрок 959: Мирный житель
Игрок 961: Мирный житель
Игрок 963: Мирный житель
Игрок 964: Мирный житель
Игрок 966: Мирный житель
Игрок 967: Мирный житель
Игрок 969: Мирный житель
Игрок 972: Мирный житель
Игрок 974: Мирный житель
Игрок 975: Мирный житель
Игрок 976: Мирный житель
Игрок 977: Мирный житель
Игрок 978: Мирный житель
Игрок 980: Мирный житель
Игрок 981: Мирный житель
Игрок 982: Мирный житель
Игрок 983: Мирный житель
Игрок 984: Мирный житель
Игрок 985: Мирный житель
Игрок 986: Мирный житель
Игрок 988: Мирный житель
Игрок 989: Мирный житель
Игрок 990: Мирный житель
Игрок 991: Мирный житель
Игрок 994: Мирный житель
Игрок 995: Мирный житель
Игрок 998: Мирный житель
Игрок 999: Мирный житель
Мафия 3 выбрала игрока 611 на голосовании.
Мафия 8 выбрала игрока 678 на голосовании.
Мафия 11 выбрала игрока 564 на голосовании.
Мафия 10 выбрала игрока 885 на голосовании.
Мафия 16 выбрала игрока 770 на голосовании.
Мафия 19 выбрала игрока 179 на голосовании.
Мафия 15 выбрала игрока 688 на голосовании.
Мафия 20 выбрала игрока 761 на голосовании.
Мафия 24 выбрала игрока 298 на голосовании.
Мафия 25 выбрала игрока 528 на голосовании.
Мафия 22 выбрала игрока 170 на голосовании.
Мафия 27 выбрала игрока 537 на голосовании.
Мафия 28 выбрала игрока 84 на голосовании.
Мафия 29 выбрала игрока 801 на голосовании.
Мафия 33 выбрала игрока 146 на голосовании.
Мафия 30 выбрала игрока 432 на голосовании.
Мафия 34 выбрала игрока 831 на голосовании.
Мафия 36 выбрала игрока 105 на голосовании.
Мафия 38 выбрала игрока 942 на голосовании.
Мафия 39 выбрала игрока 770 на голосовании.
Мафия 37 выбрала игрока 364 на голосовании.
Мафия 43 выбрала игрока 741 на голосовании.
Мафия 47 выбрала игрока 92 на голосовании.
Мафия 48 выбрала игрока 694 на голосовании.
Мафия 49 выбрала игрока 884 на голосовании.
Мафия 54 выбрала игрока 446 на голосовании.
Мафия 55 выбрала игрока 508 на голосовании.
Мафия 51 выбрала игрока 589 на голосовании.
Мафия 56 выбрала игрока 497 на голосовании.
Мафия 58 выбрала игрока 673 на голосовании.
Мафия 59 выбрала игрока 984 на голосовании.
Мафия 60 выбрала игрока 485 на голосовании.
Мафия 66 выбрала игрока 230 на голосовании.
Мафия 69 выбрала игрока 230 на голосовании.
Мафия 70 выбрала игрока 289 на голосовании.
Мафия 77 выбрала игрока 232 на голосовании.
Мафия 80 выбрала игрока 586 на голосовании.
Мафия 78 выбрала игрока 638 на голосовании.
Мафия 81 выбрала игрока 377 на голосовании.
Мафия 83 выбрала игрока 371 на голосовании.
Мафия 84 выбрала игрока 936 на голосовании.
Мафия 88 выбрала игрока 43 на голосовании.
Мафия 92 выбрала игрока 718 на голосовании.
Мафия 93 выбрала игрока 885 на голосовании.
Мафия 95 выбрала игрока 904 на голосовании.
Мафия 96 выбрала игрока 300 на голосовании.
Мафия 98 выбрала игрока 206 на голосовании.
Мафия 99 выбрала игрока 501 на голосовании.
Мафия 100 выбрала игрока 819 на голосовании.
Мафия 105 выбрала игрока 503 на голосовании.
Мафия 106 выбрала игрока 528 на голосовании.
Мафия 108 выбрала игрока 946 на голосовании.
Мафия 109 выбрала игрока 606 на голосовании.
Мафия 111 выбрала игрока 199 на голосовании.
Мафия 112 выбрала игрока 206 на голосовании.
Мафия 114 выбрала игрока 232 на голосовании.
Мафия 117 выбрала игрока 914 на голосовании.
Мафия 116 выбрала игрока 976 на голосовании.
Мафия 119 выбрала игрока 206 на голосовании.
Мафия 122 выбрала игрока 70 на голосовании.
Мафия 123 выбрала игрока 519 на голосовании.
Мафия 130 выбрала игрока 123 на голосовании.
Мафия 135 выбрала игрока 819 на голосовании.
Мафия 137 выбрала игрока 884 на голосовании.
Мафия 140 выбрала игрока 206 на голосовании.
Мафия 141 выбрала игрока 337 на голосовании.
Мафия 142 выбрала игрока 741 на голосовании.
Мафия 146 выбрала игрока 820 на голосовании.
Мафия 150 выбрала игрока 611 на голосовании.
Мафия 151 выбрала игрока 483 на голосовании.
Мафия 153 выбрала игрока 400 на голосовании.
Мафия 152 выбрала игрока 939 на голосовании.
Мафия 154 выбрала игрока 387 на голосовании.
Мафия 159 выбрала игрока 3 на голосовании.
Мафия 162 выбрала игрока 438 на голосовании.
Мафия 164 выбрала игрока 47 на голосовании.
Мафия 163 выбрала игрока 154 на голосовании.
Мафия 166 выбрала игрока 390 на голосовании.
Мафия 169 выбрала игрока 731 на голосовании.
Мафия 170 выбрала игрока 637 на голосовании.
Мафия 172 выбрала игрока 338 на голосовании.
Мафия 174 выбрала игрока 878 на голосовании.
Мафия 179 выбрала игрока 109 на голосовании.
Мафия 180 выбрала игрока 978 на голосовании.
Мафия 181 выбрала игрока 218 на голосовании.
Мафия 186 выбрала игрока 429 на голосовании.
Мафия 182 выбрала игрока 569 на голосовании.
Мафия 187 выбрала игрока 835 на голосовании.
Мафия 190 выбрала игрока 765 на голосовании.
Мафия 192 выбрала игрока 740 на голосовании.
Мафия 191 выбрала игрока 300 на голосовании.
Мафия 194 выбрала игрока 153 на голосовании.
Мафия 193 выбрала игрока 438 на голосовании.
Мафия 199 выбрала игрока 216 на голосовании.
Мафия 195 выбрала игрока 755 на голосовании.
Мафия 198 выбрала игрока 311 на голосовании.
Мирный 205 выбрал игрока 273 на голосовании.
Мирный 206 выбрал игрока 111 на голосовании.
Мафия 200 выбрала игрока 741 на голосовании.
Мирный 208 выбрал игрока 339 на голосовании.
Мирный 210 выбрал игрока 837 на голосовании.
Мирный 207 выбрал игрока 510 на голосовании.
Мирный 211 выбрал игрока 657 на голосовании.
Мирный 212 выбрал игрока 948 на голосовании.
Мирный 213 выбрал игрока 450 на голосовании.
Мирный 214 выбрал игрока 791 на голосовании.
Мирный 216 выбрал игрока 640 на голосовании.
Мирный 217 выбрал игрока 164 на голосовании.
Мирный 218 выбрал игрока 605 на голосовании.
Мирный 219 выбрал игрока 432 на голосовании.
Мирный 220 выбрал игрока 793 на голосовании.
Мирный 227 выбрал игрока 750 на голосовании.
Мирный 224 выбрал игрока 440 на голосовании.
Мирный 229 выбрал игрока 977 на голосовании.
Мирный 232 выбрал игрока 302 на голосовании.
Мирный 230 выбрал игрока 266 на голосовании.
Мирный 233 выбрал игрока 469 на голосовании.
Мирный 235 выбрал игрока 642 на голосовании.
Мирный 240 выбрал игрока 929 на голосовании.
Мирный 245 выбрал игрока 233 на голосовании.
Мирный 242 выбрал игрока 768 на голосовании.
Мирный 249 выбрал игрока 105 на голосовании.
Мирный 252 выбрал игрока 70 на голосовании.
Мирный 251 выбрал игрока 20 на голосовании.
Мирный 253 выбрал игрока 529 на голосовании.
Мирный 256 выбрал игрока 396 на голосовании.
Мирный 257 выбрал игрока 526 на голосовании.
Мирный 262 выбрал игрока 905 на голосовании.
Мирный 261 выбрал игрока 614 на голосовании.
Мирный 263 выбрал игрока 390 на голосовании.
Мирный 264 выбрал игрока 641 на голосовании.
Мирный 265 выбрал игрока 566 на голосовании.
Мирный 266 выбрал игрока 831 на голосовании.
Мирный 267 выбрал игрока 709 на голосовании.
Мирный 268 выбрал игрока 33 на голосовании.
Мирный 270 выбрал игрока 271 на голосовании.
Мирный 273 выбрал игрока 535 на голосовании.
Мирный 271 выбрал игрока 763 на голосовании.
Мирный 274 выбрал игрока 811 на голосовании.
Мирный 276 выбрал игрока 959 на голосовании.
Мирный 280 выбрал игрока 220 на голосовании.
Мирный 278 выбрал игрока 229 на голосовании.
Мирный 283 выбрал игрока 956 на голосовании.
Мирный 282 выбрал игрока 928 на голосовании.
Мирный 287 выбрал игрока 95 на голосовании.
Мирный 289 выбрал игрока 933 на голосовании.
Мирный 291 выбрал игрока 235 на голосовании.
Мирный 298 выбрал игрока 863 на голосовании.
Мирный 297 выбрал игрока 242 на голосовании.
Мирный 303 выбрал игрока 527 на голосовании.
Мирный 300 выбрал игрока 193 на голосовании.
Мирный 302 выбрал игрока 370 на голосовании.
Мирный 311 выбрал игрока 371 на голосовании.
Мирный 307 выбрал игрока 684 на голосовании.
Мирный 312 выбрал игрока 988 на голосовании.
Мирный 318 выбрал игрока 750 на голосовании.
Мирный 314 выбрал игрока 408 на голосовании.
Мирный 319 выбрал игрока 891 на голосовании.
Мирный 324 выбрал игрока 740 на голосовании.
Мирный 325 выбрал игрока 643 на голосовании.
Мирный 327 выбрал игрока 690 на голосовании.
Мирный 326 выбрал игрока 755 на голосовании.
Мирный 329 выбрал игрока 629 на голосовании.
Мирный 328 выбрал игрока 409 на голосовании.
Мирный 333 выбрал игрока 385 на голосовании.
Мирный 335 выбрал игрока 43 на голосовании.
Мирный 337 выбрал игрока 980 на голосовании.
Мирный 336 выбрал игрока 589 на голосовании.
Мирный 338 выбрал игрока 146 на голосовании.
Мирный 339 выбрал игрока 218 на голосовании.
Мирный 341 выбрал игрока 200 на голосовании.
Мирный 342 выбрал игрока 28 на голосовании.
Мирный 345 выбрал игрока 141 на голосовании.
Мирный 343 выбрал игрока 605 на голосовании.
Мирный 346 выбрал игрока 325 на голосовании.
Мирный 351 выбрал игрока 518 на голосовании.
Мирный 354 выбрал игрока 193 на голосовании.
Мирный 355 выбрал игрока 694 на голосовании.
Мирный 356 выбрал игрока 605 на голосовании.
Мирный 357 выбрал игрока 889 на голосовании.
Мирный 360 выбрал игрока 232 на голосовании.
Мирный 358 выбрал игрока 227 на голосовании.
Мирный 364 выбрал игрока 909 на голосовании.
Мирный 361 выбрал игрока 214 на голосовании.
Мирный 371 выбрал игрока 402 на голосовании.
Мирный 370 выбрал игрока 462 на голосовании.
Мирный 372 выбрал игрока 808 на голосовании.
Мирный 373 выбрал игрока 616 на голосовании.
Мирный 376 выбрал игрока 95 на голосовании.
Мирный 375 выбрал игрока 403 на голосовании.
Мирный 374 выбрал игрока 656 на голосовании.
Мирный 378 выбрал игрока 444 на голосовании.
Мирный 377 выбрал игрока 795 на голосовании.
Мирный 385 выбрал игрока 375 на голосовании.
Мирный 387 выбрал игрока 163 на голосовании.
Мирный 390 выбрал игрока 931 на голосовании.
Мирный 399 выбрал игрока 669 на голосовании.
Мирный 393 выбрал игрока 886 на голосовании.
Мирный 396 выбрал игрока 230 на голосовании.
Мирный 402 выбрал игрока 153 на голосовании.
Мирный 400 выбрал игрока 619 на голосовании.
Мирный 403 выбрал игрока 552 на голосовании.
Мирный 408 выбрал игрока 233 на голосовании.
Мирный 409 выбрал игрока 36 на голосовании.
Мирный 410 выбрал игрока 597 на голосовании.
Мирный 413 выбрал игрока 560 на голосовании.
Мирный 415 выбрал игрока 496 на голосовании.
Мирный 414 выбрал игрока 974 на голосовании.
Мирный 425 выбрал игрока 994 на голосовании.
Мирный 426 выбрал игрока 329 на голосовании.
Мирный 431 выбрал игрока 739 на голосовании.
Мирный 432 выбрал игрока 78 на голосовании.
Мирный 429 выбрал игрока 488 на голосовании.
Мирный 435 выбрал игрока 535 на голосовании.
Мирный 437 выбрал игрока 450 на голосовании.
Мирный 438 выбрал игрока 497 на голосовании.
Мирный 436 выбрал игрока 399 на голосовании.
Мирный 439 выбрал игрока 29 на голосовании.
Мирный 442 выбрал игрока 582 на голосовании.
Мирный 440 выбрал игрока 318 на голосовании.
Мирный 446 выбрал игрока 912 на голосовании.
Мирный 444 выбрал игрока 810 на голосовании.
Мирный 447 выбрал игрока 187 на голосовании.
Мирный 450 выбрал игрока 376 на голосовании.
Мирный 458 выбрал игрока 976 на голосовании.
Мирный 457 выбрал игрока 558 на голосовании.
Мирный 461 выбрал игрока 500 на голосовании.
Мирный 459 выбрал игрока 629 на голосовании.
Мирный 462 выбрал игрока 274 на голосовании.
Мирный 463 выбрал игрока 360 на голосовании.
Мирный 466 выбрал игрока 934 на голосовании.
Мирный 465 выбрал игрока 613 на голосовании.
Мирный 470 выбрал игрока 943 на голосовании.
Мирный 469 выбрал игрока 96 на голосовании.
Мирный 472 выбрал игрока 268 на голосовании.
Мирный 474 выбрал игрока 307 на голосовании.
Мирный 471 выбрал игрока 186 на голосовании.
Мирный 483 выбрал игрока 614 на голосовании.
Мирный 486 выбрал игрока 314 на голосовании.
Мирный 485 выбрал игрока 897 на голосовании.
Мирный 488 выбрал игрока 399 на голосовании.
Мирный 489 выбрал игрока 267 на голосовании.
Мирный 490 выбрал игрока 458 на голосовании.
Мирный 492 выбрал игрока 813 на голосовании.
Мирный 497 выбрал игрока 240 на голосовании.
Мирный 496 выбрал игрока 709 на голосовании.
Мирный 500 выбрал игрока 747 на голосовании.
Мирный 501 выбрал игрока 488 на голосовании.
Мирный 502 выбрал игрока 264 на голосовании.
Мирный 503 выбрал игрока 794 на голосовании.
Мирный 504 выбрал игрока 19 на голосовании.
Мирный 508 выбрал игрока 833 на голосовании.
Мирный 510 выбрал игрока 54 на голосовании.
Мирный 505 выбрал игрока 967 на голосовании.
Мирный 513 выбрал игрока 882 на голосовании.
Мирный 515 выбрал игрока 108 на голосовании.
Мирный 514 выбрал игрока 502 на голосовании.
Мирный 516 выбрал игрока 444 на голосовании.
Мирный 518 выбрал игрока 263 на голосовании.
Мирный 517 выбрал игрока 402 на голосовании.
Мирный 519 выбрал игрока 633 на голосовании.
Мирный 526 выбрал игрока 941 на голосовании.
Мирный 527 выбрал игрока 890 на голосовании.
Мирный 520 выбрал игрока 11 на голосовании.
Мирный 529 выбрал игрока 878 на голосовании.
Мирный 528 выбрал игрока 345 на голосовании.
Мирный 533 выбрал игрока 58 на голосовании.
Мирный 535 выбрал игрока 372 на голосовании.
Мирный 537 выбрал игрока 964 на голосовании.
Мирный 544 выбрал игрока 274 на голосовании.
Мирный 547 выбрал игрока 199 на голосовании.
Мирный 549 выбрал игрока 991 на голосовании.
Мирный 548 выбрал игрока 984 на голосовании.
Мирный 552 выбрал игрока 836 на голосовании.
Мирный 551 выбрал игрока 526 на голосовании.
Мирный 555 выбрал игрока 623 на голосовании.
Мирный 558 выбрал игрока 974 на голосовании.
Мирный 557 выбрал игрока 811 на голосовании.
Мирный 563 выбрал игрока 977 на голосовании.
Мирный 560 выбрал игрока 33 на голосовании.
Мирный 564 выбрал игрока 779 на голосовании.
Мирный 566 выбрал игрока 777 на голосовании.
Мирный 567 выбрал игрока 813 на голосовании.
Мирный 569 выбрал игрока 710 на голосовании.
Мирный 568 выбрал игрока 969 на голосовании.
Мирный 570 выбрал игрока 989 на голосовании.
Мирный 571 выбрал игрока 618 на голосовании.
Мирный 572 выбрал игрока 713 на голосовании.
Мирный 573 выбрал игрока 410 на голосовании.
Мирный 579 выбрал игрока 217 на голосовании.
Мирный 576 выбрал игрока 627 на голосовании.
Мирный 580 выбрал игрока 280 на голосовании.
Мирный 582 выбрал игрока 278 на голосовании.
Мирный 584 выбрал игрока 410 на голосовании.
Мирный 586 выбрал игрока 527 на голосовании.
Мирный 595 выбрал игрока 265 на голосовании.
Мирный 589 выбрал игрока 472 на голосовании.
Мирный 594 выбрал игрока 180 на голосовании.
Мирный 597 выбрал игрока 654 на голосовании.
Мирный 599 выбрал игрока 589 на голосовании.
Мирный 600 выбрал игрока 219 на голосовании.
Мирный 605 выбрал игрока 663 на голосовании.
Мирный 601 выбрал игрока 660 на голосовании.
Мирный 606 выбрал игрока 408 на голосовании.
Мирный 602 выбрал игрока 462 на голосовании.
Мирный 614 выбрал игрока 151 на голосовании.
Мирный 611 выбрал игрока 393 на голосовании.
Мирный 613 выбрал игрока 245 на голосовании.
Мирный 616 выбрал игрока 410 на голосовании.
Мирный 619 выбрал игрока 162 на голосовании.
Мирный 618 выбрал игрока 599 на голосовании.
Мирный 623 выбрал игрока 169 на голосовании.
Мирный 627 выбрал игрока 784 на голосовании.
Мирный 625 выбрал игрока 983 на голосовании.
Мирный 629 выбрал игрока 378 на голосовании.
Мирный 633 выбрал игрока 710 на голосовании.
Мирный 630 выбрал игрока 318 на голосовании.
Мирный 636 выбрал игрока 436 на голосовании.
Мирный 637 выбрал игрока 998 на голосовании.
Мирный 638 выбрал игрока 193 на голосовании.
Мирный 641 выбрал игрока 637 на голосовании.
Мирный 640 выбрал игрока 680 на голосовании.
Мирный 643 выбрал игрока 266 на голосовании.
Мирный 642 выбрал игрока 768 на голосовании.
Мирный 645 выбрал игрока 302 на голосовании.
Мирный 647 выбрал игрока 659 на голосовании.
Мирный 652 выбрал игрока 319 на голосовании.
Мирный 654 выбрал игрока 749 на голосовании.
Мирный 656 выбрал игрока 501 на голосовании.
Мирный 659 выбрал игрока 187 на голосовании.
Мирный 657 выбрал игрока 777 на голосовании.
Мирный 660 выбрал игрока 229 на голосовании.
Мирный 662 выбрал игрока 889 на голосовании.
Мирный 663 выбрал игрока 739 на голосовании.
Мирный 668 выбрал игрока 946 на голосовании.
Мирный 665 выбрал игрока 824 на голосовании.
Мирный 669 выбрал игрока 489 на голосовании.
Мирный 675 выбрал игрока 142 на голосовании.
Мирный 677 выбрал игрока 108 на голосовании.
Мирный 673 выбрал игрока 16 на голосовании.
Мирный 678 выбрал игрока 840 на голосовании.
Мирный 679 выбрал игрока 488 на голосовании.
Мирный 680 выбрал игрока 537 на голосовании.
Мирный 684 выбрал игрока 580 на голосовании.
Мирный 687 выбрал игрока 66 на голосовании.
Мирный 685 выбрал игрока 440 на голосовании.
Мирный 688 выбрал игрока 37 на голосовании.
Мирный 692 выбрал игрока 678 на голосовании.
Мирный 690 выбрал игрока 741 на голосовании.
Мирный 695 выбрал игрока 440 на голосовании.
Мирный 694 выбрал игрока 513 на голосовании.
Мирный 701 выбрал игрока 135 на голосовании.
Мирный 700 выбрал игрока 354 на голосовании.
Мирный 703 выбрал игрока 794 на голосовании.
Мирный 705 выбрал игрока 773 на голосовании.
Мирный 704 выбрал игрока 81 на голосовании.
Мирный 709 выбрал игрока 208 на голосовании.
Мирный 707 выбрал игрока 678 на голосовании.
Мирный 710 выбрал игрока 892 на голосовании.
Мирный 711 выбрал игрока 860 на голосовании.
Мирный 713 выбрал игрока 882 на голосовании.
Мирный 718 выбрал игрока 594 на голосовании.
Мирный 715 выбрал игрока 694 на голосовании.
Мирный 720 выбрал игрока 555 на голосовании.
Мирный 725 выбрал игрока 291 на голосовании.
Мирный 724 выбрал игрока 517 на голосовании.
Мирный 726 выбрал игрока 916 на голосовании.
Мирный 732 выбрал игрока 916 на голосовании.
Мирный 731 выбрал игрока 326 на голосовании.
Мирный 733 выбрал игрока 872 на голосовании.
Мирный 735 выбрал игрока 854 на голосовании.
Мирный 738 выбрал игрока 43 на голосовании.
Мирный 740 выбрал игрока 601 на голосовании.
Мирный 741 выбрал игрока 172 на голосовании.
Мирный 739 выбрал игрока 688 на голосовании.
Мирный 744 выбрал игрока 810 на голосовании.
Мирный 747 выбрал игрока 343 на голосовании.
Мирный 743 выбрал игрока 357 на голосовании.
Мирный 748 выбрал игрока 817 на голосовании.
Мирный 750 выбрал игрока 594 на голосовании.
Мирный 749 выбрал игрока 768 на голосовании.
Мирный 754 выбрал игрока 576 на голосовании.
Мирный 757 выбрал игрока 273 на голосовании.
Мирный 755 выбрал игрока 954 на голосовании.
Мирный 761 выбрал игрока 335 на голосовании.
Мирный 759 выбрал игрока 271 на голосовании.
Мирный 762 выбрал игрока 576 на голосовании.
Мирный 763 выбрал игрока 346 на голосовании.
Мирный 765 выбрал игрока 957 на голосовании.
Мирный 771 выбрал игрока 55 на голосовании.
Мирный 768 выбрал игрока 589 на голосовании.
Мирный 773 выбрал игрока 994 на голосовании.
Мирный 770 выбрал игрока 400 на голосовании.
Мирный 777 выбрал игрока 978 на голосовании.
Мирный 779 выбрал игрока 694 на голосовании.
Мирный 781 выбрал игрока 967 на голосовании.
Мирный 783 выбрал игрока 169 на голосовании.
Мирный 784 выбрал игрока 459 на голосовании.
Мирный 789 выбрал игрока 287 на голосовании.
Мирный 787 выбрал игрока 860 на голосовании.
Мирный 791 выбрал игрока 601 на голосовании.
Мирный 793 выбрал игрока 923 на голосовании.
Мирный 794 выбрал игрока 80 на голосовании.
Мирный 796 выбрал игрока 824 на голосовании.
Мирный 795 выбрал игрока 967 на голосовании.
Мирный 797 выбрал игрока 302 на голосовании.
Мирный 801 выбрал игрока 584 на голосовании.
Мирный 798 выбрал игрока 890 на голосовании.
Мирный 804 выбрал игрока 28 на голосовании.
Мирный 808 выбрал игрока 267 на голосовании.
Мирный 810 выбрал игрока 36 на голосовании.
Мирный 807 выбрал игрока 950 на голосовании.
Мирный 811 выбрал игрока 55 на голосовании.
Мирный 814 выбрал игрока 643 на голосовании.
Мирный 816 выбрал игрока 770 на голосовании.
Мирный 813 выбрал игрока 338 на голосовании.
Мирный 819 выбрал игрока 36 на голосовании.
Мирный 817 выбрал игрока 193 на голосовании.
Мирный 820 выбрал игрока 307 на голосовании.
Мирный 821 выбрал игрока 163 на голосовании.
Мирный 824 выбрал игрока 905 на голосовании.
Мирный 825 выбрал игрока 154 на голосовании.
Мирный 827 выбрал игрока 200 на голосовании.
Мирный 828 выбрал игрока 393 на голосовании.
Мирный 829 выбрал игрока 749 на голосовании.
Мирный 833 выбрал игрока 739 на голосовании.
Мирный 830 выбрал игрока 958 на голосовании.
Мирный 835 выбрал игрока 96 на голосовании.
Мирный 831 выбрал игрока 8 на голосовании.
Мирный 836 выбрал игрока 795 на голосовании.
Мирный 838 выбрал игрока 526 на голосовании.
Мирный 837 выбрал игрока 841 на голосовании.
Мирный 839 выбрал игрока 694 на голосовании.
Мирный 841 выбрал игрока 257 на голосовании.
Мирный 840 выбрал игрока 194 на голосовании.
Мирный 846 выбрал игрока 442 на голосовании.
Мирный 843 выбрал игрока 638 на голосовании.
Мирный 847 выбрал игрока 659 на голосовании.
Мирный 848 выбрал игрока 848 на голосовании.
Мирный 850 выбрал игрока 705 на голосовании.
Мирный 854 выбрал игрока 462 на голосовании.
Мирный 859 выбрал игрока 946 на голосовании.
Мирный 857 выбрал игрока 985 на голосовании.
Мирный 860 выбрал игрока 848 на голосовании.
Мирный 861 выбрал игрока 568 на голосовании.
Мирный 863 выбрал игрока 589 на голосовании.
Мирный 868 выбрал игрока 660 на голосовании.
Мирный 864 выбрал игрока 106 на голосовании.
Мирный 869 выбрал игрока 526 на голосовании.
Мирный 871 выбрал игрока 151 на голосовании.
Мирный 872 выбрал игрока 641 на голосовании.
Мирный 878 выбрал игрока 513 на голосовании.
Мирный 875 выбрал игрока 964 на голосовании.
Мирный 880 выбрал игрока 601 на голосовании.
Мирный 883 выбрал игрока 880 на голосовании.
Мирный 882 выбрал игрока 884 на голосовании.
Мирный 884 выбрал игрока 245 на голосовании.
Мирный 886 выбрал игрока 370 на голосовании.
Мирный 885 выбрал игрока 66 на голосовании.
Мирный 889 выбрал игрока 743 на голосовании.
Мирный 890 выбрал игрока 263 на голосовании.
Мирный 891 выбрал игрока 123 на голосовании.
Мирный 892 выбрал игрока 705 на голосовании.
Мирный 893 выбрал игрока 19 на голосовании.
Мирный 897 выбрал игрока 850 на голосовании.
Мирный 903 выбрал игрока 770 на голосовании.
Мирный 894 выбрал игрока 377 на голосовании.
Мирный 904 выбрал игрока 904 на голосовании.
Мирный 905 выбрал игрока 375 на голосовании.
Мирный 906 выбрал игрока 933 на голосовании.
Мирный 909 выбрал игрока 325 на голосовании.
Мирный 912 выбрал игрока 605 на голосовании.
Мирный 908 выбрал игрока 265 на голосовании.
Мирный 914 выбрал игрока 325 на голосовании.
Мирный 915 выбрал игрока 262 на голосовании.
Мирный 916 выбрал игрока 964 на голосовании.
Мирный 923 выбрал игрока 166 на голосовании.
Мирный 928 выбрал игрока 457 на голосовании.
Мирный 924 выбрал игрока 984 на голосовании.
Мирный 929 выбрал игрока 627 на голосовании.
Мирный 931 выбрал игрока 187 на голосовании.
Мирный 932 выбрал игрока 980 на голосовании.
Мирный 933 выбрал игрока 123 на голосовании.
Мирный 934 выбрал игрока 93 на голосовании.
Мирный 936 выбрал игрока 840 на голосовании.
Мирный 937 выбрал игрока 355 на голосовании.
Мирный 939 выбрал игрока 385 на голосовании.
Мирный 941 выбрал игрока 744 на голосовании.
Мирный 942 выбрал игрока 114 на голосовании.
Мирный 943 выбрал игрока 537 на голосовании.
Мирный 946 выбрал игрока 518 на голосовании.
Мирный 948 выбрал игрока 937 на голосовании.
Мирный 950 выбрал игрока 875 на голосовании.
Мирный 951 выбрал игрока 153 на голосовании.
Мирный 954 выбрал игрока 390 на голосовании.
Мирный 953 выбрал игрока 245 на голосовании.
Мирный 956 выбрал игрока 283 на голосовании.
Мирный 957 выбрал игрока 735 на голосовании.
Мирный 959 выбрал игрока 528 на голосовании.
Мирный 961 выбрал игрока 827 на голосовании.
Мирный 958 выбрал игрока 95 на голосовании.
Мирный 963 выбрал игрока 904 на голосовании.
Мирный 964 выбрал игрока 253 на голосовании.
Мирный 966 выбрал игрока 740 на голосовании.
Мирный 969 выбрал игрока 654 на голосовании.
Мирный 967 выбрал игрока 528 на голосовании.
Мирный 972 выбрал игрока 141 на голосовании.
Мирный 975 выбрал игрока 623 на голосовании.
Мирный 974 выбрал игрока 594 на голосовании.
Мирный 976 выбрал игрока 582 на голосовании.
Мирный 977 выбрал игрока 117 на голосовании.
Мирный 978 выбрал игрока 710 на голосовании.
Мирный 980 выбрал игрока 656 на голосовании.
Мирный 981 выбрал игрока 781 на голосовании.
Мирный 982 выбрал игрока 374 на голосовании.
Мирный 983 выбрал игрока 707 на голосовании.
Мирный 984 выбрал игрока 981 на голосовании.
Мирный 985 выбрал игрока 891 на голосовании.
Мирный 986 выбрал игрока 410 на голосовании.
Мирный 988 выбрал игрока 582 на голосовании.
Мирный 989 выбрал игрока 440 на голосовании.
Мирный 990 выбрал игрока 680 на голосовании.
Мирный 995 выбрал игрока 972 на голосовании.
Мирный 991 выбрал игрока 403 на голосовании.
Мирный 994 выбрал игрока 599 на голосовании.
Мирный 998 выбрал игрока 589 на голосовании.
Мирный 999 выбрал игрока 749 на голосовании.
Игрок 589 был убит после голосования.
