Начало раунда 423
Игрок 80: Дон мафии
Игрок 130: Мафия
Игрок 191: Мафия
Игрок 194: Мафия
Игрок 266: Мирный житель
Игрок 287: Мирный житель
Игрок 327: Мирный житель
Игрок 329: Мирный житель
Игрок 361: Мирный житель
Игрок 415: Мирный житель
Игрок 503: Мирный житель
Игрок 504: Мирный житель
Игрок 505: Мирный житель
Игрок 526: Мирный житель
Игрок 552: Мирный житель
Игрок 563: Мирный житель
Игрок 611: Мирный житель
Игрок 633: Мирный житель
Игрок 643: Мирный житель
Игрок 662: Мирный житель
Игрок 709: Мирный житель
Игрок 711: Мирный житель
Игрок 718: Мирный житель
Игрок 738: Мирный житель
Игрок 744: Мирный житель
Игрок 770: Мирный житель
Игрок 789: Мирный житель
Игрок 817: Мирный житель
Игрок 835: Мирный житель
Игрок 880: Мирный житель
Игрок 916: Мирный житель
Игрок 933: Мирный житель
Игрок 946: Мирный житель
Игрок 948: Мирный житель
Игрок 975: Мирный житель
Игрок 999: Мирный житель
Мафия 80 выбрала игрока 643 для убийства.
Мафия 194 выбрала игрока 738 для убийства.
Мафия 130 выбрала игрока 975 для убийства.
Мафия 191 выбрала игрока 718 для убийства.
Дон мафии 80 выбрал игрока 975 на основе голосов мафии.
Игрок 975 был убит мафией.
Игрок 80: Дон мафии
Игрок 130: Мафия
Игрок 191: Мафия
Игрок 194: Мафия
Игрок 266: Мирный житель
Игрок 287: Мирный житель
Игрок 327: Мирный житель
Игрок 329: Мирный житель
Игрок 361: Мирный житель
Игрок 415: Мирный житель
Игрок 503: Мирный житель
Игрок 504: Мирный житель
Игрок 505: Мирный житель
Игрок 526: Мирный житель
Игрок 552: Мирный житель
Игрок 563: Мирный житель
Игрок 611: Мирный житель
Игрок 633: Мирный житель
Игрок 643: Мирный житель
Игрок 662: Мирный житель
Игрок 709: Мирный житель
Игрок 711: Мирный житель
Игрок 718: Мирный житель
Игрок 738: Мирный житель
Игрок 744: Мирный житель
Игрок 770: Мирный житель
Игрок 789: Мирный житель
Игрок 817: Мирный житель
Игрок 835: Мирный житель
Игрок 880: Мирный житель
Игрок 916: Мирный житель
Игрок 933: Мирный житель
Игрок 946: Мирный житель
Игрок 948: Мирный житель
Игрок 999: Мирный житель
Мафия 80 выбрала игрока 505 на голосовании.
Мафия 130 выбрала игрока 789 на голосовании.
Мафия 191 выбрала игрока 662 на голосовании.
Мафия 194 выбрала игрока 130 на голосовании.
Мирный 287 выбрал игрока 611 на голосовании.
Мирный 266 выбрал игрока 643 на голосовании.
Мирный 327 выбрал игрока 361 на голосовании.
Мирный 329 выбрал игрока 611 на голосовании.
Мирный 361 выбрал игрока 738 на голосовании.
Мирный 415 выбрал игрока 916 на голосовании.
Мирный 503 выбрал игрока 503 на голосовании.
Мирный 504 выбрал игрока 505 на голосовании.
Мирный 505 выбрал игрока 563 на голосовании.
Мирный 526 выбрал игрока 933 на голосовании.
Мирный 552 выбрал игрока 880 на голосовании.
Мирный 563 выбрал игрока 415 на голосовании.
Мирный 611 выбрал игрока 80 на голосовании.
Мирный 633 выбрал игрока 191 на голосовании.
Мирный 643 выбрал игрока 789 на голосовании.
Мирный 662 выбрал игрока 948 на голосовании.
Мирный 711 выбрал игрока 503 на голосовании.
Мирный 709 выбрал игрока 266 на голосовании.
Мирный 718 выбрал игрока 662 на голосовании.
Мирный 738 выбрал игрока 130 на голосовании.
Мирный 744 выбрал игрока 633 на голосовании.
Мирный 789 выбрал игрока 415 на голосовании.
Мирный 770 выбрал игрока 552 на голосовании.
Мирный 817 выбрал игрока 329 на голосовании.
Мирный 835 выбрал игрока 191 на голосовании.
Мирный 880 выбрал игрока 738 на голосовании.
Мирный 933 выбрал игрока 563 на голосовании.
Мирный 916 выбрал игрока 718 на голосовании.
Мирный 946 выбрал игрока 80 на голосовании.
Мирный 948 выбрал игрока 770 на голосовании.
Мирный 999 выбрал игрока 329 на голосовании.
Игрок 80 был убит после голосования.
