Начало раунда 7
Мафия 2 выбрала игрока 30 для убийства.
Мафия 3 выбрала игрока 16 для убийства.
Мафия 4 выбрала игрока 30 для убийства.
Мафия 6 выбрала игрока 16 для убийства.
Комиссар проверил игрока 3 и обнаружил, что он мафия.
Комиссар знает, что игрок 2 мафия.
Игрок 16 был убит мафией.
Мафия 2 выбрала игрока 6 на голосовании.
Мафия 3 выбрала игрока 3 на голосовании.
Мафия 4 выбрала игрока 10 на голосовании.
Мафия 6 выбрала игрока 2 на голосовании.
Комиссар 8 голосует за игрока 3 (обнаруженный мафия).
Комиссар 10 голосует за случайного игрока 17.
Мирный 14 выбрал игрока 30 на голосовании.
Мирный 17 выбрал игрока 27 на голосовании.
Мирный 23 выбрал игрока 2 на голосовании.
Мирный 26 выбрал игрока 6 на голосовании.
Мирный 27 выбрал игрока 10 на голосовании.
Мирный 30 выбрал игрока 17 на голосовании.
Игрок 3 был убит после голосования.
