Начало раунда 438
Игрок 191: Дон мафии
Игрок 611: Мирный житель
Игрок 709: Мирный житель
Игрок 738: Мирный житель
Игрок 817: Мирный житель
Игрок 999: Мирный житель
Мафия 191 выбрала игрока 738 для убийства.
Дон мафии 191 выбрал игрока 738 на основе голосов мафии.
Игрок 738 был убит мафией.
Игрок 191: Дон мафии
Игрок 611: Мирный житель
Игрок 709: Мирный житель
Игрок 817: Мирный житель
Игрок 999: Мирный житель
Мафия 191 выбрала игрока 999 на голосовании.
Мирный 817 выбрал игрока 999 на голосовании.
Мирный 611 выбрал игрока 709 на голосовании.
Мирный 709 выбрал игрока 709 на голосовании.
Мирный 999 выбрал игрока 191 на голосовании.
Игрок 709 был убит после голосования.
