Начало раунда 4
Игрок 1: Дон мафии
Игрок 3: Мафия
Игрок 4: Комиссар
Игрок 11: Мирный житель
Игрок 13: Мирный житель
Игрок 14: Мирный житель
Игрок 15: Мирный житель
Мафия 1 выбрала игрока 13 для убийства.
Мафия 3 выбрала игрока 15 для убийства.
Комиссар проверил игрока 1 и обнаружил, что он мафия.
Дон мафии 1 выбрал игрока 13 на основе голосов мафии.
Бот 13 был убит мафией.
Игрок 1: Дон мафии
Игрок 3: Мафия
Игрок 4: Комиссар
Игрок 11: Мирный житель
Игрок 14: Мирный житель
Игрок 15: Мирный житель
Комиссар 4 голосует за игрока 1 (обнаруженный мафия).
Мафия 3 выбрала игрока 14 на голосовании.
Мирный 11 выбрал игрока 4 на голосовании.
Мафия 1 выбрала игрока 11 на голосовании.
Мирный 15 выбрал игрока 15 на голосовании.
Мирный 14 выбрал игрока 3 на голосовании.
Бот 1 был убит после дневного голосования.
