Начало раунда 17
Игрок 1: Дон мафии
Игрок 2: Мафия
Игрок 3: Мафия
Игрок 6: Мафия
Игрок 7: Мафия
Игрок 8: Мафия
Игрок 10: Мафия
Игрок 11: Мафия
Игрок 13: Мафия
Игрок 14: Мафия
Игрок 15: Мафия
Игрок 16: Мафия
Игрок 17: Мафия
Игрок 18: Мафия
Игрок 19: Мафия
Игрок 20: Мафия
Игрок 21: Мафия
Игрок 22: Мафия
Игрок 23: Мафия
Игрок 24: Мафия
Игрок 25: Мафия
Игрок 26: Мафия
Игрок 27: Мафия
Игрок 28: Мафия
Игрок 29: Мафия
Игрок 30: Мафия
Игрок 32: Мафия
Игрок 33: Мафия
Игрок 34: Мафия
Игрок 35: Мафия
Игрок 36: Мафия
Игрок 37: Мафия
Игрок 38: Мафия
Игрок 39: Мафия
Игрок 40: Мафия
Игрок 42: Мафия
Игрок 43: Мафия
Игрок 44: Мафия
Игрок 45: Мафия
Игрок 46: Мафия
Игрок 47: Мафия
Игрок 48: Мафия
Игрок 49: Мафия
Игрок 50: Мафия
Игрок 51: Мафия
Игрок 52: Мафия
Игрок 53: Мафия
Игрок 54: Мафия
Игрок 55: Мафия
Игрок 56: Мафия
Игрок 58: Мафия
Игрок 59: Мафия
Игрок 60: Мафия
Игрок 61: Мафия
Игрок 62: Мафия
Игрок 63: Мафия
Игрок 64: Мафия
Игрок 65: Мафия
Игрок 66: Мафия
Игрок 67: Мафия
Игрок 68: Мафия
Игрок 69: Мафия
Игрок 70: Мафия
Игрок 71: Мафия
Игрок 72: Мафия
Игрок 73: Мафия
Игрок 74: Мафия
Игрок 75: Мафия
Игрок 76: Мафия
Игрок 77: Мафия
Игрок 78: Мафия
Игрок 79: Мафия
Игрок 80: Мафия
Игрок 81: Мафия
Игрок 82: Мафия
Игрок 83: Мафия
Игрок 84: Мафия
Игрок 85: Мафия
Игрок 86: Мафия
Игрок 87: Мафия
Игрок 88: Мафия
Игрок 89: Мафия
Игрок 90: Мафия
Игрок 91: Мафия
Игрок 92: Мафия
Игрок 93: Мафия
Игрок 94: Мафия
Игрок 95: Мафия
Игрок 96: Мафия
Игрок 97: Мафия
Игрок 98: Мафия
Игрок 99: Мафия
Игрок 100: Мафия
Игрок 102: Мафия
Игрок 103: Мафия
Игрок 104: Мафия
Игрок 105: Мафия
Игрок 106: Мафия
Игрок 107: Мафия
Игрок 108: Мафия
Игрок 109: Мафия
Игрок 110: Мафия
Игрок 111: Мафия
Игрок 112: Мафия
Игрок 114: Мафия
Игрок 115: Мафия
Игрок 116: Мафия
Игрок 117: Мафия
Игрок 118: Мафия
Игрок 119: Мафия
Игрок 120: Мафия
Игрок 121: Мафия
Игрок 122: Мафия
Игрок 123: Мафия
Игрок 125: Мафия
Игрок 126: Мафия
Игрок 127: Мафия
Игрок 128: Мафия
Игрок 129: Мафия
Игрок 130: Мафия
Игрок 131: Мафия
Игрок 132: Мафия
Игрок 133: Мафия
Игрок 134: Мафия
Игрок 135: Мафия
Игрок 136: Мафия
Игрок 137: Мафия
Игрок 138: Мафия
Игрок 139: Мафия
Игрок 140: Мафия
Игрок 141: Мафия
Игрок 142: Мафия
Игрок 143: Мафия
Игрок 144: Мафия
Игрок 145: Мафия
Игрок 146: Мафия
Игрок 147: Мафия
Игрок 148: Мафия
Игрок 149: Мафия
Игрок 150: Мафия
Игрок 151: Мафия
Игрок 152: Мафия
Игрок 153: Мафия
Игрок 154: Мафия
Игрок 155: Мафия
Игрок 156: Мафия
Игрок 157: Мафия
Игрок 158: Мафия
Игрок 159: Мафия
Игрок 160: Мафия
Игрок 161: Мафия
Игрок 162: Мафия
Игрок 163: Мафия
Игрок 164: Мафия
Игрок 165: Мафия
Игрок 166: Мафия
Игрок 167: Мафия
Игрок 168: Мафия
Игрок 169: Мафия
Игрок 170: Мафия
Игрок 171: Мафия
Игрок 172: Мафия
Игрок 174: Мафия
Игрок 176: Мафия
Игрок 177: Мафия
Игрок 178: Мафия
Игрок 179: Мафия
Игрок 180: Мафия
Игрок 181: Мафия
Игрок 182: Мафия
Игрок 183: Мафия
Игрок 184: Мафия
Игрок 185: Мафия
Игрок 186: Мафия
Игрок 187: Мафия
Игрок 188: Мафия
Игрок 189: Мафия
Игрок 190: Мафия
Игрок 191: Мафия
Игрок 192: Мафия
Игрок 193: Мафия
Игрок 194: Мафия
Игрок 195: Мафия
Игрок 196: Мафия
Игрок 197: Мафия
Игрок 198: Мафия
Игрок 199: Мафия
Игрок 200: Мафия
Игрок 201: Комиссар
Игрок 202: Маньяк
Игрок 203: Мирный житель
Игрок 204: Мирный житель
Игрок 205: Мирный житель
Игрок 206: Мирный житель
Игрок 207: Мирный житель
Игрок 208: Мирный житель
Игрок 209: Мирный житель
Игрок 210: Мирный житель
Игрок 211: Мирный житель
Игрок 212: Мирный житель
Игрок 213: Мирный житель
Игрок 214: Мирный житель
Игрок 215: Мирный житель
Игрок 216: Мирный житель
Игрок 217: Мирный житель
Игрок 218: Мирный житель
Игрок 219: Мирный житель
Игрок 220: Мирный житель
Игрок 221: Мирный житель
Игрок 222: Мирный житель
Игрок 223: Мирный житель
Игрок 224: Мирный житель
Игрок 225: Мирный житель
Игрок 227: Мирный житель
Игрок 228: Мирный житель
Игрок 229: Мирный житель
Игрок 230: Мирный житель
Игрок 232: Мирный житель
Игрок 233: Мирный житель
Игрок 235: Мирный житель
Игрок 237: Мирный житель
Игрок 238: Мирный житель
Игрок 239: Мирный житель
Игрок 240: Мирный житель
Игрок 241: Мирный житель
Игрок 242: Мирный житель
Игрок 243: Мирный житель
Игрок 244: Мирный житель
Игрок 245: Мирный житель
Игрок 246: Мирный житель
Игрок 248: Мирный житель
Игрок 249: Мирный житель
Игрок 250: Мирный житель
Игрок 251: Мирный житель
Игрок 252: Мирный житель
Игрок 253: Мирный житель
Игрок 254: Мирный житель
Игрок 255: Мирный житель
Игрок 256: Мирный житель
Игрок 257: Мирный житель
Игрок 258: Мирный житель
Игрок 259: Мирный житель
Игрок 260: Мирный житель
Игрок 261: Мирный житель
Игрок 262: Мирный житель
Игрок 263: Мирный житель
Игрок 264: Мирный житель
Игрок 265: Мирный житель
Игрок 266: Мирный житель
Игрок 267: Мирный житель
Игрок 268: Мирный житель
Игрок 269: Мирный житель
Игрок 270: Мирный житель
Игрок 271: Мирный житель
Игрок 272: Мирный житель
Игрок 273: Мирный житель
Игрок 274: Мирный житель
Игрок 275: Мирный житель
Игрок 276: Мирный житель
Игрок 277: Мирный житель
Игрок 278: Мирный житель
Игрок 279: Мирный житель
Игрок 280: Мирный житель
Игрок 281: Мирный житель
Игрок 282: Мирный житель
Игрок 283: Мирный житель
Игрок 284: Мирный житель
Игрок 285: Мирный житель
Игрок 286: Мирный житель
Игрок 287: Мирный житель
Игрок 288: Мирный житель
Игрок 289: Мирный житель
Игрок 290: Мирный житель
Игрок 291: Мирный житель
Игрок 292: Мирный житель
Игрок 293: Мирный житель
Игрок 294: Мирный житель
Игрок 295: Мирный житель
Игрок 296: Мирный житель
Игрок 297: Мирный житель
Игрок 298: Мирный житель
Игрок 299: Мирный житель
Игрок 300: Мирный житель
Игрок 301: Мирный житель
Игрок 302: Мирный житель
Игрок 303: Мирный житель
Игрок 304: Мирный житель
Игрок 305: Мирный житель
Игрок 306: Мирный житель
Игрок 307: Мирный житель
Игрок 308: Мирный житель
Игрок 309: Мирный житель
Игрок 310: Мирный житель
Игрок 311: Мирный житель
Игрок 312: Мирный житель
Игрок 313: Мирный житель
Игрок 314: Мирный житель
Игрок 315: Мирный житель
Игрок 316: Мирный житель
Игрок 317: Мирный житель
Игрок 318: Мирный житель
Игрок 319: Мирный житель
Игрок 320: Мирный житель
Игрок 321: Мирный житель
Игрок 322: Мирный житель
Игрок 323: Мирный житель
Игрок 324: Мирный житель
Игрок 325: Мирный житель
Игрок 326: Мирный житель
Игрок 327: Мирный житель
Игрок 328: Мирный житель
Игрок 329: Мирный житель
Игрок 330: Мирный житель
Игрок 331: Мирный житель
Игрок 332: Мирный житель
Игрок 333: Мирный житель
Игрок 334: Мирный житель
Игрок 335: Мирный житель
Игрок 336: Мирный житель
Игрок 337: Мирный житель
Игрок 338: Мирный житель
Игрок 339: Мирный житель
Игрок 340: Мирный житель
Игрок 341: Мирный житель
Игрок 342: Мирный житель
Игрок 343: Мирный житель
Игрок 345: Мирный житель
Игрок 346: Мирный житель
Игрок 347: Мирный житель
Игрок 348: Мирный житель
Игрок 349: Мирный житель
Игрок 350: Мирный житель
Игрок 351: Мирный житель
Игрок 352: Мирный житель
Игрок 353: Мирный житель
Игрок 354: Мирный житель
Игрок 355: Мирный житель
Игрок 356: Мирный житель
Игрок 357: Мирный житель
Игрок 358: Мирный житель
Игрок 359: Мирный житель
Игрок 360: Мирный житель
Игрок 361: Мирный житель
Игрок 362: Мирный житель
Игрок 363: Мирный житель
Игрок 364: Мирный житель
Игрок 366: Мирный житель
Игрок 367: Мирный житель
Игрок 368: Мирный житель
Игрок 369: Мирный житель
Игрок 370: Мирный житель
Игрок 371: Мирный житель
Игрок 372: Мирный житель
Игрок 373: Мирный житель
Игрок 374: Мирный житель
Игрок 375: Мирный житель
Игрок 376: Мирный житель
Игрок 377: Мирный житель
Игрок 378: Мирный житель
Игрок 379: Мирный житель
Игрок 380: Мирный житель
Игрок 381: Мирный житель
Игрок 382: Мирный житель
Игрок 383: Мирный житель
Игрок 384: Мирный житель
Игрок 385: Мирный житель
Игрок 386: Мирный житель
Игрок 387: Мирный житель
Игрок 388: Мирный житель
Игрок 389: Мирный житель
Игрок 390: Мирный житель
Игрок 391: Мирный житель
Игрок 392: Мирный житель
Игрок 393: Мирный житель
Игрок 395: Мирный житель
Игрок 396: Мирный житель
Игрок 398: Мирный житель
Игрок 399: Мирный житель
Игрок 400: Мирный житель
Игрок 401: Мирный житель
Игрок 402: Мирный житель
Игрок 403: Мирный житель
Игрок 404: Мирный житель
Игрок 405: Мирный житель
Игрок 406: Мирный житель
Игрок 407: Мирный житель
Игрок 408: Мирный житель
Игрок 409: Мирный житель
Игрок 410: Мирный житель
Игрок 411: Мирный житель
Игрок 412: Мирный житель
Игрок 413: Мирный житель
Игрок 414: Мирный житель
Игрок 415: Мирный житель
Игрок 416: Мирный житель
Игрок 417: Мирный житель
Игрок 418: Мирный житель
Игрок 419: Мирный житель
Игрок 420: Мирный житель
Игрок 421: Мирный житель
Игрок 422: Мирный житель
Игрок 423: Мирный житель
Игрок 424: Мирный житель
Игрок 425: Мирный житель
Игрок 426: Мирный житель
Игрок 427: Мирный житель
Игрок 428: Мирный житель
Игрок 429: Мирный житель
Игрок 430: Мирный житель
Игрок 431: Мирный житель
Игрок 432: Мирный житель
Игрок 433: Мирный житель
Игрок 435: Мирный житель
Игрок 436: Мирный житель
Игрок 437: Мирный житель
Игрок 438: Мирный житель
Игрок 439: Мирный житель
Игрок 440: Мирный житель
Игрок 441: Мирный житель
Игрок 442: Мирный житель
Игрок 443: Мирный житель
Игрок 444: Мирный житель
Игрок 445: Мирный житель
Игрок 446: Мирный житель
Игрок 447: Мирный житель
Игрок 448: Мирный житель
Игрок 449: Мирный житель
Игрок 450: Мирный житель
Игрок 451: Мирный житель
Игрок 452: Мирный житель
Игрок 453: Мирный житель
Игрок 454: Мирный житель
Игрок 455: Мирный житель
Игрок 456: Мирный житель
Игрок 457: Мирный житель
Игрок 458: Мирный житель
Игрок 459: Мирный житель
Игрок 460: Мирный житель
Игрок 461: Мирный житель
Игрок 462: Мирный житель
Игрок 463: Мирный житель
Игрок 464: Мирный житель
Игрок 465: Мирный житель
Игрок 466: Мирный житель
Игрок 467: Мирный житель
Игрок 469: Мирный житель
Игрок 470: Мирный житель
Игрок 471: Мирный житель
Игрок 472: Мирный житель
Игрок 473: Мирный житель
Игрок 474: Мирный житель
Игрок 476: Мирный житель
Игрок 477: Мирный житель
Игрок 478: Мирный житель
Игрок 479: Мирный житель
Игрок 480: Мирный житель
Игрок 481: Мирный житель
Игрок 482: Мирный житель
Игрок 483: Мирный житель
Игрок 484: Мирный житель
Игрок 485: Мирный житель
Игрок 486: Мирный житель
Игрок 487: Мирный житель
Игрок 488: Мирный житель
Игрок 489: Мирный житель
Игрок 490: Мирный житель
Игрок 491: Мирный житель
Игрок 492: Мирный житель
Игрок 493: Мирный житель
Игрок 494: Мирный житель
Игрок 495: Мирный житель
Игрок 496: Мирный житель
Игрок 497: Мирный житель
Игрок 498: Мирный житель
Игрок 499: Мирный житель
Игрок 500: Мирный житель
Игрок 501: Мирный житель
Игрок 502: Мирный житель
Игрок 503: Мирный житель
Игрок 504: Мирный житель
Игрок 505: Мирный житель
Игрок 506: Мирный житель
Игрок 507: Мирный житель
Игрок 508: Мирный житель
Игрок 509: Мирный житель
Игрок 510: Мирный житель
Игрок 513: Мирный житель
Игрок 514: Мирный житель
Игрок 515: Мирный житель
Игрок 516: Мирный житель
Игрок 517: Мирный житель
Игрок 518: Мирный житель
Игрок 519: Мирный житель
Игрок 520: Мирный житель
Игрок 521: Мирный житель
Игрок 522: Мирный житель
Игрок 523: Мирный житель
Игрок 524: Мирный житель
Игрок 525: Мирный житель
Игрок 526: Мирный житель
Игрок 527: Мирный житель
Игрок 528: Мирный житель
Игрок 529: Мирный житель
Игрок 530: Мирный житель
Игрок 531: Мирный житель
Игрок 532: Мирный житель
Игрок 533: Мирный житель
Игрок 534: Мирный житель
Игрок 535: Мирный житель
Игрок 537: Мирный житель
Игрок 538: Мирный житель
Игрок 539: Мирный житель
Игрок 540: Мирный житель
Игрок 541: Мирный житель
Игрок 542: Мирный житель
Игрок 543: Мирный житель
Игрок 544: Мирный житель
Игрок 545: Мирный житель
Игрок 546: Мирный житель
Игрок 547: Мирный житель
Игрок 548: Мирный житель
Игрок 549: Мирный житель
Игрок 551: Мирный житель
Игрок 552: Мирный житель
Игрок 553: Мирный житель
Игрок 554: Мирный житель
Игрок 555: Мирный житель
Игрок 556: Мирный житель
Игрок 557: Мирный житель
Игрок 558: Мирный житель
Игрок 559: Мирный житель
Игрок 560: Мирный житель
Игрок 561: Мирный житель
Игрок 562: Мирный житель
Игрок 563: Мирный житель
Игрок 564: Мирный житель
Игрок 565: Мирный житель
Игрок 566: Мирный житель
Игрок 567: Мирный житель
Игрок 568: Мирный житель
Игрок 569: Мирный житель
Игрок 570: Мирный житель
Игрок 571: Мирный житель
Игрок 572: Мирный житель
Игрок 573: Мирный житель
Игрок 574: Мирный житель
Игрок 575: Мирный житель
Игрок 576: Мирный житель
Игрок 577: Мирный житель
Игрок 578: Мирный житель
Игрок 579: Мирный житель
Игрок 580: Мирный житель
Игрок 581: Мирный житель
Игрок 582: Мирный житель
Игрок 583: Мирный житель
Игрок 584: Мирный житель
Игрок 585: Мирный житель
Игрок 586: Мирный житель
Игрок 588: Мирный житель
Игрок 589: Мирный житель
Игрок 590: Мирный житель
Игрок 591: Мирный житель
Игрок 592: Мирный житель
Игрок 593: Мирный житель
Игрок 594: Мирный житель
Игрок 595: Мирный житель
Игрок 596: Мирный житель
Игрок 597: Мирный житель
Игрок 598: Мирный житель
Игрок 599: Мирный житель
Игрок 600: Мирный житель
Игрок 601: Мирный житель
Игрок 602: Мирный житель
Игрок 603: Мирный житель
Игрок 604: Мирный житель
Игрок 605: Мирный житель
Игрок 606: Мирный житель
Игрок 607: Мирный житель
Игрок 608: Мирный житель
Игрок 609: Мирный житель
Игрок 610: Мирный житель
Игрок 611: Мирный житель
Игрок 612: Мирный житель
Игрок 613: Мирный житель
Игрок 614: Мирный житель
Игрок 616: Мирный житель
Игрок 617: Мирный житель
Игрок 618: Мирный житель
Игрок 619: Мирный житель
Игрок 621: Мирный житель
Игрок 622: Мирный житель
Игрок 623: Мирный житель
Игрок 625: Мирный житель
Игрок 626: Мирный житель
Игрок 627: Мирный житель
Игрок 628: Мирный житель
Игрок 629: Мирный житель
Игрок 630: Мирный житель
Игрок 631: Мирный житель
Игрок 632: Мирный житель
Игрок 633: Мирный житель
Игрок 634: Мирный житель
Игрок 635: Мирный житель
Игрок 636: Мирный житель
Игрок 637: Мирный житель
Игрок 638: Мирный житель
Игрок 639: Мирный житель
Игрок 640: Мирный житель
Игрок 641: Мирный житель
Игрок 642: Мирный житель
Игрок 643: Мирный житель
Игрок 644: Мирный житель
Игрок 645: Мирный житель
Игрок 646: Мирный житель
Игрок 647: Мирный житель
Игрок 648: Мирный житель
Игрок 649: Мирный житель
Игрок 650: Мирный житель
Игрок 651: Мирный житель
Игрок 652: Мирный житель
Игрок 654: Мирный житель
Игрок 655: Мирный житель
Игрок 656: Мирный житель
Игрок 657: Мирный житель
Игрок 658: Мирный житель
Игрок 659: Мирный житель
Игрок 660: Мирный житель
Игрок 661: Мирный житель
Игрок 662: Мирный житель
Игрок 663: Мирный житель
Игрок 664: Мирный житель
Игрок 665: Мирный житель
Игрок 666: Мирный житель
Игрок 667: Мирный житель
Игрок 668: Мирный житель
Игрок 669: Мирный житель
Игрок 670: Мирный житель
Игрок 671: Мирный житель
Игрок 672: Мирный житель
Игрок 673: Мирный житель
Игрок 674: Мирный житель
Игрок 675: Мирный житель
Игрок 676: Мирный житель
Игрок 677: Мирный житель
Игрок 678: Мирный житель
Игрок 679: Мирный житель
Игрок 680: Мирный житель
Игрок 681: Мирный житель
Игрок 682: Мирный житель
Игрок 683: Мирный житель
Игрок 684: Мирный житель
Игрок 685: Мирный житель
Игрок 686: Мирный житель
Игрок 687: Мирный житель
Игрок 688: Мирный житель
Игрок 690: Мирный житель
Игрок 691: Мирный житель
Игрок 692: Мирный житель
Игрок 693: Мирный житель
Игрок 694: Мирный житель
Игрок 695: Мирный житель
Игрок 696: Мирный житель
Игрок 697: Мирный житель
Игрок 698: Мирный житель
Игрок 699: Мирный житель
Игрок 700: Мирный житель
Игрок 701: Мирный житель
Игрок 702: Мирный житель
Игрок 703: Мирный житель
Игрок 704: Мирный житель
Игрок 705: Мирный житель
Игрок 707: Мирный житель
Игрок 709: Мирный житель
Игрок 710: Мирный житель
Игрок 711: Мирный житель
Игрок 712: Мирный житель
Игрок 713: Мирный житель
Игрок 714: Мирный житель
Игрок 715: Мирный житель
Игрок 716: Мирный житель
Игрок 717: Мирный житель
Игрок 718: Мирный житель
Игрок 720: Мирный житель
Игрок 721: Мирный житель
Игрок 722: Мирный житель
Игрок 724: Мирный житель
Игрок 725: Мирный житель
Игрок 726: Мирный житель
Игрок 727: Мирный житель
Игрок 729: Мирный житель
Игрок 730: Мирный житель
Игрок 731: Мирный житель
Игрок 732: Мирный житель
Игрок 733: Мирный житель
Игрок 734: Мирный житель
Игрок 735: Мирный житель
Игрок 736: Мирный житель
Игрок 737: Мирный житель
Игрок 738: Мирный житель
Игрок 739: Мирный житель
Игрок 740: Мирный житель
Игрок 741: Мирный житель
Игрок 742: Мирный житель
Игрок 743: Мирный житель
Игрок 744: Мирный житель
Игрок 745: Мирный житель
Игрок 746: Мирный житель
Игрок 747: Мирный житель
Игрок 748: Мирный житель
Игрок 749: Мирный житель
Игрок 750: Мирный житель
Игрок 751: Мирный житель
Игрок 752: Мирный житель
Игрок 753: Мирный житель
Игрок 754: Мирный житель
Игрок 755: Мирный житель
Игрок 757: Мирный житель
Игрок 758: Мирный житель
Игрок 759: Мирный житель
Игрок 760: Мирный житель
Игрок 761: Мирный житель
Игрок 762: Мирный житель
Игрок 763: Мирный житель
Игрок 764: Мирный житель
Игрок 765: Мирный житель
Игрок 766: Мирный житель
Игрок 767: Мирный житель
Игрок 768: Мирный житель
Игрок 769: Мирный житель
Игрок 770: Мирный житель
Игрок 771: Мирный житель
Игрок 772: Мирный житель
Игрок 773: Мирный житель
Игрок 774: Мирный житель
Игрок 775: Мирный житель
Игрок 776: Мирный житель
Игрок 777: Мирный житель
Игрок 778: Мирный житель
Игрок 779: Мирный житель
Игрок 780: Мирный житель
Игрок 781: Мирный житель
Игрок 782: Мирный житель
Игрок 783: Мирный житель
Игрок 784: Мирный житель
Игрок 785: Мирный житель
Игрок 786: Мирный житель
Игрок 787: Мирный житель
Игрок 789: Мирный житель
Игрок 790: Мирный житель
Игрок 791: Мирный житель
Игрок 792: Мирный житель
Игрок 793: Мирный житель
Игрок 794: Мирный житель
Игрок 795: Мирный житель
Игрок 796: Мирный житель
Игрок 797: Мирный житель
Игрок 798: Мирный житель
Игрок 799: Мирный житель
Игрок 800: Мирный житель
Игрок 801: Мирный житель
Игрок 802: Мирный житель
Игрок 803: Мирный житель
Игрок 804: Мирный житель
Игрок 805: Мирный житель
Игрок 806: Мирный житель
Игрок 807: Мирный житель
Игрок 808: Мирный житель
Игрок 809: Мирный житель
Игрок 810: Мирный житель
Игрок 811: Мирный житель
Игрок 812: Мирный житель
Игрок 813: Мирный житель
Игрок 814: Мирный житель
Игрок 815: Мирный житель
Игрок 816: Мирный житель
Игрок 817: Мирный житель
Игрок 818: Мирный житель
Игрок 819: Мирный житель
Игрок 820: Мирный житель
Игрок 821: Мирный житель
Игрок 822: Мирный житель
Игрок 823: Мирный житель
Игрок 824: Мирный житель
Игрок 825: Мирный житель
Игрок 826: Мирный житель
Игрок 827: Мирный житель
Игрок 828: Мирный житель
Игрок 829: Мирный житель
Игрок 830: Мирный житель
Игрок 831: Мирный житель
Игрок 832: Мирный житель
Игрок 833: Мирный житель
Игрок 834: Мирный житель
Игрок 835: Мирный житель
Игрок 836: Мирный житель
Игрок 837: Мирный житель
Игрок 838: Мирный житель
Игрок 839: Мирный житель
Игрок 840: Мирный житель
Игрок 841: Мирный житель
Игрок 842: Мирный житель
Игрок 843: Мирный житель
Игрок 844: Мирный житель
Игрок 845: Мирный житель
Игрок 846: Мирный житель
Игрок 847: Мирный житель
Игрок 848: Мирный житель
Игрок 849: Мирный житель
Игрок 850: Мирный житель
Игрок 851: Мирный житель
Игрок 852: Мирный житель
Игрок 853: Мирный житель
Игрок 854: Мирный житель
Игрок 856: Мирный житель
Игрок 857: Мирный житель
Игрок 858: Мирный житель
Игрок 859: Мирный житель
Игрок 860: Мирный житель
Игрок 861: Мирный житель
Игрок 862: Мирный житель
Игрок 863: Мирный житель
Игрок 864: Мирный житель
Игрок 865: Мирный житель
Игрок 866: Мирный житель
Игрок 867: Мирный житель
Игрок 868: Мирный житель
Игрок 869: Мирный житель
Игрок 870: Мирный житель
Игрок 871: Мирный житель
Игрок 872: Мирный житель
Игрок 873: Мирный житель
Игрок 874: Мирный житель
Игрок 875: Мирный житель
Игрок 876: Мирный житель
Игрок 877: Мирный житель
Игрок 878: Мирный житель
Игрок 879: Мирный житель
Игрок 880: Мирный житель
Игрок 881: Мирный житель
Игрок 882: Мирный житель
Игрок 883: Мирный житель
Игрок 884: Мирный житель
Игрок 885: Мирный житель
Игрок 886: Мирный житель
Игрок 887: Мирный житель
Игрок 888: Мирный житель
Игрок 889: Мирный житель
Игрок 890: Мирный житель
Игрок 891: Мирный житель
Игрок 892: Мирный житель
Игрок 893: Мирный житель
Игрок 894: Мирный житель
Игрок 897: Мирный житель
Игрок 898: Мирный житель
Игрок 899: Мирный житель
Игрок 900: Мирный житель
Игрок 901: Мирный житель
Игрок 902: Мирный житель
Игрок 903: Мирный житель
Игрок 904: Мирный житель
Игрок 905: Мирный житель
Игрок 906: Мирный житель
Игрок 907: Мирный житель
Игрок 908: Мирный житель
Игрок 909: Мирный житель
Игрок 910: Мирный житель
Игрок 911: Мирный житель
Игрок 912: Мирный житель
Игрок 913: Мирный житель
Игрок 914: Мирный житель
Игрок 915: Мирный житель
Игрок 916: Мирный житель
Игрок 917: Мирный житель
Игрок 918: Мирный житель
Игрок 919: Мирный житель
Игрок 920: Мирный житель
Игрок 921: Мирный житель
Игрок 922: Мирный житель
Игрок 923: Мирный житель
Игрок 924: Мирный житель
Игрок 925: Мирный житель
Игрок 926: Мирный житель
Игрок 927: Мирный житель
Игрок 928: Мирный житель
Игрок 929: Мирный житель
Игрок 930: Мирный житель
Игрок 931: Мирный житель
Игрок 932: Мирный житель
Игрок 933: Мирный житель
Игрок 934: Мирный житель
Игрок 935: Мирный житель
Игрок 936: Мирный житель
Игрок 937: Мирный житель
Игрок 939: Мирный житель
Игрок 940: Мирный житель
Игрок 941: Мирный житель
Игрок 942: Мирный житель
Игрок 943: Мирный житель
Игрок 944: Мирный житель
Игрок 946: Мирный житель
Игрок 947: Мирный житель
Игрок 948: Мирный житель
Игрок 949: Мирный житель
Игрок 950: Мирный житель
Игрок 951: Мирный житель
Игрок 952: Мирный житель
Игрок 953: Мирный житель
Игрок 954: Мирный житель
Игрок 955: Мирный житель
Игрок 956: Мирный житель
Игрок 957: Мирный житель
Игрок 958: Мирный житель
Игрок 959: Мирный житель
Игрок 960: Мирный житель
Игрок 961: Мирный житель
Игрок 962: Мирный житель
Игрок 963: Мирный житель
Игрок 964: Мирный житель
Игрок 965: Мирный житель
Игрок 966: Мирный житель
Игрок 967: Мирный житель
Игрок 968: Мирный житель
Игрок 969: Мирный житель
Игрок 970: Мирный житель
Игрок 971: Мирный житель
Игрок 972: Мирный житель
Игрок 973: Мирный житель
Игрок 974: Мирный житель
Игрок 975: Мирный житель
Игрок 976: Мирный житель
Игрок 977: Мирный житель
Игрок 978: Мирный житель
Игрок 980: Мирный житель
Игрок 981: Мирный житель
Игрок 982: Мирный житель
Игрок 983: Мирный житель
Игрок 984: Мирный житель
Игрок 985: Мирный житель
Игрок 986: Мирный житель
Игрок 988: Мирный житель
Игрок 989: Мирный житель
Игрок 990: Мирный житель
Игрок 991: Мирный житель
Игрок 992: Мирный житель
Игрок 993: Мирный житель
Игрок 994: Мирный житель
Игрок 995: Мирный житель
Игрок 996: Мирный житель
Игрок 997: Мирный житель
Игрок 998: Мирный житель
Игрок 999: Мирный житель
Игрок 1000: Мирный житель
Мафия 1 выбрала игрока 651 для убийства.
Мафия 2 выбрала игрока 601 для убийства.
Мафия 3 выбрала игрока 220 для убийства.
Мафия 6 выбрала игрока 819 для убийства.
Мафия 7 выбрала игрока 943 для убийства.
Мафия 8 выбрала игрока 625 для убийства.
Мафия 10 выбрала игрока 556 для убийства.
Мафия 13 выбрала игрока 775 для убийства.
Мафия 14 выбрала игрока 515 для убийства.
Мафия 11 выбрала игрока 396 для убийства.
Мафия 15 выбрала игрока 331 для убийства.
Мафия 16 выбрала игрока 489 для убийства.
Мафия 17 выбрала игрока 217 для убийства.
Мафия 18 выбрала игрока 406 для убийства.
Мафия 20 выбрала игрока 733 для убийства.
Мафия 19 выбрала игрока 633 для убийства.
Мафия 21 выбрала игрока 732 для убийства.
Мафия 22 выбрала игрока 802 для убийства.
Мафия 23 выбрала игрока 223 для убийства.
Мафия 25 выбрала игрока 569 для убийства.
Мафия 26 выбрала игрока 318 для убийства.
Мафия 24 выбрала игрока 633 для убийства.
Мафия 27 выбрала игрока 314 для убийства.
Мафия 28 выбрала игрока 447 для убийства.
Мафия 29 выбрала игрока 934 для убийства.
Мафия 30 выбрала игрока 868 для убийства.
Мафия 33 выбрала игрока 836 для убийства.
Мафия 32 выбрала игрока 688 для убийства.
Мафия 34 выбрала игрока 997 для убийства.
Мафия 35 выбрала игрока 216 для убийства.
Мафия 36 выбрала игрока 395 для убийства.
Мафия 37 выбрала игрока 204 для убийства.
Мафия 39 выбрала игрока 326 для убийства.
Мафия 38 выбрала игрока 912 для убийства.
Мафия 40 выбрала игрока 848 для убийства.
Мафия 42 выбрала игрока 246 для убийства.
Мафия 43 выбрала игрока 359 для убийства.
Мафия 45 выбрала игрока 421 для убийства.
Мафия 44 выбрала игрока 241 для убийства.
Мафия 46 выбрала игрока 275 для убийства.
Мафия 47 выбрала игрока 816 для убийства.
Мафия 48 выбрала игрока 393 для убийства.
Мафия 49 выбрала игрока 734 для убийства.
Мафия 50 выбрала игрока 645 для убийства.
Мафия 52 выбрала игрока 621 для убийства.
Мафия 51 выбрала игрока 496 для убийства.
Мафия 53 выбрала игрока 608 для убийства.
Мафия 54 выбрала игрока 707 для убийства.
Мафия 55 выбрала игрока 887 для убийства.
Мафия 56 выбрала игрока 626 для убийства.
Мафия 58 выбрала игрока 485 для убийства.
Мафия 61 выбрала игрока 529 для убийства.
Мафия 60 выбрала игрока 932 для убийства.
Мафия 59 выбрала игрока 585 для убийства.
Мафия 62 выбрала игрока 602 для убийства.
Мафия 63 выбрала игрока 891 для убийства.
Мафия 65 выбрала игрока 652 для убийства.
Мафия 67 выбрала игрока 750 для убийства.
Мафия 64 выбрала игрока 579 для убийства.
Мафия 66 выбрала игрока 308 для убийства.
Мафия 68 выбрала игрока 290 для убийства.
Мафия 71 выбрала игрока 427 для убийства.
Мафия 73 выбрала игрока 567 для убийства.
Мафия 72 выбрала игрока 564 для убийства.
Мафия 74 выбрала игрока 932 для убийства.
Мафия 75 выбрала игрока 665 для убийства.
Мафия 69 выбрала игрока 999 для убийства.
Мафия 76 выбрала игрока 936 для убийства.
Мафия 70 выбрала игрока 330 для убийства.
Мафия 77 выбрала игрока 754 для убийства.
Мафия 78 выбрала игрока 827 для убийства.
Мафия 79 выбрала игрока 295 для убийства.
Мафия 80 выбрала игрока 682 для убийства.
Мафия 82 выбрала игрока 688 для убийства.
Мафия 81 выбрала игрока 532 для убийства.
Мафия 83 выбрала игрока 329 для убийства.
Мафия 84 выбрала игрока 246 для убийства.
Мафия 85 выбрала игрока 717 для убийства.
Мафия 86 выбрала игрока 554 для убийства.
Мафия 87 выбрала игрока 834 для убийства.
Мафия 88 выбрала игрока 651 для убийства.
Мафия 89 выбрала игрока 920 для убийства.
Мафия 90 выбрала игрока 717 для убийства.
Мафия 94 выбрала игрока 886 для убийства.
Мафия 93 выбрала игрока 994 для убийства.
Мафия 92 выбрала игрока 603 для убийства.
Мафия 95 выбрала игрока 360 для убийства.
Мафия 96 выбрала игрока 746 для убийства.
Мафия 91 выбрала игрока 839 для убийства.
Мафия 98 выбрала игрока 449 для убийства.
Мафия 100 выбрала игрока 373 для убийства.
Мафия 97 выбрала игрока 993 для убийства.
Мафия 99 выбрала игрока 506 для убийства.
Мафия 103 выбрала игрока 974 для убийства.
Мафия 102 выбрала игрока 848 для убийства.
Мафия 104 выбрала игрока 340 для убийства.
Мафия 105 выбрала игрока 396 для убийства.
Мафия 106 выбрала игрока 258 для убийства.
Мафия 107 выбрала игрока 949 для убийства.
Мафия 108 выбрала игрока 567 для убийства.
Мафия 109 выбрала игрока 611 для убийства.
Мафия 110 выбрала игрока 747 для убийства.
Мафия 111 выбрала игрока 877 для убийства.
Мафия 112 выбрала игрока 221 для убийства.
Мафия 115 выбрала игрока 480 для убийства.
Мафия 114 выбрала игрока 313 для убийства.
Мафия 116 выбрала игрока 803 для убийства.
Мафия 117 выбрала игрока 640 для убийства.
Мафия 118 выбрала игрока 761 для убийства.
Мафия 119 выбрала игрока 668 для убийства.
Мафия 120 выбрала игрока 839 для убийства.
Мафия 122 выбрала игрока 739 для убийства.
Мафия 121 выбрала игрока 765 для убийства.
Мафия 123 выбрала игрока 697 для убийства.
Мафия 125 выбрала игрока 961 для убийства.
Мафия 126 выбрала игрока 725 для убийства.
Мафия 127 выбрала игрока 423 для убийства.
Мафия 128 выбрала игрока 754 для убийства.
Мафия 129 выбрала игрока 882 для убийства.
Мафия 130 выбрала игрока 306 для убийства.
Мафия 131 выбрала игрока 825 для убийства.
Мафия 132 выбрала игрока 905 для убийства.
Мафия 133 выбрала игрока 591 для убийства.
Мафия 135 выбрала игрока 340 для убийства.
Мафия 134 выбрала игрока 398 для убийства.
Мафия 136 выбрала игрока 995 для убийства.
Мафия 137 выбрала игрока 705 для убийства.
Мафия 138 выбрала игрока 978 для убийства.
Мафия 139 выбрала игрока 399 для убийства.
Мафия 140 выбрала игрока 520 для убийства.
Мафия 141 выбрала игрока 860 для убийства.
Мафия 142 выбрала игрока 981 для убийства.
Мафия 144 выбрала игрока 449 для убийства.
Мафия 143 выбрала игрока 970 для убийства.
Мафия 145 выбрала игрока 252 для убийства.
Мафия 146 выбрала игрока 541 для убийства.
Мафия 147 выбрала игрока 821 для убийства.
Мафия 148 выбрала игрока 249 для убийства.
Мафия 150 выбрала игрока 714 для убийства.
Мафия 152 выбрала игрока 354 для убийства.
Мафия 153 выбрала игрока 974 для убийства.
Мафия 151 выбрала игрока 664 для убийства.
Мафия 149 выбрала игрока 921 для убийства.
Мафия 154 выбрала игрока 735 для убийства.
Мафия 156 выбрала игрока 311 для убийства.
Мафия 155 выбрала игрока 602 для убийства.
Мафия 157 выбрала игрока 381 для убийства.
Мафия 158 выбрала игрока 806 для убийства.
Мафия 159 выбрала игрока 333 для убийства.
Мафия 160 выбрала игрока 898 для убийства.
Мафия 162 выбрала игрока 496 для убийства.
Мафия 161 выбрала игрока 760 для убийства.
Мафия 164 выбрала игрока 489 для убийства.
Мафия 163 выбрала игрока 291 для убийства.
Мафия 165 выбрала игрока 750 для убийства.
Мафия 167 выбрала игрока 238 для убийства.
Мафия 166 выбрала игрока 219 для убийства.
Мафия 168 выбрала игрока 285 для убийства.
Мафия 169 выбрала игрока 960 для убийства.
Мафия 170 выбрала игрока 212 для убийства.
Мафия 171 выбрала игрока 722 для убийства.
Мафия 172 выбрала игрока 900 для убийства.
Мафия 174 выбрала игрока 237 для убийства.
Мафия 176 выбрала игрока 790 для убийства.
Мафия 177 выбрала игрока 822 для убийства.
Мафия 178 выбрала игрока 737 для убийства.
Мафия 179 выбрала игрока 531 для убийства.
Мафия 180 выбрала игрока 454 для убийства.
Мафия 181 выбрала игрока 316 для убийства.
Мафия 182 выбрала игрока 546 для убийства.
Мафия 184 выбрала игрока 569 для убийства.
Мафия 186 выбрала игрока 733 для убийства.
Мафия 183 выбрала игрока 529 для убийства.
Мафия 188 выбрала игрока 541 для убийства.
Мафия 185 выбрала игрока 451 для убийства.
Мафия 187 выбрала игрока 681 для убийства.
Мафия 189 выбрала игрока 436 для убийства.
Мафия 190 выбрала игрока 213 для убийства.
Мафия 191 выбрала игрока 843 для убийства.
Мафия 192 выбрала игрока 383 для убийства.
Мафия 193 выбрала игрока 947 для убийства.
Мафия 194 выбрала игрока 887 для убийства.
Мафия 196 выбрала игрока 694 для убийства.
Мафия 195 выбрала игрока 989 для убийства.
Мафия 197 выбрала игрока 914 для убийства.
Мафия 198 выбрала игрока 972 для убийства.
Мафия 199 выбрала игрока 478 для убийства.
Маньяк 202 выбрала игрока 21 для убийства.
Комиссар проверил игрока 822, он не мафия.
Мафия 200 выбрала игрока 223 для убийства.
Дон мафии 1 выбрал игрока 223 на основе голосов мафии.
Игрок 223 был убит мафией.
Игрок 21 был убит маньяком.
Игрок 1: Дон мафии
Игрок 2: Мафия
Игрок 3: Мафия
Игрок 6: Мафия
Игрок 7: Мафия
Игрок 8: Мафия
Игрок 10: Мафия
Игрок 11: Мафия
Игрок 13: Мафия
Игрок 14: Мафия
Игрок 15: Мафия
Игрок 16: Мафия
Игрок 17: Мафия
Игрок 18: Мафия
Игрок 19: Мафия
Игрок 20: Мафия
Игрок 22: Мафия
Игрок 23: Мафия
Игрок 24: Мафия
Игрок 25: Мафия
Игрок 26: Мафия
Игрок 27: Мафия
Игрок 28: Мафия
Игрок 29: Мафия
Игрок 30: Мафия
Игрок 32: Мафия
Игрок 33: Мафия
Игрок 34: Мафия
Игрок 35: Мафия
Игрок 36: Мафия
Игрок 37: Мафия
Игрок 38: Мафия
Игрок 39: Мафия
Игрок 40: Мафия
Игрок 42: Мафия
Игрок 43: Мафия
Игрок 44: Мафия
Игрок 45: Мафия
Игрок 46: Мафия
Игрок 47: Мафия
Игрок 48: Мафия
Игрок 49: Мафия
Игрок 50: Мафия
Игрок 51: Мафия
Игрок 52: Мафия
Игрок 53: Мафия
Игрок 54: Мафия
Игрок 55: Мафия
Игрок 56: Мафия
Игрок 58: Мафия
Игрок 59: Мафия
Игрок 60: Мафия
Игрок 61: Мафия
Игрок 62: Мафия
Игрок 63: Мафия
Игрок 64: Мафия
Игрок 65: Мафия
Игрок 66: Мафия
Игрок 67: Мафия
Игрок 68: Мафия
Игрок 69: Мафия
Игрок 70: Мафия
Игрок 71: Мафия
Игрок 72: Мафия
Игрок 73: Мафия
Игрок 74: Мафия
Игрок 75: Мафия
Игрок 76: Мафия
Игрок 77: Мафия
Игрок 78: Мафия
Игрок 79: Мафия
Игрок 80: Мафия
Игрок 81: Мафия
Игрок 82: Мафия
Игрок 83: Мафия
Игрок 84: Мафия
Игрок 85: Мафия
Игрок 86: Мафия
Игрок 87: Мафия
Игрок 88: Мафия
Игрок 89: Мафия
Игрок 90: Мафия
Игрок 91: Мафия
Игрок 92: Мафия
Игрок 93: Мафия
Игрок 94: Мафия
Игрок 95: Мафия
Игрок 96: Мафия
Игрок 97: Мафия
Игрок 98: Мафия
Игрок 99: Мафия
Игрок 100: Мафия
Игрок 102: Мафия
Игрок 103: Мафия
Игрок 104: Мафия
Игрок 105: Мафия
Игрок 106: Мафия
Игрок 107: Мафия
Игрок 108: Мафия
Игрок 109: Мафия
Игрок 110: Мафия
Игрок 111: Мафия
Игрок 112: Мафия
Игрок 114: Мафия
Игрок 115: Мафия
Игрок 116: Мафия
Игрок 117: Мафия
Игрок 118: Мафия
Игрок 119: Мафия
Игрок 120: Мафия
Игрок 121: Мафия
Игрок 122: Мафия
Игрок 123: Мафия
Игрок 125: Мафия
Игрок 126: Мафия
Игрок 127: Мафия
Игрок 128: Мафия
Игрок 129: Мафия
Игрок 130: Мафия
Игрок 131: Мафия
Игрок 132: Мафия
Игрок 133: Мафия
Игрок 134: Мафия
Игрок 135: Мафия
Игрок 136: Мафия
Игрок 137: Мафия
Игрок 138: Мафия
Игрок 139: Мафия
Игрок 140: Мафия
Игрок 141: Мафия
Игрок 142: Мафия
Игрок 143: Мафия
Игрок 144: Мафия
Игрок 145: Мафия
Игрок 146: Мафия
Игрок 147: Мафия
Игрок 148: Мафия
Игрок 149: Мафия
Игрок 150: Мафия
Игрок 151: Мафия
Игрок 152: Мафия
Игрок 153: Мафия
Игрок 154: Мафия
Игрок 155: Мафия
Игрок 156: Мафия
Игрок 157: Мафия
Игрок 158: Мафия
Игрок 159: Мафия
Игрок 160: Мафия
Игрок 161: Мафия
Игрок 162: Мафия
Игрок 163: Мафия
Игрок 164: Мафия
Игрок 165: Мафия
Игрок 166: Мафия
Игрок 167: Мафия
Игрок 168: Мафия
Игрок 169: Мафия
Игрок 170: Мафия
Игрок 171: Мафия
Игрок 172: Мафия
Игрок 174: Мафия
Игрок 176: Мафия
Игрок 177: Мафия
Игрок 178: Мафия
Игрок 179: Мафия
Игрок 180: Мафия
Игрок 181: Мафия
Игрок 182: Мафия
Игрок 183: Мафия
Игрок 184: Мафия
Игрок 185: Мафия
Игрок 186: Мафия
Игрок 187: Мафия
Игрок 188: Мафия
Игрок 189: Мафия
Игрок 190: Мафия
Игрок 191: Мафия
Игрок 192: Мафия
Игрок 193: Мафия
Игрок 194: Мафия
Игрок 195: Мафия
Игрок 196: Мафия
Игрок 197: Мафия
Игрок 198: Мафия
Игрок 199: Мафия
Игрок 200: Мафия
Игрок 201: Комиссар
Игрок 202: Маньяк
Игрок 203: Мирный житель
Игрок 204: Мирный житель
Игрок 205: Мирный житель
Игрок 206: Мирный житель
Игрок 207: Мирный житель
Игрок 208: Мирный житель
Игрок 209: Мирный житель
Игрок 210: Мирный житель
Игрок 211: Мирный житель
Игрок 212: Мирный житель
Игрок 213: Мирный житель
Игрок 214: Мирный житель
Игрок 215: Мирный житель
Игрок 216: Мирный житель
Игрок 217: Мирный житель
Игрок 218: Мирный житель
Игрок 219: Мирный житель
Игрок 220: Мирный житель
Игрок 221: Мирный житель
Игрок 222: Мирный житель
Игрок 224: Мирный житель
Игрок 225: Мирный житель
Игрок 227: Мирный житель
Игрок 228: Мирный житель
Игрок 229: Мирный житель
Игрок 230: Мирный житель
Игрок 232: Мирный житель
Игрок 233: Мирный житель
Игрок 235: Мирный житель
Игрок 237: Мирный житель
Игрок 238: Мирный житель
Игрок 239: Мирный житель
Игрок 240: Мирный житель
Игрок 241: Мирный житель
Игрок 242: Мирный житель
Игрок 243: Мирный житель
Игрок 244: Мирный житель
Игрок 245: Мирный житель
Игрок 246: Мирный житель
Игрок 248: Мирный житель
Игрок 249: Мирный житель
Игрок 250: Мирный житель
Игрок 251: Мирный житель
Игрок 252: Мирный житель
Игрок 253: Мирный житель
Игрок 254: Мирный житель
Игрок 255: Мирный житель
Игрок 256: Мирный житель
Игрок 257: Мирный житель
Игрок 258: Мирный житель
Игрок 259: Мирный житель
Игрок 260: Мирный житель
Игрок 261: Мирный житель
Игрок 262: Мирный житель
Игрок 263: Мирный житель
Игрок 264: Мирный житель
Игрок 265: Мирный житель
Игрок 266: Мирный житель
Игрок 267: Мирный житель
Игрок 268: Мирный житель
Игрок 269: Мирный житель
Игрок 270: Мирный житель
Игрок 271: Мирный житель
Игрок 272: Мирный житель
Игрок 273: Мирный житель
Игрок 274: Мирный житель
Игрок 275: Мирный житель
Игрок 276: Мирный житель
Игрок 277: Мирный житель
Игрок 278: Мирный житель
Игрок 279: Мирный житель
Игрок 280: Мирный житель
Игрок 281: Мирный житель
Игрок 282: Мирный житель
Игрок 283: Мирный житель
Игрок 284: Мирный житель
Игрок 285: Мирный житель
Игрок 286: Мирный житель
Игрок 287: Мирный житель
Игрок 288: Мирный житель
Игрок 289: Мирный житель
Игрок 290: Мирный житель
Игрок 291: Мирный житель
Игрок 292: Мирный житель
Игрок 293: Мирный житель
Игрок 294: Мирный житель
Игрок 295: Мирный житель
Игрок 296: Мирный житель
Игрок 297: Мирный житель
Игрок 298: Мирный житель
Игрок 299: Мирный житель
Игрок 300: Мирный житель
Игрок 301: Мирный житель
Игрок 302: Мирный житель
Игрок 303: Мирный житель
Игрок 304: Мирный житель
Игрок 305: Мирный житель
Игрок 306: Мирный житель
Игрок 307: Мирный житель
Игрок 308: Мирный житель
Игрок 309: Мирный житель
Игрок 310: Мирный житель
Игрок 311: Мирный житель
Игрок 312: Мирный житель
Игрок 313: Мирный житель
Игрок 314: Мирный житель
Игрок 315: Мирный житель
Игрок 316: Мирный житель
Игрок 317: Мирный житель
Игрок 318: Мирный житель
Игрок 319: Мирный житель
Игрок 320: Мирный житель
Игрок 321: Мирный житель
Игрок 322: Мирный житель
Игрок 323: Мирный житель
Игрок 324: Мирный житель
Игрок 325: Мирный житель
Игрок 326: Мирный житель
Игрок 327: Мирный житель
Игрок 328: Мирный житель
Игрок 329: Мирный житель
Игрок 330: Мирный житель
Игрок 331: Мирный житель
Игрок 332: Мирный житель
Игрок 333: Мирный житель
Игрок 334: Мирный житель
Игрок 335: Мирный житель
Игрок 336: Мирный житель
Игрок 337: Мирный житель
Игрок 338: Мирный житель
Игрок 339: Мирный житель
Игрок 340: Мирный житель
Игрок 341: Мирный житель
Игрок 342: Мирный житель
Игрок 343: Мирный житель
Игрок 345: Мирный житель
Игрок 346: Мирный житель
Игрок 347: Мирный житель
Игрок 348: Мирный житель
Игрок 349: Мирный житель
Игрок 350: Мирный житель
Игрок 351: Мирный житель
Игрок 352: Мирный житель
Игрок 353: Мирный житель
Игрок 354: Мирный житель
Игрок 355: Мирный житель
Игрок 356: Мирный житель
Игрок 357: Мирный житель
Игрок 358: Мирный житель
Игрок 359: Мирный житель
Игрок 360: Мирный житель
Игрок 361: Мирный житель
Игрок 362: Мирный житель
Игрок 363: Мирный житель
Игрок 364: Мирный житель
Игрок 366: Мирный житель
Игрок 367: Мирный житель
Игрок 368: Мирный житель
Игрок 369: Мирный житель
Игрок 370: Мирный житель
Игрок 371: Мирный житель
Игрок 372: Мирный житель
Игрок 373: Мирный житель
Игрок 374: Мирный житель
Игрок 375: Мирный житель
Игрок 376: Мирный житель
Игрок 377: Мирный житель
Игрок 378: Мирный житель
Игрок 379: Мирный житель
Игрок 380: Мирный житель
Игрок 381: Мирный житель
Игрок 382: Мирный житель
Игрок 383: Мирный житель
Игрок 384: Мирный житель
Игрок 385: Мирный житель
Игрок 386: Мирный житель
Игрок 387: Мирный житель
Игрок 388: Мирный житель
Игрок 389: Мирный житель
Игрок 390: Мирный житель
Игрок 391: Мирный житель
Игрок 392: Мирный житель
Игрок 393: Мирный житель
Игрок 395: Мирный житель
Игрок 396: Мирный житель
Игрок 398: Мирный житель
Игрок 399: Мирный житель
Игрок 400: Мирный житель
Игрок 401: Мирный житель
Игрок 402: Мирный житель
Игрок 403: Мирный житель
Игрок 404: Мирный житель
Игрок 405: Мирный житель
Игрок 406: Мирный житель
Игрок 407: Мирный житель
Игрок 408: Мирный житель
Игрок 409: Мирный житель
Игрок 410: Мирный житель
Игрок 411: Мирный житель
Игрок 412: Мирный житель
Игрок 413: Мирный житель
Игрок 414: Мирный житель
Игрок 415: Мирный житель
Игрок 416: Мирный житель
Игрок 417: Мирный житель
Игрок 418: Мирный житель
Игрок 419: Мирный житель
Игрок 420: Мирный житель
Игрок 421: Мирный житель
Игрок 422: Мирный житель
Игрок 423: Мирный житель
Игрок 424: Мирный житель
Игрок 425: Мирный житель
Игрок 426: Мирный житель
Игрок 427: Мирный житель
Игрок 428: Мирный житель
Игрок 429: Мирный житель
Игрок 430: Мирный житель
Игрок 431: Мирный житель
Игрок 432: Мирный житель
Игрок 433: Мирный житель
Игрок 435: Мирный житель
Игрок 436: Мирный житель
Игрок 437: Мирный житель
Игрок 438: Мирный житель
Игрок 439: Мирный житель
Игрок 440: Мирный житель
Игрок 441: Мирный житель
Игрок 442: Мирный житель
Игрок 443: Мирный житель
Игрок 444: Мирный житель
Игрок 445: Мирный житель
Игрок 446: Мирный житель
Игрок 447: Мирный житель
Игрок 448: Мирный житель
Игрок 449: Мирный житель
Игрок 450: Мирный житель
Игрок 451: Мирный житель
Игрок 452: Мирный житель
Игрок 453: Мирный житель
Игрок 454: Мирный житель
Игрок 455: Мирный житель
Игрок 456: Мирный житель
Игрок 457: Мирный житель
Игрок 458: Мирный житель
Игрок 459: Мирный житель
Игрок 460: Мирный житель
Игрок 461: Мирный житель
Игрок 462: Мирный житель
Игрок 463: Мирный житель
Игрок 464: Мирный житель
Игрок 465: Мирный житель
Игрок 466: Мирный житель
Игрок 467: Мирный житель
Игрок 469: Мирный житель
Игрок 470: Мирный житель
Игрок 471: Мирный житель
Игрок 472: Мирный житель
Игрок 473: Мирный житель
Игрок 474: Мирный житель
Игрок 476: Мирный житель
Игрок 477: Мирный житель
Игрок 478: Мирный житель
Игрок 479: Мирный житель
Игрок 480: Мирный житель
Игрок 481: Мирный житель
Игрок 482: Мирный житель
Игрок 483: Мирный житель
Игрок 484: Мирный житель
Игрок 485: Мирный житель
Игрок 486: Мирный житель
Игрок 487: Мирный житель
Игрок 488: Мирный житель
Игрок 489: Мирный житель
Игрок 490: Мирный житель
Игрок 491: Мирный житель
Игрок 492: Мирный житель
Игрок 493: Мирный житель
Игрок 494: Мирный житель
Игрок 495: Мирный житель
Игрок 496: Мирный житель
Игрок 497: Мирный житель
Игрок 498: Мирный житель
Игрок 499: Мирный житель
Игрок 500: Мирный житель
Игрок 501: Мирный житель
Игрок 502: Мирный житель
Игрок 503: Мирный житель
Игрок 504: Мирный житель
Игрок 505: Мирный житель
Игрок 506: Мирный житель
Игрок 507: Мирный житель
Игрок 508: Мирный житель
Игрок 509: Мирный житель
Игрок 510: Мирный житель
Игрок 513: Мирный житель
Игрок 514: Мирный житель
Игрок 515: Мирный житель
Игрок 516: Мирный житель
Игрок 517: Мирный житель
Игрок 518: Мирный житель
Игрок 519: Мирный житель
Игрок 520: Мирный житель
Игрок 521: Мирный житель
Игрок 522: Мирный житель
Игрок 523: Мирный житель
Игрок 524: Мирный житель
Игрок 525: Мирный житель
Игрок 526: Мирный житель
Игрок 527: Мирный житель
Игрок 528: Мирный житель
Игрок 529: Мирный житель
Игрок 530: Мирный житель
Игрок 531: Мирный житель
Игрок 532: Мирный житель
Игрок 533: Мирный житель
Игрок 534: Мирный житель
Игрок 535: Мирный житель
Игрок 537: Мирный житель
Игрок 538: Мирный житель
Игрок 539: Мирный житель
Игрок 540: Мирный житель
Игрок 541: Мирный житель
Игрок 542: Мирный житель
Игрок 543: Мирный житель
Игрок 544: Мирный житель
Игрок 545: Мирный житель
Игрок 546: Мирный житель
Игрок 547: Мирный житель
Игрок 548: Мирный житель
Игрок 549: Мирный житель
Игрок 551: Мирный житель
Игрок 552: Мирный житель
Игрок 553: Мирный житель
Игрок 554: Мирный житель
Игрок 555: Мирный житель
Игрок 556: Мирный житель
Игрок 557: Мирный житель
Игрок 558: Мирный житель
Игрок 559: Мирный житель
Игрок 560: Мирный житель
Игрок 561: Мирный житель
Игрок 562: Мирный житель
Игрок 563: Мирный житель
Игрок 564: Мирный житель
Игрок 565: Мирный житель
Игрок 566: Мирный житель
Игрок 567: Мирный житель
Игрок 568: Мирный житель
Игрок 569: Мирный житель
Игрок 570: Мирный житель
Игрок 571: Мирный житель
Игрок 572: Мирный житель
Игрок 573: Мирный житель
Игрок 574: Мирный житель
Игрок 575: Мирный житель
Игрок 576: Мирный житель
Игрок 577: Мирный житель
Игрок 578: Мирный житель
Игрок 579: Мирный житель
Игрок 580: Мирный житель
Игрок 581: Мирный житель
Игрок 582: Мирный житель
Игрок 583: Мирный житель
Игрок 584: Мирный житель
Игрок 585: Мирный житель
Игрок 586: Мирный житель
Игрок 588: Мирный житель
Игрок 589: Мирный житель
Игрок 590: Мирный житель
Игрок 591: Мирный житель
Игрок 592: Мирный житель
Игрок 593: Мирный житель
Игрок 594: Мирный житель
Игрок 595: Мирный житель
Игрок 596: Мирный житель
Игрок 597: Мирный житель
Игрок 598: Мирный житель
Игрок 599: Мирный житель
Игрок 600: Мирный житель
Игрок 601: Мирный житель
Игрок 602: Мирный житель
Игрок 603: Мирный житель
Игрок 604: Мирный житель
Игрок 605: Мирный житель
Игрок 606: Мирный житель
Игрок 607: Мирный житель
Игрок 608: Мирный житель
Игрок 609: Мирный житель
Игрок 610: Мирный житель
Игрок 611: Мирный житель
Игрок 612: Мирный житель
Игрок 613: Мирный житель
Игрок 614: Мирный житель
Игрок 616: Мирный житель
Игрок 617: Мирный житель
Игрок 618: Мирный житель
Игрок 619: Мирный житель
Игрок 621: Мирный житель
Игрок 622: Мирный житель
Игрок 623: Мирный житель
Игрок 625: Мирный житель
Игрок 626: Мирный житель
Игрок 627: Мирный житель
Игрок 628: Мирный житель
Игрок 629: Мирный житель
Игрок 630: Мирный житель
Игрок 631: Мирный житель
Игрок 632: Мирный житель
Игрок 633: Мирный житель
Игрок 634: Мирный житель
Игрок 635: Мирный житель
Игрок 636: Мирный житель
Игрок 637: Мирный житель
Игрок 638: Мирный житель
Игрок 639: Мирный житель
Игрок 640: Мирный житель
Игрок 641: Мирный житель
Игрок 642: Мирный житель
Игрок 643: Мирный житель
Игрок 644: Мирный житель
Игрок 645: Мирный житель
Игрок 646: Мирный житель
Игрок 647: Мирный житель
Игрок 648: Мирный житель
Игрок 649: Мирный житель
Игрок 650: Мирный житель
Игрок 651: Мирный житель
Игрок 652: Мирный житель
Игрок 654: Мирный житель
Игрок 655: Мирный житель
Игрок 656: Мирный житель
Игрок 657: Мирный житель
Игрок 658: Мирный житель
Игрок 659: Мирный житель
Игрок 660: Мирный житель
Игрок 661: Мирный житель
Игрок 662: Мирный житель
Игрок 663: Мирный житель
Игрок 664: Мирный житель
Игрок 665: Мирный житель
Игрок 666: Мирный житель
Игрок 667: Мирный житель
Игрок 668: Мирный житель
Игрок 669: Мирный житель
Игрок 670: Мирный житель
Игрок 671: Мирный житель
Игрок 672: Мирный житель
Игрок 673: Мирный житель
Игрок 674: Мирный житель
Игрок 675: Мирный житель
Игрок 676: Мирный житель
Игрок 677: Мирный житель
Игрок 678: Мирный житель
Игрок 679: Мирный житель
Игрок 680: Мирный житель
Игрок 681: Мирный житель
Игрок 682: Мирный житель
Игрок 683: Мирный житель
Игрок 684: Мирный житель
Игрок 685: Мирный житель
Игрок 686: Мирный житель
Игрок 687: Мирный житель
Игрок 688: Мирный житель
Игрок 690: Мирный житель
Игрок 691: Мирный житель
Игрок 692: Мирный житель
Игрок 693: Мирный житель
Игрок 694: Мирный житель
Игрок 695: Мирный житель
Игрок 696: Мирный житель
Игрок 697: Мирный житель
Игрок 698: Мирный житель
Игрок 699: Мирный житель
Игрок 700: Мирный житель
Игрок 701: Мирный житель
Игрок 702: Мирный житель
Игрок 703: Мирный житель
Игрок 704: Мирный житель
Игрок 705: Мирный житель
Игрок 707: Мирный житель
Игрок 709: Мирный житель
Игрок 710: Мирный житель
Игрок 711: Мирный житель
Игрок 712: Мирный житель
Игрок 713: Мирный житель
Игрок 714: Мирный житель
Игрок 715: Мирный житель
Игрок 716: Мирный житель
Игрок 717: Мирный житель
Игрок 718: Мирный житель
Игрок 720: Мирный житель
Игрок 721: Мирный житель
Игрок 722: Мирный житель
Игрок 724: Мирный житель
Игрок 725: Мирный житель
Игрок 726: Мирный житель
Игрок 727: Мирный житель
Игрок 729: Мирный житель
Игрок 730: Мирный житель
Игрок 731: Мирный житель
Игрок 732: Мирный житель
Игрок 733: Мирный житель
Игрок 734: Мирный житель
Игрок 735: Мирный житель
Игрок 736: Мирный житель
Игрок 737: Мирный житель
Игрок 738: Мирный житель
Игрок 739: Мирный житель
Игрок 740: Мирный житель
Игрок 741: Мирный житель
Игрок 742: Мирный житель
Игрок 743: Мирный житель
Игрок 744: Мирный житель
Игрок 745: Мирный житель
Игрок 746: Мирный житель
Игрок 747: Мирный житель
Игрок 748: Мирный житель
Игрок 749: Мирный житель
Игрок 750: Мирный житель
Игрок 751: Мирный житель
Игрок 752: Мирный житель
Игрок 753: Мирный житель
Игрок 754: Мирный житель
Игрок 755: Мирный житель
Игрок 757: Мирный житель
Игрок 758: Мирный житель
Игрок 759: Мирный житель
Игрок 760: Мирный житель
Игрок 761: Мирный житель
Игрок 762: Мирный житель
Игрок 763: Мирный житель
Игрок 764: Мирный житель
Игрок 765: Мирный житель
Игрок 766: Мирный житель
Игрок 767: Мирный житель
Игрок 768: Мирный житель
Игрок 769: Мирный житель
Игрок 770: Мирный житель
Игрок 771: Мирный житель
Игрок 772: Мирный житель
Игрок 773: Мирный житель
Игрок 774: Мирный житель
Игрок 775: Мирный житель
Игрок 776: Мирный житель
Игрок 777: Мирный житель
Игрок 778: Мирный житель
Игрок 779: Мирный житель
Игрок 780: Мирный житель
Игрок 781: Мирный житель
Игрок 782: Мирный житель
Игрок 783: Мирный житель
Игрок 784: Мирный житель
Игрок 785: Мирный житель
Игрок 786: Мирный житель
Игрок 787: Мирный житель
Игрок 789: Мирный житель
Игрок 790: Мирный житель
Игрок 791: Мирный житель
Игрок 792: Мирный житель
Игрок 793: Мирный житель
Игрок 794: Мирный житель
Игрок 795: Мирный житель
Игрок 796: Мирный житель
Игрок 797: Мирный житель
Игрок 798: Мирный житель
Игрок 799: Мирный житель
Игрок 800: Мирный житель
Игрок 801: Мирный житель
Игрок 802: Мирный житель
Игрок 803: Мирный житель
Игрок 804: Мирный житель
Игрок 805: Мирный житель
Игрок 806: Мирный житель
Игрок 807: Мирный житель
Игрок 808: Мирный житель
Игрок 809: Мирный житель
Игрок 810: Мирный житель
Игрок 811: Мирный житель
Игрок 812: Мирный житель
Игрок 813: Мирный житель
Игрок 814: Мирный житель
Игрок 815: Мирный житель
Игрок 816: Мирный житель
Игрок 817: Мирный житель
Игрок 818: Мирный житель
Игрок 819: Мирный житель
Игрок 820: Мирный житель
Игрок 821: Мирный житель
Игрок 822: Мирный житель
Игрок 823: Мирный житель
Игрок 824: Мирный житель
Игрок 825: Мирный житель
Игрок 826: Мирный житель
Игрок 827: Мирный житель
Игрок 828: Мирный житель
Игрок 829: Мирный житель
Игрок 830: Мирный житель
Игрок 831: Мирный житель
Игрок 832: Мирный житель
Игрок 833: Мирный житель
Игрок 834: Мирный житель
Игрок 835: Мирный житель
Игрок 836: Мирный житель
Игрок 837: Мирный житель
Игрок 838: Мирный житель
Игрок 839: Мирный житель
Игрок 840: Мирный житель
Игрок 841: Мирный житель
Игрок 842: Мирный житель
Игрок 843: Мирный житель
Игрок 844: Мирный житель
Игрок 845: Мирный житель
Игрок 846: Мирный житель
Игрок 847: Мирный житель
Игрок 848: Мирный житель
Игрок 849: Мирный житель
Игрок 850: Мирный житель
Игрок 851: Мирный житель
Игрок 852: Мирный житель
Игрок 853: Мирный житель
Игрок 854: Мирный житель
Игрок 856: Мирный житель
Игрок 857: Мирный житель
Игрок 858: Мирный житель
Игрок 859: Мирный житель
Игрок 860: Мирный житель
Игрок 861: Мирный житель
Игрок 862: Мирный житель
Игрок 863: Мирный житель
Игрок 864: Мирный житель
Игрок 865: Мирный житель
Игрок 866: Мирный житель
Игрок 867: Мирный житель
Игрок 868: Мирный житель
Игрок 869: Мирный житель
Игрок 870: Мирный житель
Игрок 871: Мирный житель
Игрок 872: Мирный житель
Игрок 873: Мирный житель
Игрок 874: Мирный житель
Игрок 875: Мирный житель
Игрок 876: Мирный житель
Игрок 877: Мирный житель
Игрок 878: Мирный житель
Игрок 879: Мирный житель
Игрок 880: Мирный житель
Игрок 881: Мирный житель
Игрок 882: Мирный житель
Игрок 883: Мирный житель
Игрок 884: Мирный житель
Игрок 885: Мирный житель
Игрок 886: Мирный житель
Игрок 887: Мирный житель
Игрок 888: Мирный житель
Игрок 889: Мирный житель
Игрок 890: Мирный житель
Игрок 891: Мирный житель
Игрок 892: Мирный житель
Игрок 893: Мирный житель
Игрок 894: Мирный житель
Игрок 897: Мирный житель
Игрок 898: Мирный житель
Игрок 899: Мирный житель
Игрок 900: Мирный житель
Игрок 901: Мирный житель
Игрок 902: Мирный житель
Игрок 903: Мирный житель
Игрок 904: Мирный житель
Игрок 905: Мирный житель
Игрок 906: Мирный житель
Игрок 907: Мирный житель
Игрок 908: Мирный житель
Игрок 909: Мирный житель
Игрок 910: Мирный житель
Игрок 911: Мирный житель
Игрок 912: Мирный житель
Игрок 913: Мирный житель
Игрок 914: Мирный житель
Игрок 915: Мирный житель
Игрок 916: Мирный житель
Игрок 917: Мирный житель
Игрок 918: Мирный житель
Игрок 919: Мирный житель
Игрок 920: Мирный житель
Игрок 921: Мирный житель
Игрок 922: Мирный житель
Игрок 923: Мирный житель
Игрок 924: Мирный житель
Игрок 925: Мирный житель
Игрок 926: Мирный житель
Игрок 927: Мирный житель
Игрок 928: Мирный житель
Игрок 929: Мирный житель
Игрок 930: Мирный житель
Игрок 931: Мирный житель
Игрок 932: Мирный житель
Игрок 933: Мирный житель
Игрок 934: Мирный житель
Игрок 935: Мирный житель
Игрок 936: Мирный житель
Игрок 937: Мирный житель
Игрок 939: Мирный житель
Игрок 940: Мирный житель
Игрок 941: Мирный житель
Игрок 942: Мирный житель
Игрок 943: Мирный житель
Игрок 944: Мирный житель
Игрок 946: Мирный житель
Игрок 947: Мирный житель
Игрок 948: Мирный житель
Игрок 949: Мирный житель
Игрок 950: Мирный житель
Игрок 951: Мирный житель
Игрок 952: Мирный житель
Игрок 953: Мирный житель
Игрок 954: Мирный житель
Игрок 955: Мирный житель
Игрок 956: Мирный житель
Игрок 957: Мирный житель
Игрок 958: Мирный житель
Игрок 959: Мирный житель
Игрок 960: Мирный житель
Игрок 961: Мирный житель
Игрок 962: Мирный житель
Игрок 963: Мирный житель
Игрок 964: Мирный житель
Игрок 965: Мирный житель
Игрок 966: Мирный житель
Игрок 967: Мирный житель
Игрок 968: Мирный житель
Игрок 969: Мирный житель
Игрок 970: Мирный житель
Игрок 971: Мирный житель
Игрок 972: Мирный житель
Игрок 973: Мирный житель
Игрок 974: Мирный житель
Игрок 975: Мирный житель
Игрок 976: Мирный житель
Игрок 977: Мирный житель
Игрок 978: Мирный житель
Игрок 980: Мирный житель
Игрок 981: Мирный житель
Игрок 982: Мирный житель
Игрок 983: Мирный житель
Игрок 984: Мирный житель
Игрок 985: Мирный житель
Игрок 986: Мирный житель
Игрок 988: Мирный житель
Игрок 989: Мирный житель
Игрок 990: Мирный житель
Игрок 991: Мирный житель
Игрок 992: Мирный житель
Игрок 993: Мирный житель
Игрок 994: Мирный житель
Игрок 995: Мирный житель
Игрок 996: Мирный житель
Игрок 997: Мирный житель
Игрок 998: Мирный житель
Игрок 999: Мирный житель
Игрок 1000: Мирный житель
Мафия 1 выбрала игрока 191 на голосовании.
Мафия 2 выбрала игрока 596 на голосовании.
Мафия 6 выбрала игрока 49 на голосовании.
Мафия 3 выбрала игрока 874 на голосовании.
Мафия 7 выбрала игрока 285 на голосовании.
Мафия 8 выбрала игрока 449 на голосовании.
Мафия 10 выбрала игрока 590 на голосовании.
Мафия 11 выбрала игрока 971 на голосовании.
Мафия 14 выбрала игрока 185 на голосовании.
Мафия 13 выбрала игрока 283 на голосовании.
Мафия 15 выбрала игрока 759 на голосовании.
Мафия 16 выбрала игрока 343 на голосовании.
Мафия 17 выбрала игрока 25 на голосовании.
Мафия 18 выбрала игрока 975 на голосовании.
Мафия 20 выбрала игрока 67 на голосовании.
Мафия 19 выбрала игрока 439 на голосовании.
Мафия 24 выбрала игрока 507 на голосовании.
Мафия 25 выбрала игрока 625 на голосовании.
Мафия 22 выбрала игрока 650 на голосовании.
Мафия 23 выбрала игрока 127 на голосовании.
Мафия 26 выбрала игрока 631 на голосовании.
Мафия 28 выбрала игрока 238 на голосовании.
Мафия 29 выбрала игрока 215 на голосовании.
Мафия 27 выбрала игрока 166 на голосовании.
Мафия 30 выбрала игрока 725 на голосовании.
Мафия 32 выбрала игрока 845 на голосовании.
Мафия 33 выбрала игрока 590 на голосовании.
Мафия 34 выбрала игрока 852 на голосовании.
Мафия 35 выбрала игрока 61 на голосовании.
Мафия 38 выбрала игрока 122 на голосовании.
Мафия 36 выбрала игрока 164 на голосовании.
Мафия 37 выбрала игрока 759 на голосовании.
Мафия 39 выбрала игрока 70 на голосовании.
Мафия 42 выбрала игрока 37 на голосовании.
Мафия 40 выбрала игрока 686 на голосовании.
Мафия 43 выбрала игрока 67 на голосовании.
Мафия 45 выбрала игрока 595 на голосовании.
Мафия 44 выбрала игрока 631 на голосовании.
Мафия 46 выбрала игрока 333 на голосовании.
Мафия 48 выбрала игрока 732 на голосовании.
Мафия 47 выбрала игрока 273 на голосовании.
Мафия 49 выбрала игрока 122 на голосовании.
Мафия 50 выбрала игрока 797 на голосовании.
Мафия 51 выбрала игрока 720 на голосовании.
Мафия 53 выбрала игрока 622 на голосовании.
Мафия 52 выбрала игрока 910 на голосовании.
Мафия 58 выбрала игрока 334 на голосовании.
Мафия 54 выбрала игрока 151 на голосовании.
Мафия 55 выбрала игрока 317 на голосовании.
Мафия 56 выбрала игрока 222 на голосовании.
Мафия 59 выбрала игрока 591 на голосовании.
Мафия 60 выбрала игрока 338 на голосовании.
Мафия 61 выбрала игрока 81 на голосовании.
Мафия 63 выбрала игрока 26 на голосовании.
Мафия 62 выбрала игрока 353 на голосовании.
Мафия 66 выбрала игрока 630 на голосовании.
Мафия 64 выбрала игрока 256 на голосовании.
Мафия 65 выбрала игрока 758 на голосовании.
Мафия 67 выбрала игрока 93 на голосовании.
Мафия 69 выбрала игрока 973 на голосовании.
Мафия 68 выбрала игрока 691 на голосовании.
Мафия 70 выбрала игрока 603 на голосовании.
Мафия 71 выбрала игрока 493 на голосовании.
Мафия 73 выбрала игрока 999 на голосовании.
Мафия 72 выбрала игрока 205 на голосовании.
Мафия 74 выбрала игрока 690 на голосовании.
Мафия 76 выбрала игрока 442 на голосовании.
Мафия 77 выбрала игрока 14 на голосовании.
Мафия 75 выбрала игрока 912 на голосовании.
Мафия 78 выбрала игрока 149 на голосовании.
Мафия 80 выбрала игрока 563 на голосовании.
Мафия 81 выбрала игрока 672 на голосовании.
Мафия 79 выбрала игрока 472 на голосовании.
Мафия 83 выбрала игрока 106 на голосовании.
Мафия 82 выбрала игрока 744 на голосовании.
Мафия 84 выбрала игрока 488 на голосовании.
Мафия 85 выбрала игрока 495 на голосовании.
Мафия 86 выбрала игрока 852 на голосовании.
Мафия 87 выбрала игрока 72 на голосовании.
Мафия 88 выбрала игрока 662 на голосовании.
Мафия 89 выбрала игрока 696 на голосовании.
Мафия 90 выбрала игрока 971 на голосовании.
Мафия 91 выбрала игрока 826 на голосовании.
Мафия 93 выбрала игрока 867 на голосовании.
Мафия 92 выбрала игрока 166 на голосовании.
Мафия 94 выбрала игрока 796 на голосовании.
Мафия 95 выбрала игрока 567 на голосовании.
Мафия 96 выбрала игрока 840 на голосовании.
Мафия 99 выбрала игрока 444 на голосовании.
Мафия 97 выбрала игрока 693 на голосовании.
Мафия 100 выбрала игрока 897 на голосовании.
Мафия 98 выбрала игрока 656 на голосовании.
Мафия 103 выбрала игрока 307 на голосовании.
Мафия 104 выбрала игрока 214 на голосовании.
Мафия 102 выбрала игрока 897 на голосовании.
Мафия 106 выбрала игрока 443 на голосовании.
Мафия 107 выбрала игрока 693 на голосовании.
Мафия 105 выбрала игрока 497 на голосовании.
Мафия 109 выбрала игрока 952 на голосовании.
Мафия 108 выбрала игрока 164 на голосовании.
Мафия 110 выбрала игрока 712 на голосовании.
Мафия 111 выбрала игрока 818 на голосовании.
Мафия 114 выбрала игрока 515 на голосовании.
Мафия 112 выбрала игрока 662 на голосовании.
Мафия 115 выбрала игрока 106 на голосовании.
Мафия 118 выбрала игрока 741 на голосовании.
Мафия 116 выбрала игрока 107 на голосовании.
Мафия 117 выбрала игрока 441 на голосовании.
Мафия 120 выбрала игрока 721 на голосовании.
Мафия 119 выбрала игрока 89 на голосовании.
Мафия 122 выбрала игрока 513 на голосовании.
Мафия 121 выбрала игрока 917 на голосовании.
Мафия 125 выбрала игрока 652 на голосовании.
Мафия 123 выбрала игрока 380 на голосовании.
Мафия 126 выбрала игрока 520 на голосовании.
Мафия 128 выбрала игрока 871 на голосовании.
Мафия 129 выбрала игрока 191 на голосовании.
Мафия 127 выбрала игрока 847 на голосовании.
Мафия 132 выбрала игрока 825 на голосовании.
Мафия 130 выбрала игрока 972 на голосовании.
Мафия 133 выбрала игрока 769 на голосовании.
Мафия 131 выбрала игрока 473 на голосовании.
Мафия 134 выбрала игрока 583 на голосовании.
Мафия 136 выбрала игрока 849 на голосовании.
Мафия 135 выбрала игрока 115 на голосовании.
Мафия 139 выбрала игрока 585 на голосовании.
Мафия 137 выбрала игрока 20 на голосовании.
Мафия 138 выбрала игрока 65 на голосовании.
Мафия 140 выбрала игрока 452 на голосовании.
Мафия 141 выбрала игрока 754 на голосовании.
Мафия 143 выбрала игрока 659 на голосовании.
Мафия 142 выбрала игрока 496 на голосовании.
Мафия 145 выбрала игрока 771 на голосовании.
Мафия 144 выбрала игрока 731 на голосовании.
Мафия 146 выбрала игрока 262 на голосовании.
Мафия 148 выбрала игрока 848 на голосовании.
Мафия 147 выбрала игрока 952 на голосовании.
Мафия 149 выбрала игрока 99 на голосовании.
Мафия 150 выбрала игрока 867 на голосовании.
Мафия 151 выбрала игрока 26 на голосовании.
Мафия 152 выбрала игрока 931 на голосовании.
Мафия 153 выбрала игрока 418 на голосовании.
Мафия 156 выбрала игрока 860 на голосовании.
Мафия 154 выбрала игрока 470 на голосовании.
Мафия 155 выбрала игрока 924 на голосовании.
Мафия 158 выбрала игрока 953 на голосовании.
Мафия 157 выбрала игрока 525 на голосовании.
Мафия 159 выбрала игрока 739 на голосовании.
Мафия 160 выбрала игрока 91 на голосовании.
Мафия 161 выбрала игрока 674 на голосовании.
Мафия 162 выбрала игрока 629 на голосовании.
Мафия 164 выбрала игрока 39 на голосовании.
Мафия 163 выбрала игрока 16 на голосовании.
Мафия 165 выбрала игрока 428 на голосовании.
Мафия 166 выбрала игрока 793 на голосовании.
Мафия 167 выбрала игрока 560 на голосовании.
Мафия 168 выбрала игрока 167 на голосовании.
Мафия 170 выбрала игрока 527 на голосовании.
Мафия 169 выбрала игрока 443 на голосовании.
Мафия 171 выбрала игрока 485 на голосовании.
Мафия 174 выбрала игрока 584 на голосовании.
Мафия 172 выбрала игрока 230 на голосовании.
Мафия 176 выбрала игрока 174 на голосовании.
Мафия 178 выбрала игрока 641 на голосовании.
Мафия 179 выбрала игрока 489 на голосовании.
Мафия 177 выбрала игрока 779 на голосовании.
Мафия 181 выбрала игрока 276 на голосовании.
Мафия 182 выбрала игрока 883 на голосовании.
Мафия 180 выбрала игрока 696 на голосовании.
Мафия 185 выбрала игрока 934 на голосовании.
Мафия 184 выбрала игрока 545 на голосовании.
Мафия 183 выбрала игрока 283 на голосовании.
Мафия 187 выбрала игрока 829 на голосовании.
Мафия 186 выбрала игрока 225 на голосовании.
Мафия 188 выбрала игрока 826 на голосовании.
Мафия 189 выбрала игрока 281 на голосовании.
Мафия 193 выбрала игрока 112 на голосовании.
Мафия 190 выбрала игрока 215 на голосовании.
Мафия 192 выбрала игрока 216 на голосовании.
Мафия 194 выбрала игрока 390 на голосовании.
Мафия 191 выбрала игрока 916 на голосовании.
Мафия 195 выбрала игрока 564 на голосовании.
Мафия 198 выбрала игрока 334 на голосовании.
Мафия 196 выбрала игрока 671 на голосовании.
Мафия 197 выбрала игрока 583 на голосовании.
Комиссар 201 воздержался от голоса.
Мафия 199 выбрала игрока 807 на голосовании.
Мафия 200 выбрала игрока 753 на голосовании.
Маньяк 202 выбрал игрока 443 на голосовании.
Мирный 203 выбрал игрока 539 на голосовании.
Мирный 205 выбрал игрока 903 на голосовании.
Мирный 204 выбрал игрока 326 на голосовании.
Мирный 206 выбрал игрока 850 на голосовании.
Мирный 208 выбрал игрока 630 на голосовании.
Мирный 207 выбрал игрока 391 на голосовании.
Мирный 209 выбрал игрока 436 на голосовании.
Мирный 210 выбрал игрока 528 на голосовании.
Мирный 212 выбрал игрока 940 на голосовании.
Мирный 211 выбрал игрока 764 на голосовании.
Мирный 213 выбрал игрока 997 на голосовании.
Мирный 214 выбрал игрока 285 на голосовании.
Мирный 216 выбрал игрока 190 на голосовании.
Мирный 215 выбрал игрока 964 на голосовании.
Мирный 217 выбрал игрока 167 на голосовании.
Мирный 219 выбрал игрока 547 на голосовании.
Мирный 218 выбрал игрока 280 на голосовании.
Мирный 221 выбрал игрока 671 на голосовании.
Мирный 220 выбрал игрока 291 на голосовании.
Мирный 224 выбрал игрока 847 на голосовании.
Мирный 222 выбрал игрока 330 на голосовании.
Мирный 227 выбрал игрока 887 на голосовании.
Мирный 225 выбрал игрока 529 на голосовании.
Мирный 228 выбрал игрока 631 на голосовании.
Мирный 229 выбрал игрока 556 на голосовании.
Мирный 232 выбрал игрока 350 на голосовании.
Мирный 230 выбрал игрока 370 на голосовании.
Мирный 235 выбрал игрока 442 на голосовании.
Мирный 233 выбрал игрока 861 на голосовании.
Мирный 237 выбрал игрока 961 на голосовании.
Мирный 238 выбрал игрока 465 на голосовании.
Мирный 239 выбрал игрока 811 на голосовании.
Мирный 241 выбрал игрока 490 на голосовании.
Мирный 242 выбрал игрока 692 на голосовании.
Мирный 240 выбрал игрока 441 на голосовании.
Мирный 243 выбрал игрока 54 на голосовании.
Мирный 245 выбрал игрока 570 на голосовании.
Мирный 244 выбрал игрока 50 на голосовании.
Мирный 246 выбрал игрока 780 на голосовании.
Мирный 249 выбрал игрока 927 на голосовании.
Мирный 248 выбрал игрока 150 на голосовании.
Мирный 250 выбрал игрока 969 на голосовании.
Мирный 252 выбрал игрока 889 на голосовании.
Мирный 251 выбрал игрока 449 на голосовании.
Мирный 255 выбрал игрока 773 на голосовании.
Мирный 253 выбрал игрока 24 на голосовании.
Мирный 256 выбрал игрока 80 на голосовании.
Мирный 254 выбрал игрока 191 на голосовании.
Мирный 257 выбрал игрока 869 на голосовании.
Мирный 258 выбрал игрока 346 на голосовании.
Мирный 259 выбрал игрока 736 на голосовании.
Мирный 261 выбрал игрока 983 на голосовании.
Мирный 260 выбрал игрока 551 на голосовании.
Мирный 262 выбрал игрока 274 на голосовании.
Мирный 263 выбрал игрока 913 на голосовании.
Мирный 264 выбрал игрока 150 на голосовании.
Мирный 265 выбрал игрока 268 на голосовании.
Мирный 267 выбрал игрока 557 на голосовании.
Мирный 268 выбрал игрока 45 на голосовании.
Мирный 266 выбрал игрока 703 на голосовании.
Мирный 269 выбрал игрока 177 на голосовании.
Мирный 270 выбрал игрока 724 на голосовании.
Мирный 271 выбрал игрока 367 на голосовании.
Мирный 272 выбрал игрока 463 на голосовании.
Мирный 274 выбрал игрока 400 на голосовании.
Мирный 273 выбрал игрока 850 на голосовании.
Мирный 277 выбрал игрока 740 на голосовании.
Мирный 275 выбрал игрока 914 на голосовании.
Мирный 278 выбрал игрока 522 на голосовании.
Мирный 276 выбрал игрока 510 на голосовании.
Мирный 281 выбрал игрока 268 на голосовании.
Мирный 279 выбрал игрока 654 на голосовании.
Мирный 280 выбрал игрока 217 на голосовании.
Мирный 284 выбрал игрока 276 на голосовании.
Мирный 282 выбрал игрока 117 на голосовании.
Мирный 283 выбрал игрока 801 на голосовании.
Мирный 286 выбрал игрока 374 на голосовании.
Мирный 285 выбрал игрока 448 на голосовании.
Мирный 287 выбрал игрока 53 на голосовании.
Мирный 288 выбрал игрока 103 на голосовании.
Мирный 289 выбрал игрока 105 на голосовании.
Мирный 291 выбрал игрока 135 на голосовании.
Мирный 290 выбрал игрока 372 на голосовании.
Мирный 292 выбрал игрока 525 на голосовании.
Мирный 293 выбрал игрока 936 на голосовании.
Мирный 295 выбрал игрока 540 на голосовании.
Мирный 294 выбрал игрока 834 на голосовании.
Мирный 296 выбрал игрока 641 на голосовании.
Мирный 297 выбрал игрока 649 на голосовании.
Мирный 298 выбрал игрока 148 на голосовании.
Мирный 300 выбрал игрока 136 на голосовании.
Мирный 299 выбрал игрока 960 на голосовании.
Мирный 301 выбрал игрока 762 на голосовании.
Мирный 304 выбрал игрока 461 на голосовании.
Мирный 302 выбрал игрока 925 на голосовании.
Мирный 303 выбрал игрока 960 на голосовании.
Мирный 305 выбрал игрока 703 на голосовании.
Мирный 309 выбрал игрока 360 на голосовании.
Мирный 307 выбрал игрока 909 на голосовании.
Мирный 310 выбрал игрока 404 на голосовании.
Мирный 308 выбрал игрока 821 на голосовании.
Мирный 306 выбрал игрока 764 на голосовании.
Мирный 312 выбрал игрока 554 на голосовании.
Мирный 311 выбрал игрока 716 на голосовании.
Мирный 314 выбрал игрока 721 на голосовании.
Мирный 313 выбрал игрока 411 на голосовании.
Мирный 315 выбрал игрока 43 на голосовании.
Мирный 316 выбрал игрока 586 на голосовании.
Мирный 318 выбрал игрока 51 на голосовании.
Мирный 317 выбрал игрока 877 на голосовании.
Мирный 321 выбрал игрока 626 на голосовании.
Мирный 319 выбрал игрока 379 на голосовании.
Мирный 320 выбрал игрока 438 на голосовании.
Мирный 322 выбрал игрока 519 на голосовании.
Мирный 323 выбрал игрока 546 на голосовании.
Мирный 324 выбрал игрока 150 на голосовании.
Мирный 325 выбрал игрока 150 на голосовании.
Мирный 327 выбрал игрока 599 на голосовании.
Мирный 326 выбрал игрока 348 на голосовании.
Мирный 328 выбрал игрока 452 на голосовании.
Мирный 329 выбрал игрока 635 на голосовании.
Мирный 330 выбрал игрока 6 на голосовании.
Мирный 331 выбрал игрока 564 на голосовании.
Мирный 333 выбрал игрока 111 на голосовании.
Мирный 332 выбрал игрока 570 на голосовании.
Мирный 334 выбрал игрока 377 на голосовании.
Мирный 335 выбрал игрока 845 на голосовании.
Мирный 336 выбрал игрока 213 на голосовании.
Мирный 337 выбрал игрока 491 на голосовании.
Мирный 339 выбрал игрока 842 на голосовании.
Мирный 338 выбрал игрока 738 на голосовании.
Мирный 340 выбрал игрока 953 на голосовании.
Мирный 341 выбрал игрока 29 на голосовании.
Мирный 342 выбрал игрока 320 на голосовании.
Мирный 343 выбрал игрока 388 на голосовании.
Мирный 347 выбрал игрока 849 на голосовании.
Мирный 345 выбрал игрока 47 на голосовании.
Мирный 346 выбрал игрока 900 на голосовании.
Мирный 348 выбрал игрока 264 на голосовании.
Мирный 349 выбрал игрока 645 на голосовании.
Мирный 350 выбрал игрока 549 на голосовании.
Мирный 351 выбрал игрока 531 на голосовании.
Мирный 352 выбрал игрока 530 на голосовании.
Мирный 353 выбрал игрока 34 на голосовании.
Мирный 354 выбрал игрока 286 на голосовании.
Мирный 355 выбрал игрока 825 на голосовании.
Мирный 357 выбрал игрока 177 на голосовании.
Мирный 356 выбрал игрока 190 на голосовании.
Мирный 358 выбрал игрока 56 на голосовании.
Мирный 360 выбрал игрока 334 на голосовании.
Мирный 361 выбрал игрока 555 на голосовании.
Мирный 359 выбрал игрока 663 на голосовании.
Мирный 362 выбрал игрока 495 на голосовании.
Мирный 363 выбрал игрока 609 на голосовании.
Мирный 364 выбрал игрока 194 на голосовании.
Мирный 366 выбрал игрока 909 на голосовании.
Мирный 367 выбрал игрока 583 на голосовании.
Мирный 369 выбрал игрока 929 на голосовании.
Мирный 368 выбрал игрока 618 на голосовании.
Мирный 370 выбрал игрока 383 на голосовании.
Мирный 371 выбрал игрока 602 на голосовании.
Мирный 372 выбрал игрока 738 на голосовании.
Мирный 373 выбрал игрока 414 на голосовании.
Мирный 374 выбрал игрока 691 на голосовании.
Мирный 375 выбрал игрока 425 на голосовании.
Мирный 376 выбрал игрока 244 на голосовании.
Мирный 377 выбрал игрока 712 на голосовании.
Мирный 378 выбрал игрока 961 на голосовании.
Мирный 379 выбрал игрока 875 на голосовании.
Мирный 380 выбрал игрока 183 на голосовании.
Мирный 381 выбрал игрока 273 на голосовании.
Мирный 382 выбрал игрока 77 на голосовании.
Мирный 383 выбрал игрока 543 на голосовании.
Мирный 384 выбрал игрока 978 на голосовании.
Мирный 385 выбрал игрока 429 на голосовании.
Мирный 386 выбрал игрока 368 на голосовании.
Мирный 387 выбрал игрока 628 на голосовании.
Мирный 388 выбрал игрока 220 на голосовании.
Мирный 389 выбрал игрока 349 на голосовании.
Мирный 390 выбрал игрока 549 на голосовании.
Мирный 391 выбрал игрока 345 на голосовании.
Мирный 392 выбрал игрока 794 на голосовании.
Мирный 393 выбрал игрока 745 на голосовании.
Мирный 398 выбрал игрока 46 на голосовании.
Мирный 399 выбрал игрока 474 на голосовании.
Мирный 395 выбрал игрока 767 на голосовании.
Мирный 396 выбрал игрока 246 на голосовании.
Мирный 401 выбрал игрока 566 на голосовании.
Мирный 402 выбрал игрока 66 на голосовании.
Мирный 400 выбрал игрока 209 на голосовании.
Мирный 403 выбрал игрока 963 на голосовании.
Мирный 405 выбрал игрока 576 на голосовании.
Мирный 404 выбрал игрока 813 на голосовании.
Мирный 406 выбрал игрока 821 на голосовании.
Мирный 407 выбрал игрока 382 на голосовании.
Мирный 408 выбрал игрока 377 на голосовании.
Мирный 409 выбрал игрока 750 на голосовании.
Мирный 410 выбрал игрока 908 на голосовании.
Мирный 411 выбрал игрока 736 на голосовании.
Мирный 412 выбрал игрока 363 на голосовании.
Мирный 414 выбрал игрока 568 на голосовании.
Мирный 413 выбрал игрока 155 на голосовании.
Мирный 415 выбрал игрока 755 на голосовании.
Мирный 416 выбрал игрока 997 на голосовании.
Мирный 417 выбрал игрока 403 на голосовании.
Мирный 418 выбрал игрока 880 на голосовании.
Мирный 419 выбрал игрока 359 на голосовании.
Мирный 421 выбрал игрока 549 на голосовании.
Мирный 420 выбрал игрока 602 на голосовании.
Мирный 422 выбрал игрока 712 на голосовании.
Мирный 423 выбрал игрока 971 на голосовании.
Мирный 425 выбрал игрока 733 на голосовании.
Мирный 426 выбрал игрока 404 на голосовании.
Мирный 424 выбрал игрока 792 на голосовании.
Мирный 427 выбрал игрока 69 на голосовании.
Мирный 428 выбрал игрока 107 на голосовании.
Мирный 429 выбрал игрока 989 на голосовании.
Мирный 430 выбрал игрока 766 на голосовании.
Мирный 431 выбрал игрока 432 на голосовании.
Мирный 432 выбрал игрока 996 на голосовании.
Мирный 433 выбрал игрока 419 на голосовании.
Мирный 435 выбрал игрока 547 на голосовании.
Мирный 436 выбрал игрока 229 на голосовании.
Мирный 437 выбрал игрока 39 на голосовании.
Мирный 438 выбрал игрока 556 на голосовании.
Мирный 439 выбрал игрока 936 на голосовании.
Мирный 440 выбрал игрока 68 на голосовании.
Мирный 441 выбрал игрока 685 на голосовании.
Мирный 442 выбрал игрока 950 на голосовании.
Мирный 443 выбрал игрока 685 на голосовании.
Мирный 444 выбрал игрока 155 на голосовании.
Мирный 445 выбрал игрока 163 на голосовании.
Мирный 446 выбрал игрока 259 на голосовании.
Мирный 447 выбрал игрока 233 на голосовании.
Мирный 448 выбрал игрока 268 на голосовании.
Мирный 449 выбрал игрока 927 на голосовании.
Мирный 450 выбрал игрока 75 на голосовании.
Мирный 451 выбрал игрока 750 на голосовании.
Мирный 452 выбрал игрока 106 на голосовании.
Мирный 453 выбрал игрока 755 на голосовании.
Мирный 454 выбрал игрока 64 на голосовании.
Мирный 456 выбрал игрока 131 на голосовании.
Мирный 455 выбрал игрока 604 на голосовании.
Мирный 457 выбрал игрока 78 на голосовании.
Мирный 458 выбрал игрока 293 на голосовании.
Мирный 459 выбрал игрока 789 на голосовании.
Мирный 460 выбрал игрока 492 на голосовании.
Мирный 461 выбрал игрока 934 на голосовании.
Мирный 462 выбрал игрока 322 на голосовании.
Мирный 463 выбрал игрока 676 на голосовании.
Мирный 464 выбрал игрока 586 на голосовании.
Мирный 465 выбрал игрока 381 на голосовании.
Мирный 466 выбрал игрока 240 на голосовании.
Мирный 467 выбрал игрока 47 на голосовании.
Мирный 469 выбрал игрока 90 на голосовании.
Мирный 470 выбрал игрока 466 на голосовании.
Мирный 471 выбрал игрока 515 на голосовании.
Мирный 472 выбрал игрока 607 на голосовании.
Мирный 473 выбрал игрока 459 на голосовании.
Мирный 474 выбрал игрока 71 на голосовании.
Мирный 476 выбрал игрока 260 на голосовании.
Мирный 477 выбрал игрока 726 на голосовании.
Мирный 478 выбрал игрока 836 на голосовании.
Мирный 480 выбрал игрока 267 на голосовании.
Мирный 481 выбрал игрока 637 на голосовании.
Мирный 479 выбрал игрока 353 на голосовании.
Мирный 482 выбрал игрока 158 на голосовании.
Мирный 483 выбрал игрока 740 на голосовании.
Мирный 484 выбрал игрока 420 на голосовании.
Мирный 485 выбрал игрока 947 на голосовании.
Мирный 486 выбрал игрока 778 на голосовании.
Мирный 487 выбрал игрока 289 на голосовании.
Мирный 488 выбрал игрока 423 на голосовании.
Мирный 489 выбрал игрока 441 на голосовании.
Мирный 490 выбрал игрока 794 на голосовании.
Мирный 491 выбрал игрока 363 на голосовании.
Мирный 492 выбрал игрока 533 на голосовании.
Мирный 493 выбрал игрока 139 на голосовании.
Мирный 494 выбрал игрока 849 на голосовании.
Мирный 495 выбрал игрока 612 на голосовании.
Мирный 497 выбрал игрока 459 на голосовании.
Мирный 496 выбрал игрока 720 на голосовании.
Мирный 498 выбрал игрока 612 на голосовании.
Мирный 499 выбрал игрока 639 на голосовании.
Мирный 500 выбрал игрока 410 на голосовании.
Мирный 501 выбрал игрока 795 на голосовании.
Мирный 502 выбрал игрока 70 на голосовании.
Мирный 503 выбрал игрока 528 на голосовании.
Мирный 504 выбрал игрока 791 на голосовании.
Мирный 505 выбрал игрока 909 на голосовании.
Мирный 506 выбрал игрока 213 на голосовании.
Мирный 507 выбрал игрока 528 на голосовании.
Мирный 508 выбрал игрока 118 на голосовании.
Мирный 509 выбрал игрока 663 на голосовании.
Мирный 510 выбрал игрока 179 на голосовании.
Мирный 513 выбрал игрока 647 на голосовании.
Мирный 514 выбрал игрока 51 на голосовании.
Мирный 515 выбрал игрока 436 на голосовании.
Мирный 516 выбрал игрока 245 на голосовании.
Мирный 518 выбрал игрока 86 на голосовании.
Мирный 519 выбрал игрока 766 на голосовании.
Мирный 517 выбрал игрока 982 на голосовании.
Мирный 520 выбрал игрока 386 на голосовании.
Мирный 521 выбрал игрока 591 на голосовании.
Мирный 522 выбрал игрока 835 на голосовании.
Мирный 523 выбрал игрока 605 на голосовании.
Мирный 524 выбрал игрока 452 на голосовании.
Мирный 525 выбрал игрока 44 на голосовании.
Мирный 526 выбрал игрока 426 на голосовании.
Мирный 527 выбрал игрока 374 на голосовании.
Мирный 528 выбрал игрока 849 на голосовании.
Мирный 529 выбрал игрока 867 на голосовании.
Мирный 530 выбрал игрока 681 на голосовании.
Мирный 531 выбрал игрока 501 на голосовании.
Мирный 532 выбрал игрока 597 на голосовании.
Мирный 533 выбрал игрока 848 на голосовании.
Мирный 534 выбрал игрока 38 на голосовании.
Мирный 535 выбрал игрока 875 на голосовании.
Мирный 537 выбрал игрока 98 на голосовании.
Мирный 538 выбрал игрока 356 на голосовании.
Мирный 541 выбрал игрока 398 на голосовании.
Мирный 539 выбрал игрока 838 на голосовании.
Мирный 540 выбрал игрока 571 на голосовании.
Мирный 542 выбрал игрока 813 на голосовании.
Мирный 543 выбрал игрока 540 на голосовании.
Мирный 546 выбрал игрока 676 на голосовании.
Мирный 544 выбрал игрока 888 на голосовании.
Мирный 547 выбрал игрока 441 на голосовании.
Мирный 545 выбрал игрока 838 на голосовании.
Мирный 551 выбрал игрока 38 на голосовании.
Мирный 548 выбрал игрока 174 на голосовании.
Мирный 549 выбрал игрока 932 на голосовании.
Мирный 552 выбрал игрока 74 на голосовании.
Мирный 553 выбрал игрока 470 на голосовании.
Мирный 554 выбрал игрока 251 на голосовании.
Мирный 555 выбрал игрока 199 на голосовании.
Мирный 556 выбрал игрока 219 на голосовании.
Мирный 557 выбрал игрока 23 на голосовании.
Мирный 558 выбрал игрока 219 на голосовании.
Мирный 559 выбрал игрока 612 на голосовании.
Мирный 560 выбрал игрока 937 на голосовании.
Мирный 561 выбрал игрока 436 на голосовании.
Мирный 562 выбрал игрока 755 на голосовании.
Мирный 563 выбрал игрока 157 на голосовании.
Мирный 565 выбрал игрока 332 на голосовании.
Мирный 564 выбрал игрока 244 на голосовании.
Мирный 566 выбрал игрока 733 на голосовании.
Мирный 567 выбрал игрока 254 на голосовании.
Мирный 568 выбрал игрока 174 на голосовании.
Мирный 569 выбрал игрока 200 на голосовании.
Мирный 570 выбрал игрока 132 на голосовании.
Мирный 572 выбрал игрока 748 на голосовании.
Мирный 573 выбрал игрока 753 на голосовании.
Мирный 571 выбрал игрока 257 на голосовании.
Мирный 574 выбрал игрока 18 на голосовании.
Мирный 575 выбрал игрока 607 на голосовании.
Мирный 576 выбрал игрока 408 на голосовании.
Мирный 577 выбрал игрока 530 на голосовании.
Мирный 578 выбрал игрока 700 на голосовании.
Мирный 579 выбрал игрока 862 на голосовании.
Мирный 580 выбрал игрока 133 на голосовании.
Мирный 581 выбрал игрока 592 на голосовании.
Мирный 582 выбрал игрока 924 на голосовании.
Мирный 583 выбрал игрока 680 на голосовании.
Мирный 584 выбрал игрока 54 на голосовании.
Мирный 585 выбрал игрока 473 на голосовании.
Мирный 586 выбрал игрока 631 на голосовании.
Мирный 589 выбрал игрока 384 на голосовании.
Мирный 588 выбрал игрока 654 на голосовании.
Мирный 590 выбрал игрока 769 на голосовании.
Мирный 591 выбрал игрока 877 на голосовании.
Мирный 592 выбрал игрока 622 на голосовании.
Мирный 594 выбрал игрока 331 на голосовании.
Мирный 593 выбрал игрока 798 на голосовании.
Мирный 595 выбрал игрока 633 на голосовании.
Мирный 596 выбрал игрока 743 на голосовании.
Мирный 597 выбрал игрока 618 на голосовании.
Мирный 598 выбрал игрока 238 на голосовании.
Мирный 599 выбрал игрока 392 на голосовании.
Мирный 601 выбрал игрока 753 на голосовании.
Мирный 600 выбрал игрока 773 на голосовании.
Мирный 602 выбрал игрока 739 на голосовании.
Мирный 603 выбрал игрока 775 на голосовании.
Мирный 604 выбрал игрока 100 на голосовании.
Мирный 605 выбрал игрока 38 на голосовании.
Мирный 606 выбрал игрока 816 на голосовании.
Мирный 607 выбрал игрока 922 на голосовании.
Мирный 608 выбрал игрока 918 на голосовании.
Мирный 609 выбрал игрока 221 на голосовании.
Мирный 610 выбрал игрока 931 на голосовании.
Мирный 611 выбрал игрока 586 на голосовании.
Мирный 612 выбрал игрока 334 на голосовании.
Мирный 613 выбрал игрока 882 на голосовании.
Мирный 614 выбрал игрока 238 на голосовании.
Мирный 616 выбрал игрока 578 на голосовании.
Мирный 617 выбрал игрока 640 на голосовании.
Мирный 618 выбрал игрока 293 на голосовании.
Мирный 619 выбрал игрока 321 на голосовании.
Мирный 621 выбрал игрока 996 на голосовании.
Мирный 622 выбрал игрока 927 на голосовании.
Мирный 623 выбрал игрока 826 на голосовании.
Мирный 625 выбрал игрока 218 на голосовании.
Мирный 626 выбрал игрока 709 на голосовании.
Мирный 627 выбрал игрока 32 на голосовании.
Мирный 628 выбрал игрока 834 на голосовании.
Мирный 629 выбрал игрока 467 на голосовании.
Мирный 630 выбрал игрока 76 на голосовании.
Мирный 631 выбрал игрока 637 на голосовании.
Мирный 632 выбрал игрока 393 на голосовании.
Мирный 633 выбрал игрока 711 на голосовании.
Мирный 634 выбрал игрока 829 на голосовании.
Мирный 635 выбрал игрока 844 на голосовании.
Мирный 636 выбрал игрока 79 на голосовании.
Мирный 637 выбрал игрока 301 на голосовании.
Мирный 638 выбрал игрока 312 на голосовании.
Мирный 639 выбрал игрока 565 на голосовании.
Мирный 640 выбрал игрока 239 на голосовании.
Мирный 641 выбрал игрока 892 на голосовании.
Мирный 643 выбрал игрока 18 на голосовании.
Мирный 644 выбрал игрока 290 на голосовании.
Мирный 642 выбрал игрока 11 на голосовании.
Мирный 645 выбрал игрока 283 на голосовании.
Мирный 646 выбрал игрока 817 на голосовании.
Мирный 647 выбрал игрока 701 на голосовании.
Мирный 648 выбрал игрока 297 на голосовании.
Мирный 649 выбрал игрока 499 на голосовании.
Мирный 650 выбрал игрока 614 на голосовании.
Мирный 651 выбрал игрока 199 на голосовании.
Мирный 652 выбрал игрока 840 на голосовании.
Мирный 654 выбрал игрока 256 на голосовании.
Мирный 655 выбрал игрока 402 на голосовании.
Мирный 656 выбрал игрока 822 на голосовании.
Мирный 657 выбрал игрока 767 на голосовании.
Мирный 658 выбрал игрока 216 на голосовании.
Мирный 660 выбрал игрока 30 на голосовании.
Мирный 661 выбрал игрока 116 на голосовании.
Мирный 659 выбрал игрока 703 на голосовании.
Мирный 662 выбрал игрока 720 на голосовании.
Мирный 663 выбрал игрока 10 на голосовании.
Мирный 664 выбрал игрока 967 на голосовании.
Мирный 665 выбрал игрока 74 на голосовании.
Мирный 666 выбрал игрока 981 на голосовании.
Мирный 667 выбрал игрока 194 на голосовании.
Мирный 668 выбрал игрока 571 на голосовании.
Мирный 669 выбрал игрока 81 на голосовании.
Мирный 670 выбрал игрока 133 на голосовании.
Мирный 671 выбрал игрока 398 на голосовании.
Мирный 672 выбрал игрока 915 на голосовании.
Мирный 673 выбрал игрока 640 на голосовании.
Мирный 674 выбрал игрока 966 на голосовании.
Мирный 675 выбрал игрока 516 на голосовании.
Мирный 676 выбрал игрока 504 на голосовании.
Мирный 677 выбрал игрока 953 на голосовании.
Мирный 678 выбрал игрока 395 на голосовании.
Мирный 679 выбрал игрока 14 на голосовании.
Мирный 680 выбрал игрока 740 на голосовании.
Мирный 681 выбрал игрока 342 на голосовании.
Мирный 682 выбрал игрока 504 на голосовании.
Мирный 683 выбрал игрока 491 на голосовании.
Мирный 685 выбрал игрока 407 на голосовании.
Мирный 684 выбрал игрока 618 на голосовании.
Мирный 686 выбрал игрока 424 на голосовании.
Мирный 687 выбрал игрока 450 на голосовании.
Мирный 688 выбрал игрока 192 на голосовании.
Мирный 691 выбрал игрока 487 на голосовании.
Мирный 692 выбрал игрока 822 на голосовании.
Мирный 690 выбрал игрока 909 на голосовании.
Мирный 693 выбрал игрока 712 на голосовании.
Мирный 695 выбрал игрока 825 на голосовании.
Мирный 694 выбрал игрока 556 на голосовании.
Мирный 696 выбрал игрока 942 на голосовании.
Мирный 697 выбрал игрока 533 на голосовании.
Мирный 698 выбрал игрока 418 на голосовании.
Мирный 700 выбрал игрока 246 на голосовании.
Мирный 701 выбрал игрока 699 на голосовании.
Мирный 699 выбрал игрока 194 на голосовании.
Мирный 702 выбрал игрока 775 на голосовании.
Мирный 703 выбрал игрока 151 на голосовании.
Мирный 704 выбрал игрока 753 на голосовании.
Мирный 705 выбрал игрока 976 на голосовании.
Мирный 707 выбрал игрока 305 на голосовании.
Мирный 709 выбрал игрока 568 на голосовании.
Мирный 710 выбрал игрока 137 на голосовании.
Мирный 711 выбрал игрока 617 на голосовании.
Мирный 712 выбрал игрока 316 на голосовании.
Мирный 713 выбрал игрока 634 на голосовании.
Мирный 714 выбрал игрока 702 на голосовании.
Мирный 715 выбрал игрока 665 на голосовании.
Мирный 716 выбрал игрока 625 на голосовании.
Мирный 717 выбрал игрока 972 на голосовании.
Мирный 718 выбрал игрока 777 на голосовании.
Мирный 721 выбрал игрока 563 на голосовании.
Мирный 722 выбрал игрока 250 на голосовании.
Мирный 720 выбрал игрока 200 на голосовании.
Мирный 724 выбрал игрока 795 на голосовании.
Мирный 725 выбрал игрока 317 на голосовании.
Мирный 726 выбрал игрока 524 на голосовании.
Мирный 727 выбрал игрока 795 на голосовании.
Мирный 729 выбрал игрока 134 на голосовании.
Мирный 730 выбрал игрока 561 на голосовании.
Мирный 731 выбрал игрока 929 на голосовании.
Мирный 732 выбрал игрока 919 на голосовании.
Мирный 733 выбрал игрока 918 на голосовании.
Мирный 734 выбрал игрока 254 на голосовании.
Мирный 735 выбрал игрока 305 на голосовании.
Мирный 736 выбрал игрока 380 на голосовании.
Мирный 737 выбрал игрока 132 на голосовании.
Мирный 738 выбрал игрока 413 на голосовании.
Мирный 739 выбрал игрока 575 на голосовании.
Мирный 740 выбрал игрока 843 на голосовании.
Мирный 741 выбрал игрока 302 на голосовании.
Мирный 743 выбрал игрока 43 на голосовании.
Мирный 744 выбрал игрока 976 на голосовании.
Мирный 742 выбрал игрока 42 на голосовании.
Мирный 745 выбрал игрока 275 на голосовании.
Мирный 746 выбрал игрока 272 на голосовании.
Мирный 747 выбрал игрока 971 на голосовании.
Мирный 748 выбрал игрока 8 на голосовании.
Мирный 749 выбрал игрока 743 на голосовании.
Мирный 750 выбрал игрока 378 на голосовании.
Мирный 752 выбрал игрока 537 на голосовании.
Мирный 753 выбрал игрока 925 на голосовании.
Мирный 754 выбрал игрока 580 на голосовании.
Мирный 751 выбрал игрока 275 на голосовании.
Мирный 755 выбрал игрока 782 на голосовании.
Мирный 757 выбрал игрока 243 на голосовании.
Мирный 758 выбрал игрока 579 на голосовании.
Мирный 759 выбрал игрока 260 на голосовании.
Мирный 760 выбрал игрока 251 на голосовании.
Мирный 761 выбрал игрока 23 на голосовании.
Мирный 762 выбрал игрока 972 на голосовании.
Мирный 763 выбрал игрока 39 на голосовании.
Мирный 764 выбрал игрока 992 на голосовании.
Мирный 765 выбрал игрока 306 на голосовании.
Мирный 766 выбрал игрока 617 на голосовании.
Мирный 767 выбрал игрока 82 на голосовании.
Мирный 768 выбрал игрока 244 на голосовании.
Мирный 769 выбрал игрока 715 на голосовании.
Мирный 770 выбрал игрока 196 на голосовании.
Мирный 771 выбрал игрока 195 на голосовании.
Мирный 772 выбрал игрока 120 на голосовании.
Мирный 773 выбрал игрока 138 на голосовании.
Мирный 775 выбрал игрока 3 на голосовании.
Мирный 774 выбрал игрока 930 на голосовании.
Мирный 776 выбрал игрока 482 на голосовании.
Мирный 777 выбрал игрока 582 на голосовании.
Мирный 778 выбрал игрока 272 на голосовании.
Мирный 779 выбрал игрока 385 на голосовании.
Мирный 780 выбрал игрока 495 на голосовании.
Мирный 781 выбрал игрока 717 на голосовании.
Мирный 782 выбрал игрока 555 на голосовании.
Мирный 783 выбрал игрока 556 на голосовании.
Мирный 784 выбрал игрока 698 на голосовании.
Мирный 785 выбрал игрока 464 на голосовании.
Мирный 786 выбрал игрока 232 на голосовании.
Мирный 787 выбрал игрока 181 на голосовании.
Мирный 789 выбрал игрока 726 на голосовании.
Мирный 790 выбрал игрока 701 на голосовании.
Мирный 791 выбрал игрока 218 на голосовании.
Мирный 792 выбрал игрока 498 на голосовании.
Мирный 793 выбрал игрока 239 на голосовании.
Мирный 794 выбрал игрока 213 на голосовании.
Мирный 795 выбрал игрока 67 на голосовании.
Мирный 796 выбрал игрока 556 на голосовании.
Мирный 797 выбрал игрока 318 на голосовании.
Мирный 798 выбрал игрока 990 на голосовании.
Мирный 800 выбрал игрока 362 на голосовании.
Мирный 799 выбрал игрока 576 на голосовании.
Мирный 801 выбрал игрока 160 на голосовании.
Мирный 802 выбрал игрока 717 на голосовании.
Мирный 803 выбрал игрока 170 на голосовании.
Мирный 804 выбрал игрока 98 на голосовании.
Мирный 805 выбрал игрока 739 на голосовании.
Мирный 806 выбрал игрока 534 на голосовании.
Мирный 807 выбрал игрока 566 на голосовании.
Мирный 808 выбрал игрока 646 на голосовании.
Мирный 809 выбрал игрока 760 на голосовании.
Мирный 810 выбрал игрока 525 на голосовании.
Мирный 811 выбрал игрока 350 на голосовании.
Мирный 812 выбрал игрока 328 на голосовании.
Мирный 813 выбрал игрока 844 на голосовании.
Мирный 814 выбрал игрока 469 на голосовании.
Мирный 815 выбрал игрока 870 на голосовании.
Мирный 816 выбрал игрока 477 на голосовании.
Мирный 817 выбрал игрока 55 на голосовании.
Мирный 818 выбрал игрока 16 на голосовании.
Мирный 819 выбрал игрока 657 на голосовании.
Мирный 820 выбрал игрока 503 на голосовании.
Мирный 821 выбрал игрока 838 на голосовании.
Мирный 822 выбрал игрока 701 на голосовании.
Мирный 823 выбрал игрока 660 на голосовании.
Мирный 824 выбрал игрока 371 на голосовании.
Мирный 825 выбрал игрока 820 на голосовании.
Мирный 826 выбрал игрока 99 на голосовании.
Мирный 827 выбрал игрока 128 на голосовании.
Мирный 828 выбрал игрока 563 на голосовании.
Мирный 829 выбрал игрока 39 на голосовании.
Мирный 830 выбрал игрока 577 на голосовании.
Мирный 831 выбрал игрока 930 на голосовании.
Мирный 832 выбрал игрока 128 на голосовании.
Мирный 833 выбрал игрока 819 на голосовании.
Мирный 834 выбрал игрока 296 на голосовании.
Мирный 836 выбрал игрока 295 на голосовании.
Мирный 835 выбрал игрока 655 на голосовании.
Мирный 837 выбрал игрока 447 на голосовании.
Мирный 838 выбрал игрока 581 на голосовании.
Мирный 839 выбрал игрока 389 на голосовании.
Мирный 840 выбрал игрока 816 на голосовании.
Мирный 842 выбрал игрока 504 на голосовании.
Мирный 841 выбрал игрока 677 на голосовании.
Мирный 843 выбрал игрока 419 на голосовании.
Мирный 844 выбрал игрока 274 на голосовании.
Мирный 845 выбрал игрока 838 на голосовании.
Мирный 846 выбрал игрока 876 на голосовании.
Мирный 847 выбрал игрока 105 на голосовании.
Мирный 848 выбрал игрока 118 на голосовании.
Мирный 849 выбрал игрока 842 на голосовании.
Мирный 851 выбрал игрока 721 на голосовании.
Мирный 850 выбрал игрока 924 на голосовании.
Мирный 852 выбрал игрока 911 на голосовании.
Мирный 853 выбрал игрока 725 на голосовании.
Мирный 854 выбрал игрока 975 на голосовании.
Мирный 856 выбрал игрока 870 на голосовании.
Мирный 857 выбрал игрока 36 на голосовании.
Мирный 858 выбрал игрока 858 на голосовании.
Мирный 859 выбрал игрока 251 на голосовании.
Мирный 860 выбрал игрока 672 на голосовании.
Мирный 861 выбрал игрока 22 на голосовании.
Мирный 862 выбрал игрока 923 на голосовании.
Мирный 863 выбрал игрока 416 на голосовании.
Мирный 864 выбрал игрока 480 на голосовании.
Мирный 865 выбрал игрока 683 на голосовании.
Мирный 866 выбрал игрока 283 на голосовании.
Мирный 867 выбрал игрока 664 на голосовании.
Мирный 868 выбрал игрока 623 на голосовании.
Мирный 869 выбрал игрока 453 на голосовании.
Мирный 870 выбрал игрока 700 на голосовании.
Мирный 871 выбрал игрока 321 на голосовании.
Мирный 872 выбрал игрока 797 на голосовании.
Мирный 873 выбрал игрока 925 на голосовании.
Мирный 874 выбрал игрока 105 на голосовании.
Мирный 875 выбрал игрока 174 на голосовании.
Мирный 876 выбрал игрока 228 на голосовании.
Мирный 877 выбрал игрока 912 на голосовании.
Мирный 878 выбрал игрока 612 на голосовании.
Мирный 879 выбрал игрока 838 на голосовании.
Мирный 880 выбрал игрока 488 на голосовании.
Мирный 882 выбрал игрока 999 на голосовании.
Мирный 883 выбрал игрока 841 на голосовании.
Мирный 881 выбрал игрока 880 на голосовании.
Мирный 884 выбрал игрока 352 на голосовании.
Мирный 885 выбрал игрока 491 на голосовании.
Мирный 886 выбрал игрока 541 на голосовании.
Мирный 887 выбрал игрока 338 на голосовании.
Мирный 889 выбрал игрока 830 на голосовании.
Мирный 888 выбрал игрока 130 на голосовании.
Мирный 890 выбрал игрока 451 на голосовании.
Мирный 891 выбрал игрока 85 на голосовании.
Мирный 892 выбрал игрока 316 на голосовании.
Мирный 893 выбрал игрока 139 на голосовании.
Мирный 894 выбрал игрока 798 на голосовании.
Мирный 897 выбрал игрока 820 на голосовании.
Мирный 898 выбрал игрока 252 на голосовании.
Мирный 899 выбрал игрока 597 на голосовании.
Мирный 900 выбрал игрока 954 на голосовании.
Мирный 901 выбрал игрока 384 на голосовании.
Мирный 902 выбрал игрока 180 на голосовании.
Мирный 903 выбрал игрока 671 на голосовании.
Мирный 904 выбрал игрока 177 на голосовании.
Мирный 905 выбрал игрока 873 на голосовании.
Мирный 907 выбрал игрока 135 на голосовании.
Мирный 906 выбрал игрока 107 на голосовании.
Мирный 908 выбрал игрока 380 на голосовании.
Мирный 909 выбрал игрока 581 на голосовании.
Мирный 910 выбрал игрока 201 на голосовании.
Мирный 911 выбрал игрока 695 на голосовании.
Мирный 912 выбрал игрока 642 на голосовании.
Мирный 913 выбрал игрока 989 на голосовании.
Мирный 915 выбрал игрока 358 на голосовании.
Мирный 914 выбрал игрока 156 на голосовании.
Мирный 916 выбрал игрока 543 на голосовании.
Мирный 917 выбрал игрока 778 на голосовании.
Мирный 918 выбрал игрока 611 на голосовании.
Мирный 919 выбрал игрока 718 на голосовании.
Мирный 920 выбрал игрока 956 на голосовании.
Мирный 921 выбрал игрока 791 на голосовании.
Мирный 922 выбрал игрока 754 на голосовании.
Мирный 923 выбрал игрока 627 на голосовании.
Мирный 924 выбрал игрока 631 на голосовании.
Мирный 925 выбрал игрока 586 на голосовании.
Мирный 926 выбрал игрока 60 на голосовании.
Мирный 927 выбрал игрока 978 на голосовании.
Мирный 928 выбрал игрока 733 на голосовании.
Мирный 929 выбрал игрока 351 на голосовании.
Мирный 930 выбрал игрока 927 на голосовании.
Мирный 931 выбрал игрока 25 на голосовании.
Мирный 932 выбрал игрока 527 на голосовании.
Мирный 933 выбрал игрока 595 на голосовании.
Мирный 934 выбрал игрока 902 на голосовании.
Мирный 935 выбрал игрока 524 на голосовании.
Мирный 936 выбрал игрока 526 на голосовании.
Мирный 937 выбрал игрока 244 на голосовании.
Мирный 939 выбрал игрока 182 на голосовании.
Мирный 940 выбрал игрока 774 на голосовании.
Мирный 941 выбрал игрока 80 на голосовании.
Мирный 942 выбрал игрока 637 на голосовании.
Мирный 943 выбрал игрока 953 на голосовании.
Мирный 944 выбрал игрока 180 на голосовании.
Мирный 946 выбрал игрока 141 на голосовании.
Мирный 947 выбрал игрока 97 на голосовании.
Мирный 948 выбрал игрока 216 на голосовании.
Мирный 949 выбрал игрока 889 на голосовании.
Мирный 950 выбрал игрока 961 на голосовании.
Мирный 951 выбрал игрока 782 на голосовании.
Мирный 952 выбрал игрока 541 на голосовании.
Мирный 953 выбрал игрока 116 на голосовании.
Мирный 954 выбрал игрока 790 на голосовании.
Мирный 955 выбрал игрока 877 на голосовании.
Мирный 956 выбрал игрока 733 на голосовании.
Мирный 957 выбрал игрока 109 на голосовании.
Мирный 959 выбрал игрока 48 на голосовании.
Мирный 958 выбрал игрока 258 на голосовании.
Мирный 960 выбрал игрока 235 на голосовании.
Мирный 961 выбрал игрока 893 на голосовании.
Мирный 963 выбрал игрока 883 на голосовании.
Мирный 964 выбрал игрока 542 на голосовании.
Мирный 962 выбрал игрока 717 на голосовании.
Мирный 965 выбрал игрока 92 на голосовании.
Мирный 967 выбрал игрока 997 на голосовании.
Мирный 966 выбрал игрока 317 на голосовании.
Мирный 968 выбрал игрока 68 на голосовании.
Мирный 969 выбрал игрока 76 на голосовании.
Мирный 970 выбрал игрока 249 на голосовании.
Мирный 971 выбрал игрока 930 на голосовании.
Мирный 972 выбрал игрока 958 на голосовании.
Мирный 973 выбрал игрока 642 на голосовании.
Мирный 974 выбрал игрока 163 на голосовании.
Мирный 975 выбрал игрока 197 на голосовании.
Мирный 976 выбрал игрока 975 на голосовании.
Мирный 977 выбрал игрока 919 на голосовании.
Мирный 978 выбрал игрока 642 на голосовании.
Мирный 980 выбрал игрока 383 на голосовании.
Мирный 981 выбрал игрока 538 на голосовании.
Мирный 982 выбрал игрока 431 на голосовании.
Мирный 983 выбрал игрока 522 на голосовании.
Мирный 984 выбрал игрока 848 на голосовании.
Мирный 985 выбрал игрока 266 на голосовании.
Мирный 986 выбрал игрока 388 на голосовании.
Мирный 989 выбрал игрока 635 на голосовании.
Мирный 990 выбрал игрока 300 на голосовании.
Мирный 988 выбрал игрока 601 на голосовании.
Мирный 991 выбрал игрока 436 на голосовании.
Мирный 992 выбрал игрока 526 на голосовании.
Мирный 993 выбрал игрока 528 на голосовании.
Мирный 994 выбрал игрока 444 на голосовании.
Мирный 995 выбрал игрока 27 на голосовании.
Мирный 996 выбрал игрока 79 на голосовании.
Мирный 997 выбрал игрока 461 на голосовании.
Мирный 998 выбрал игрока 330 на голосовании.
Мирный 999 выбрал игрока 38 на голосовании.
Мирный 1000 выбрал игрока 918 на голосовании.
Игрок 556 был убит после голосования.
