Начало раунда 402
Игрок 30: Мафия
Игрок 56: Мафия
Игрок 80: Мафия
Игрок 83: Мафия
Игрок 95: Мафия
Игрок 96: Мафия
Игрок 117: Мафия
Игрок 122: Мафия
Игрок 130: Мафия
Игрок 142: Дон мафии
Игрок 150: Мафия
Игрок 153: Мафия
Игрок 163: Мафия
Игрок 170: Мафия
Игрок 174: Мафия
Игрок 180: Мафия
Игрок 182: Мафия
Игрок 187: Мафия
Игрок 191: Мафия
Игрок 194: Мафия
Игрок 198: Мафия
Игрок 200: Мафия
Игрок 232: Мирный житель
Игрок 257: Мирный житель
Игрок 266: Мирный житель
Игрок 287: Мирный житель
Игрок 327: Мирный житель
Игрок 328: Мирный житель
Игрок 329: Мирный житель
Игрок 361: Мирный житель
Игрок 385: Мирный житель
Игрок 403: Мирный житель
Игрок 415: Мирный житель
Игрок 446: Мирный житель
Игрок 466: Мирный житель
Игрок 474: Мирный житель
Игрок 488: Мирный житель
Игрок 503: Мирный житель
Игрок 504: Мирный житель
Игрок 505: Мирный житель
Игрок 526: Мирный житель
Игрок 529: Мирный житель
Игрок 552: Мирный житель
Игрок 557: Мирный житель
Игрок 563: Мирный житель
Игрок 611: Мирный житель
Игрок 633: Мирный житель
Игрок 637: Мирный житель
Игрок 638: Мирный житель
Игрок 643: Мирный житель
Игрок 662: Мирный житель
Игрок 680: Мирный житель
Игрок 709: Мирный житель
Игрок 711: Мирный житель
Игрок 718: Мирный житель
Игрок 738: Мирный житель
Игрок 744: Мирный житель
Игрок 754: Мирный житель
Игрок 770: Мирный житель
Игрок 789: Мирный житель
Игрок 816: Мирный житель
Игрок 817: Мирный житель
Игрок 835: Мирный житель
Игрок 875: Мирный житель
Игрок 880: Мирный житель
Игрок 916: Мирный житель
Игрок 929: Мирный житель
Игрок 933: Мирный житель
Игрок 946: Мирный житель
Игрок 948: Мирный житель
Игрок 972: Мирный житель
Игрок 975: Мирный житель
Игрок 976: Мирный житель
Игрок 988: Мирный житель
Игрок 990: Мирный житель
Игрок 991: Мирный житель
Игрок 998: Мирный житель
Игрок 999: Мирный житель
Мафия 56 выбрала игрока 403 для убийства.
Мафия 30 выбрала игрока 933 для убийства.
Мафия 80 выбрала игрока 946 для убийства.
Мафия 83 выбрала игрока 816 для убийства.
Мафия 95 выбрала игрока 638 для убийства.
Мафия 96 выбрала игрока 287 для убийства.
Мафия 117 выбрала игрока 835 для убийства.
Мафия 122 выбрала игрока 770 для убийства.
Мафия 130 выбрала игрока 329 для убийства.
Мафия 142 выбрала игрока 611 для убийства.
Мафия 150 выбрала игрока 266 для убийства.
Мафия 163 выбрала игрока 789 для убийства.
Мафия 153 выбрала игрока 257 для убийства.
Мафия 170 выбрала игрока 976 для убийства.
Мафия 174 выбрала игрока 662 для убийства.
Мафия 180 выбрала игрока 361 для убийства.
Мафия 182 выбрала игрока 474 для убийства.
Мафия 187 выбрала игрока 738 для убийства.
Мафия 191 выбрала игрока 835 для убийства.
Мафия 194 выбрала игрока 287 для убийства.
Мафия 198 выбрала игрока 257 для убийства.
Мафия 200 выбрала игрока 557 для убийства.
Дон мафии 142 выбрал игрока 257 на основе голосов мафии.
Игрок 257 был убит мафией.
Игрок 30: Мафия
Игрок 56: Мафия
Игрок 80: Мафия
Игрок 83: Мафия
Игрок 95: Мафия
Игрок 96: Мафия
Игрок 117: Мафия
Игрок 122: Мафия
Игрок 130: Мафия
Игрок 142: Дон мафии
Игрок 150: Мафия
Игрок 153: Мафия
Игрок 163: Мафия
Игрок 170: Мафия
Игрок 174: Мафия
Игрок 180: Мафия
Игрок 182: Мафия
Игрок 187: Мафия
Игрок 191: Мафия
Игрок 194: Мафия
Игрок 198: Мафия
Игрок 200: Мафия
Игрок 232: Мирный житель
Игрок 266: Мирный житель
Игрок 287: Мирный житель
Игрок 327: Мирный житель
Игрок 328: Мирный житель
Игрок 329: Мирный житель
Игрок 361: Мирный житель
Игрок 385: Мирный житель
Игрок 403: Мирный житель
Игрок 415: Мирный житель
Игрок 446: Мирный житель
Игрок 466: Мирный житель
Игрок 474: Мирный житель
Игрок 488: Мирный житель
Игрок 503: Мирный житель
Игрок 504: Мирный житель
Игрок 505: Мирный житель
Игрок 526: Мирный житель
Игрок 529: Мирный житель
Игрок 552: Мирный житель
Игрок 557: Мирный житель
Игрок 563: Мирный житель
Игрок 611: Мирный житель
Игрок 633: Мирный житель
Игрок 637: Мирный житель
Игрок 638: Мирный житель
Игрок 643: Мирный житель
Игрок 662: Мирный житель
Игрок 680: Мирный житель
Игрок 709: Мирный житель
Игрок 711: Мирный житель
Игрок 718: Мирный житель
Игрок 738: Мирный житель
Игрок 744: Мирный житель
Игрок 754: Мирный житель
Игрок 770: Мирный житель
Игрок 789: Мирный житель
Игрок 816: Мирный житель
Игрок 817: Мирный житель
Игрок 835: Мирный житель
Игрок 875: Мирный житель
Игрок 880: Мирный житель
Игрок 916: Мирный житель
Игрок 929: Мирный житель
Игрок 933: Мирный житель
Игрок 946: Мирный житель
Игрок 948: Мирный житель
Игрок 972: Мирный житель
Игрок 975: Мирный житель
Игрок 976: Мирный житель
Игрок 988: Мирный житель
Игрок 990: Мирный житель
Игрок 991: Мирный житель
Игрок 998: Мирный житель
Игрок 999: Мирный житель
Мафия 30 выбрала игрока 80 на голосовании.
Мафия 56 выбрала игрока 83 на голосовании.
Мафия 80 выбрала игрока 446 на голосовании.
Мафия 83 выбрала игрока 563 на голосовании.
Мафия 95 выбрала игрока 998 на голосовании.
Мафия 96 выбрала игрока 816 на голосовании.
Мафия 117 выбрала игрока 529 на голосовании.
Мафия 130 выбрала игрока 130 на голосовании.
Мафия 122 выбрала игрока 988 на голосовании.
Мафия 142 выбрала игрока 117 на голосовании.
Мафия 150 выбрала игрока 182 на голосовании.
Мафия 153 выбрала игрока 122 на голосовании.
Мафия 163 выбрала игрока 744 на голосовании.
Мафия 170 выбрала игрока 187 на голосовании.
Мафия 174 выбрала игрока 991 на голосовании.
Мафия 180 выбрала игрока 287 на голосовании.
Мафия 182 выбрала игрока 988 на голосовании.
Мафия 191 выбрала игрока 998 на голосовании.
Мафия 187 выбрала игрока 611 на голосовании.
Мафия 194 выбрала игрока 975 на голосовании.
Мафия 198 выбрала игрока 56 на голосовании.
Мафия 200 выбрала игрока 117 на голосовании.
Мирный 232 выбрал игрока 946 на голосовании.
Мирный 266 выбрал игрока 191 на голосовании.
Мирный 287 выбрал игрока 232 на голосовании.
Мирный 327 выбрал игрока 709 на голосовании.
Мирный 328 выбрал игрока 122 на голосовании.
Мирный 329 выбрал игрока 415 на голосовании.
Мирный 361 выбрал игрока 929 на голосовании.
Мирный 385 выбрал игрока 738 на голосовании.
Мирный 403 выбрал игрока 327 на голосовании.
Мирный 415 выбрал игрока 552 на голосовании.
Мирный 466 выбрал игрока 474 на голосовании.
Мирный 446 выбрал игрока 816 на голосовании.
Мирный 474 выбрал игрока 835 на голосовании.
Мирный 488 выбрал игрока 150 на голосовании.
Мирный 503 выбрал игрока 718 на голосовании.
Мирный 504 выбрал игрока 770 на голосовании.
Мирный 505 выбрал игрока 633 на голосовании.
Мирный 526 выбрал игрока 662 на голосовании.
Мирный 529 выбрал игрока 232 на голосовании.
Мирный 552 выбрал игрока 194 на голосовании.
Мирный 557 выбрал игрока 835 на голосовании.
Мирный 563 выбрал игрока 56 на голосовании.
Мирный 611 выбрал игрока 142 на голосовании.
Мирный 633 выбрал игрока 30 на голосовании.
Мирный 637 выбрал игрока 611 на голосовании.
Мирный 638 выбрал игрока 552 на голосовании.
Мирный 643 выбрал игрока 754 на голосовании.
Мирный 662 выбрал игрока 488 на голосовании.
Мирный 680 выбрал игрока 718 на голосовании.
Мирный 709 выбрал игрока 709 на голосовании.
Мирный 711 выбрал игрока 998 на голосовании.
Мирный 718 выбрал игрока 880 на голосовании.
Мирный 738 выбрал игрока 916 на голосовании.
Мирный 754 выбрал игрока 999 на голосовании.
Мирный 744 выбрал игрока 998 на голосовании.
Мирный 770 выбрал игрока 916 на голосовании.
Мирный 789 выбрал игрока 117 на голосовании.
Мирный 816 выбрал игрока 505 на голосовании.
Мирный 817 выбрал игрока 198 на голосовании.
Мирный 835 выбрал игрока 200 на голосовании.
Мирный 875 выбрал игрока 988 на голосовании.
Мирный 880 выбрал игрока 287 на голосовании.
Мирный 916 выбрал игрока 529 на голосовании.
Мирный 933 выбрал игрока 991 на голосовании.
Мирный 929 выбрал игрока 972 на голосовании.
Мирный 946 выбрал игрока 529 на голосовании.
Мирный 948 выбрал игрока 117 на голосовании.
Мирный 972 выбрал игрока 744 на голосовании.
Мирный 975 выбрал игрока 466 на голосовании.
Мирный 976 выбрал игрока 916 на голосовании.
Мирный 988 выбрал игрока 875 на голосовании.
Мирный 990 выбрал игрока 990 на голосовании.
Мирный 991 выбрал игрока 329 на голосовании.
Мирный 998 выбрал игрока 711 на голосовании.
Мирный 999 выбрал игрока 232 на голосовании.
Игрок 117 был убит после голосования.
