Начало раунда 3
Игрок 1: Дон мафии
Игрок 2: Мафия
Игрок 3: Мафия
Игрок 4: Комиссар
Игрок 5: Маньяк
Игрок 10: Мирный житель
Игрок 11: Мирный житель
Игрок 13: Мирный житель
Игрок 14: Мирный житель
Игрок 15: Мирный житель
Мафия 2 выбрала игрока 15 для убийства.
Мафия 1 выбрала игрока 10 для убийства.
Мафия 3 выбрала игрока 5 для убийства.
Комиссар проверил игрока 2 и обнаружил, что он мафия.
Маньяк 5 выбрала игрока 10 для убийства.
Дон мафии 1 выбрал игрока 5 на основе голосов мафии.
Бот 5 был убит мафией.
Бот 10 был убит маньяком.
Игрок 1: Дон мафии
Игрок 2: Мафия
Игрок 3: Мафия
Игрок 4: Комиссар
Игрок 11: Мирный житель
Игрок 13: Мирный житель
Игрок 14: Мирный житель
Игрок 15: Мирный житель
Мафия 1 выбрала игрока 2 на голосовании.
Мафия 2 выбрала игрока 13 на голосовании.
Мафия 3 выбрала игрока 11 на голосовании.
Комиссар 4 голосует за игрока 2 (обнаруженный мафия).
Мирный 11 выбрал игрока 4 на голосовании.
Мирный 13 выбрал игрока 3 на голосовании.
Мирный 14 выбрал игрока 11 на голосовании.
Мирный 15 выбрал игрока 15 на голосовании.
Бот 2 был убит после дневного голосования.
